
AVRASM ver. 2.1.30  D:\projectschool _c\paj87\Debug\List\paj87.asm Mon Dec 13 11:16:03 2021

D:\projectschool _c\paj87\Debug\List\paj87.asm(1086): warning: Register r5 already defined by the .DEF directive
D:\projectschool _c\paj87\Debug\List\paj87.asm(1087): warning: Register r4 already defined by the .DEF directive
D:\projectschool _c\paj87\Debug\List\paj87.asm(1088): warning: Register r7 already defined by the .DEF directive
D:\projectschool _c\paj87\Debug\List\paj87.asm(1089): warning: Register r6 already defined by the .DEF directive
                 
                 
                 ;CodeVisionAVR C Compiler V3.12 Advanced
                 ;(C) Copyright 1998-2014 Pavel Haiduc, HP InfoTech s.r.l.
                 ;http://www.hpinfotech.com
                 
                 ;Build configuration    : Debug
                 ;Chip type              : ATmega8A
                 ;Program type           : Application
                 ;Clock frequency        : 8/000000 MHz
                 ;Memory model           : Small
                 ;Optimize for           : Size
                 ;(s)printf features     : int, width
                 ;(s)scanf features      : int, width
                 ;External RAM size      : 0
                 ;Data Stack size        : 256 byte(s)
                 ;Heap size              : 0 byte(s)
                 ;Promote 'char' to 'int': Yes
                 ;'char' is unsigned     : Yes
                 ;8 bit enums            : Yes
                 ;Global 'const' stored in FLASH: Yes
                 ;Enhanced function parameter passing: Yes
                 ;Enhanced core instructions: On
                 ;Automatic register allocation for global variables: On
                 ;Smart register allocation: On
                 
                 	#define _MODEL_SMALL_
                 
                 	#pragma AVRPART ADMIN PART_NAME ATmega8A
                 	#pragma AVRPART MEMORY PROG_FLASH 8192
                 	#pragma AVRPART MEMORY EEPROM 512
                 	#pragma AVRPART MEMORY INT_SRAM SIZE 1024
                 	#pragma AVRPART MEMORY INT_SRAM START_ADDR 0x60
                 
                 	.LISTMAC
                 	.EQU UDRE=0x5
                 	.EQU RXC=0x7
                 	.EQU USR=0xB
                 	.EQU UDR=0xC
                 	.EQU SPSR=0xE
                 	.EQU SPDR=0xF
                 	.EQU EERE=0x0
                 	.EQU EEWE=0x1
                 	.EQU EEMWE=0x2
                 	.EQU EECR=0x1C
                 	.EQU EEDR=0x1D
                 	.EQU EEARL=0x1E
                 	.EQU EEARH=0x1F
                 	.EQU WDTCR=0x21
                 	.EQU MCUCR=0x35
                 	.EQU GICR=0x3B
                 	.EQU SPL=0x3D
                 	.EQU SPH=0x3E
                 	.EQU SREG=0x3F
                 
                 	.DEF R0X0=R0
                 	.DEF R0X1=R1
                 	.DEF R0X2=R2
                 	.DEF R0X3=R3
                 	.DEF R0X4=R4
                 	.DEF R0X5=R5
                 	.DEF R0X6=R6
                 	.DEF R0X7=R7
                 	.DEF R0X8=R8
                 	.DEF R0X9=R9
                 	.DEF R0XA=R10
                 	.DEF R0XB=R11
                 	.DEF R0XC=R12
                 	.DEF R0XD=R13
                 	.DEF R0XE=R14
                 	.DEF R0XF=R15
                 	.DEF R0X10=R16
                 	.DEF R0X11=R17
                 	.DEF R0X12=R18
                 	.DEF R0X13=R19
                 	.DEF R0X14=R20
                 	.DEF R0X15=R21
                 	.DEF R0X16=R22
                 	.DEF R0X17=R23
                 	.DEF R0X18=R24
                 	.DEF R0X19=R25
                 	.DEF R0X1A=R26
                 	.DEF R0X1B=R27
                 	.DEF R0X1C=R28
                 	.DEF R0X1D=R29
                 	.DEF R0X1E=R30
                 	.DEF R0X1F=R31
                 
                 	.EQU __SRAM_START=0x0060
                 	.EQU __SRAM_END=0x045F
                 	.EQU __DSTACK_SIZE=0x0100
                 	.EQU __HEAP_SIZE=0x0000
                 	.EQU __CLEAR_SRAM_SIZE=__SRAM_END-__SRAM_START+1
                 
                 	.MACRO __CPD1N
                 	CPI  R30,LOW(@0)
                 	LDI  R26,HIGH(@0)
                 	CPC  R31,R26
                 	LDI  R26,BYTE3(@0)
                 	CPC  R22,R26
                 	LDI  R26,BYTE4(@0)
                 	CPC  R23,R26
                 	.ENDM
                 
                 	.MACRO __CPD2N
                 	CPI  R26,LOW(@0)
                 	LDI  R30,HIGH(@0)
                 	CPC  R27,R30
                 	LDI  R30,BYTE3(@0)
                 	CPC  R24,R30
                 	LDI  R30,BYTE4(@0)
                 	CPC  R25,R30
                 	.ENDM
                 
                 	.MACRO __CPWRR
                 	CP   R@0,R@2
                 	CPC  R@1,R@3
                 	.ENDM
                 
                 	.MACRO __CPWRN
                 	CPI  R@0,LOW(@2)
                 	LDI  R30,HIGH(@2)
                 	CPC  R@1,R30
                 	.ENDM
                 
                 	.MACRO __ADDB1MN
                 	SUBI R30,LOW(-@0-(@1))
                 	.ENDM
                 
                 	.MACRO __ADDB2MN
                 	SUBI R26,LOW(-@0-(@1))
                 	.ENDM
                 
                 	.MACRO __ADDW1MN
                 	SUBI R30,LOW(-@0-(@1))
                 	SBCI R31,HIGH(-@0-(@1))
                 	.ENDM
                 
                 	.MACRO __ADDW2MN
                 	SUBI R26,LOW(-@0-(@1))
                 	SBCI R27,HIGH(-@0-(@1))
                 	.ENDM
                 
                 	.MACRO __ADDW1FN
                 	SUBI R30,LOW(-2*@0-(@1))
                 	SBCI R31,HIGH(-2*@0-(@1))
                 	.ENDM
                 
                 	.MACRO __ADDD1FN
                 	SUBI R30,LOW(-2*@0-(@1))
                 	SBCI R31,HIGH(-2*@0-(@1))
                 	SBCI R22,BYTE3(-2*@0-(@1))
                 	.ENDM
                 
                 	.MACRO __ADDD1N
                 	SUBI R30,LOW(-@0)
                 	SBCI R31,HIGH(-@0)
                 	SBCI R22,BYTE3(-@0)
                 	SBCI R23,BYTE4(-@0)
                 	.ENDM
                 
                 	.MACRO __ADDD2N
                 	SUBI R26,LOW(-@0)
                 	SBCI R27,HIGH(-@0)
                 	SBCI R24,BYTE3(-@0)
                 	SBCI R25,BYTE4(-@0)
                 	.ENDM
                 
                 	.MACRO __SUBD1N
                 	SUBI R30,LOW(@0)
                 	SBCI R31,HIGH(@0)
                 	SBCI R22,BYTE3(@0)
                 	SBCI R23,BYTE4(@0)
                 	.ENDM
                 
                 	.MACRO __SUBD2N
                 	SUBI R26,LOW(@0)
                 	SBCI R27,HIGH(@0)
                 	SBCI R24,BYTE3(@0)
                 	SBCI R25,BYTE4(@0)
                 	.ENDM
                 
                 	.MACRO __ANDBMNN
                 	LDS  R30,@0+(@1)
                 	ANDI R30,LOW(@2)
                 	STS  @0+(@1),R30
                 	.ENDM
                 
                 	.MACRO __ANDWMNN
                 	LDS  R30,@0+(@1)
                 	ANDI R30,LOW(@2)
                 	STS  @0+(@1),R30
                 	LDS  R30,@0+(@1)+1
                 	ANDI R30,HIGH(@2)
                 	STS  @0+(@1)+1,R30
                 	.ENDM
                 
                 	.MACRO __ANDD1N
                 	ANDI R30,LOW(@0)
                 	ANDI R31,HIGH(@0)
                 	ANDI R22,BYTE3(@0)
                 	ANDI R23,BYTE4(@0)
                 	.ENDM
                 
                 	.MACRO __ANDD2N
                 	ANDI R26,LOW(@0)
                 	ANDI R27,HIGH(@0)
                 	ANDI R24,BYTE3(@0)
                 	ANDI R25,BYTE4(@0)
                 	.ENDM
                 
                 	.MACRO __ORBMNN
                 	LDS  R30,@0+(@1)
                 	ORI  R30,LOW(@2)
                 	STS  @0+(@1),R30
                 	.ENDM
                 
                 	.MACRO __ORWMNN
                 	LDS  R30,@0+(@1)
                 	ORI  R30,LOW(@2)
                 	STS  @0+(@1),R30
                 	LDS  R30,@0+(@1)+1
                 	ORI  R30,HIGH(@2)
                 	STS  @0+(@1)+1,R30
                 	.ENDM
                 
                 	.MACRO __ORD1N
                 	ORI  R30,LOW(@0)
                 	ORI  R31,HIGH(@0)
                 	ORI  R22,BYTE3(@0)
                 	ORI  R23,BYTE4(@0)
                 	.ENDM
                 
                 	.MACRO __ORD2N
                 	ORI  R26,LOW(@0)
                 	ORI  R27,HIGH(@0)
                 	ORI  R24,BYTE3(@0)
                 	ORI  R25,BYTE4(@0)
                 	.ENDM
                 
                 	.MACRO __DELAY_USB
                 	LDI  R24,LOW(@0)
                 __DELAY_USB_LOOP:
                 	DEC  R24
                 	BRNE __DELAY_USB_LOOP
                 	.ENDM
                 
                 	.MACRO __DELAY_USW
                 	LDI  R24,LOW(@0)
                 	LDI  R25,HIGH(@0)
                 __DELAY_USW_LOOP:
                 	SBIW R24,1
                 	BRNE __DELAY_USW_LOOP
                 	.ENDM
                 
                 	.MACRO __GETD1S
                 	LDD  R30,Y+@0
                 	LDD  R31,Y+@0+1
                 	LDD  R22,Y+@0+2
                 	LDD  R23,Y+@0+3
                 	.ENDM
                 
                 	.MACRO __GETD2S
                 	LDD  R26,Y+@0
                 	LDD  R27,Y+@0+1
                 	LDD  R24,Y+@0+2
                 	LDD  R25,Y+@0+3
                 	.ENDM
                 
                 	.MACRO __PUTD1S
                 	STD  Y+@0,R30
                 	STD  Y+@0+1,R31
                 	STD  Y+@0+2,R22
                 	STD  Y+@0+3,R23
                 	.ENDM
                 
                 	.MACRO __PUTD2S
                 	STD  Y+@0,R26
                 	STD  Y+@0+1,R27
                 	STD  Y+@0+2,R24
                 	STD  Y+@0+3,R25
                 	.ENDM
                 
                 	.MACRO __PUTDZ2
                 	STD  Z+@0,R26
                 	STD  Z+@0+1,R27
                 	STD  Z+@0+2,R24
                 	STD  Z+@0+3,R25
                 	.ENDM
                 
                 	.MACRO __CLRD1S
                 	STD  Y+@0,R30
                 	STD  Y+@0+1,R30
                 	STD  Y+@0+2,R30
                 	STD  Y+@0+3,R30
                 	.ENDM
                 
                 	.MACRO __POINTB1MN
                 	LDI  R30,LOW(@0+(@1))
                 	.ENDM
                 
                 	.MACRO __POINTW1MN
                 	LDI  R30,LOW(@0+(@1))
                 	LDI  R31,HIGH(@0+(@1))
                 	.ENDM
                 
                 	.MACRO __POINTD1M
                 	LDI  R30,LOW(@0)
                 	LDI  R31,HIGH(@0)
                 	LDI  R22,BYTE3(@0)
                 	LDI  R23,BYTE4(@0)
                 	.ENDM
                 
                 	.MACRO __POINTW1FN
                 	LDI  R30,LOW(2*@0+(@1))
                 	LDI  R31,HIGH(2*@0+(@1))
                 	.ENDM
                 
                 	.MACRO __POINTD1FN
                 	LDI  R30,LOW(2*@0+(@1))
                 	LDI  R31,HIGH(2*@0+(@1))
                 	LDI  R22,BYTE3(2*@0+(@1))
                 	LDI  R23,BYTE4(2*@0+(@1))
                 	.ENDM
                 
                 	.MACRO __POINTB2MN
                 	LDI  R26,LOW(@0+(@1))
                 	.ENDM
                 
                 	.MACRO __POINTW2MN
                 	LDI  R26,LOW(@0+(@1))
                 	LDI  R27,HIGH(@0+(@1))
                 	.ENDM
                 
                 	.MACRO __POINTW2FN
                 	LDI  R26,LOW(2*@0+(@1))
                 	LDI  R27,HIGH(2*@0+(@1))
                 	.ENDM
                 
                 	.MACRO __POINTD2FN
                 	LDI  R26,LOW(2*@0+(@1))
                 	LDI  R27,HIGH(2*@0+(@1))
                 	LDI  R24,BYTE3(2*@0+(@1))
                 	LDI  R25,BYTE4(2*@0+(@1))
                 	.ENDM
                 
                 	.MACRO __POINTBRM
                 	LDI  R@0,LOW(@1)
                 	.ENDM
                 
                 	.MACRO __POINTWRM
                 	LDI  R@0,LOW(@2)
                 	LDI  R@1,HIGH(@2)
                 	.ENDM
                 
                 	.MACRO __POINTBRMN
                 	LDI  R@0,LOW(@1+(@2))
                 	.ENDM
                 
                 	.MACRO __POINTWRMN
                 	LDI  R@0,LOW(@2+(@3))
                 	LDI  R@1,HIGH(@2+(@3))
                 	.ENDM
                 
                 	.MACRO __POINTWRFN
                 	LDI  R@0,LOW(@2*2+(@3))
                 	LDI  R@1,HIGH(@2*2+(@3))
                 	.ENDM
                 
                 	.MACRO __GETD1N
                 	LDI  R30,LOW(@0)
                 	LDI  R31,HIGH(@0)
                 	LDI  R22,BYTE3(@0)
                 	LDI  R23,BYTE4(@0)
                 	.ENDM
                 
                 	.MACRO __GETD2N
                 	LDI  R26,LOW(@0)
                 	LDI  R27,HIGH(@0)
                 	LDI  R24,BYTE3(@0)
                 	LDI  R25,BYTE4(@0)
                 	.ENDM
                 
                 	.MACRO __GETB1MN
                 	LDS  R30,@0+(@1)
                 	.ENDM
                 
                 	.MACRO __GETB1HMN
                 	LDS  R31,@0+(@1)
                 	.ENDM
                 
                 	.MACRO __GETW1MN
                 	LDS  R30,@0+(@1)
                 	LDS  R31,@0+(@1)+1
                 	.ENDM
                 
                 	.MACRO __GETD1MN
                 	LDS  R30,@0+(@1)
                 	LDS  R31,@0+(@1)+1
                 	LDS  R22,@0+(@1)+2
                 	LDS  R23,@0+(@1)+3
                 	.ENDM
                 
                 	.MACRO __GETBRMN
                 	LDS  R@0,@1+(@2)
                 	.ENDM
                 
                 	.MACRO __GETWRMN
                 	LDS  R@0,@2+(@3)
                 	LDS  R@1,@2+(@3)+1
                 	.ENDM
                 
                 	.MACRO __GETWRZ
                 	LDD  R@0,Z+@2
                 	LDD  R@1,Z+@2+1
                 	.ENDM
                 
                 	.MACRO __GETD2Z
                 	LDD  R26,Z+@0
                 	LDD  R27,Z+@0+1
                 	LDD  R24,Z+@0+2
                 	LDD  R25,Z+@0+3
                 	.ENDM
                 
                 	.MACRO __GETB2MN
                 	LDS  R26,@0+(@1)
                 	.ENDM
                 
                 	.MACRO __GETW2MN
                 	LDS  R26,@0+(@1)
                 	LDS  R27,@0+(@1)+1
                 	.ENDM
                 
                 	.MACRO __GETD2MN
                 	LDS  R26,@0+(@1)
                 	LDS  R27,@0+(@1)+1
                 	LDS  R24,@0+(@1)+2
                 	LDS  R25,@0+(@1)+3
                 	.ENDM
                 
                 	.MACRO __PUTB1MN
                 	STS  @0+(@1),R30
                 	.ENDM
                 
                 	.MACRO __PUTW1MN
                 	STS  @0+(@1),R30
                 	STS  @0+(@1)+1,R31
                 	.ENDM
                 
                 	.MACRO __PUTD1MN
                 	STS  @0+(@1),R30
                 	STS  @0+(@1)+1,R31
                 	STS  @0+(@1)+2,R22
                 	STS  @0+(@1)+3,R23
                 	.ENDM
                 
                 	.MACRO __PUTB1EN
                 	LDI  R26,LOW(@0+(@1))
                 	LDI  R27,HIGH(@0+(@1))
                 	RCALL __EEPROMWRB
                 	.ENDM
                 
                 	.MACRO __PUTW1EN
                 	LDI  R26,LOW(@0+(@1))
                 	LDI  R27,HIGH(@0+(@1))
                 	RCALL __EEPROMWRW
                 	.ENDM
                 
                 	.MACRO __PUTD1EN
                 	LDI  R26,LOW(@0+(@1))
                 	LDI  R27,HIGH(@0+(@1))
                 	RCALL __EEPROMWRD
                 	.ENDM
                 
                 	.MACRO __PUTBR0MN
                 	STS  @0+(@1),R0
                 	.ENDM
                 
                 	.MACRO __PUTBMRN
                 	STS  @0+(@1),R@2
                 	.ENDM
                 
                 	.MACRO __PUTWMRN
                 	STS  @0+(@1),R@2
                 	STS  @0+(@1)+1,R@3
                 	.ENDM
                 
                 	.MACRO __PUTBZR
                 	STD  Z+@1,R@0
                 	.ENDM
                 
                 	.MACRO __PUTWZR
                 	STD  Z+@2,R@0
                 	STD  Z+@2+1,R@1
                 	.ENDM
                 
                 	.MACRO __GETW1R
                 	MOV  R30,R@0
                 	MOV  R31,R@1
                 	.ENDM
                 
                 	.MACRO __GETW2R
                 	MOV  R26,R@0
                 	MOV  R27,R@1
                 	.ENDM
                 
                 	.MACRO __GETWRN
                 	LDI  R@0,LOW(@2)
                 	LDI  R@1,HIGH(@2)
                 	.ENDM
                 
                 	.MACRO __PUTW1R
                 	MOV  R@0,R30
                 	MOV  R@1,R31
                 	.ENDM
                 
                 	.MACRO __PUTW2R
                 	MOV  R@0,R26
                 	MOV  R@1,R27
                 	.ENDM
                 
                 	.MACRO __ADDWRN
                 	SUBI R@0,LOW(-@2)
                 	SBCI R@1,HIGH(-@2)
                 	.ENDM
                 
                 	.MACRO __ADDWRR
                 	ADD  R@0,R@2
                 	ADC  R@1,R@3
                 	.ENDM
                 
                 	.MACRO __SUBWRN
                 	SUBI R@0,LOW(@2)
                 	SBCI R@1,HIGH(@2)
                 	.ENDM
                 
                 	.MACRO __SUBWRR
                 	SUB  R@0,R@2
                 	SBC  R@1,R@3
                 	.ENDM
                 
                 	.MACRO __ANDWRN
                 	ANDI R@0,LOW(@2)
                 	ANDI R@1,HIGH(@2)
                 	.ENDM
                 
                 	.MACRO __ANDWRR
                 	AND  R@0,R@2
                 	AND  R@1,R@3
                 	.ENDM
                 
                 	.MACRO __ORWRN
                 	ORI  R@0,LOW(@2)
                 	ORI  R@1,HIGH(@2)
                 	.ENDM
                 
                 	.MACRO __ORWRR
                 	OR   R@0,R@2
                 	OR   R@1,R@3
                 	.ENDM
                 
                 	.MACRO __EORWRR
                 	EOR  R@0,R@2
                 	EOR  R@1,R@3
                 	.ENDM
                 
                 	.MACRO __GETWRS
                 	LDD  R@0,Y+@2
                 	LDD  R@1,Y+@2+1
                 	.ENDM
                 
                 	.MACRO __PUTBSR
                 	STD  Y+@1,R@0
                 	.ENDM
                 
                 	.MACRO __PUTWSR
                 	STD  Y+@2,R@0
                 	STD  Y+@2+1,R@1
                 	.ENDM
                 
                 	.MACRO __MOVEWRR
                 	MOV  R@0,R@2
                 	MOV  R@1,R@3
                 	.ENDM
                 
                 	.MACRO __INWR
                 	IN   R@0,@2
                 	IN   R@1,@2+1
                 	.ENDM
                 
                 	.MACRO __OUTWR
                 	OUT  @2+1,R@1
                 	OUT  @2,R@0
                 	.ENDM
                 
                 	.MACRO __CALL1MN
                 	LDS  R30,@0+(@1)
                 	LDS  R31,@0+(@1)+1
                 	ICALL
                 	.ENDM
                 
                 	.MACRO __CALL1FN
                 	LDI  R30,LOW(2*@0+(@1))
                 	LDI  R31,HIGH(2*@0+(@1))
                 	RCALL __GETW1PF
                 	ICALL
                 	.ENDM
                 
                 	.MACRO __CALL2EN
                 	PUSH R26
                 	PUSH R27
                 	LDI  R26,LOW(@0+(@1))
                 	LDI  R27,HIGH(@0+(@1))
                 	RCALL __EEPROMRDW
                 	POP  R27
                 	POP  R26
                 	ICALL
                 	.ENDM
                 
                 	.MACRO __CALL2EX
                 	SUBI R26,LOW(-@0)
                 	SBCI R27,HIGH(-@0)
                 	RCALL __EEPROMRDD
                 	ICALL
                 	.ENDM
                 
                 	.MACRO __GETW1STACK
                 	IN   R30,SPL
                 	IN   R31,SPH
                 	ADIW R30,@0+1
                 	LD   R0,Z+
                 	LD   R31,Z
                 	MOV  R30,R0
                 	.ENDM
                 
                 	.MACRO __GETD1STACK
                 	IN   R30,SPL
                 	IN   R31,SPH
                 	ADIW R30,@0+1
                 	LD   R0,Z+
                 	LD   R1,Z+
                 	LD   R22,Z
                 	MOVW R30,R0
                 	.ENDM
                 
                 	.MACRO __NBST
                 	BST  R@0,@1
                 	IN   R30,SREG
                 	LDI  R31,0x40
                 	EOR  R30,R31
                 	OUT  SREG,R30
                 	.ENDM
                 
                 
                 	.MACRO __PUTB1SN
                 	LDD  R26,Y+@0
                 	LDD  R27,Y+@0+1
                 	SUBI R26,LOW(-@1)
                 	SBCI R27,HIGH(-@1)
                 	ST   X,R30
                 	.ENDM
                 
                 	.MACRO __PUTW1SN
                 	LDD  R26,Y+@0
                 	LDD  R27,Y+@0+1
                 	SUBI R26,LOW(-@1)
                 	SBCI R27,HIGH(-@1)
                 	ST   X+,R30
                 	ST   X,R31
                 	.ENDM
                 
                 	.MACRO __PUTD1SN
                 	LDD  R26,Y+@0
                 	LDD  R27,Y+@0+1
                 	SUBI R26,LOW(-@1)
                 	SBCI R27,HIGH(-@1)
                 	RCALL __PUTDP1
                 	.ENDM
                 
                 	.MACRO __PUTB1SNS
                 	LDD  R26,Y+@0
                 	LDD  R27,Y+@0+1
                 	ADIW R26,@1
                 	ST   X,R30
                 	.ENDM
                 
                 	.MACRO __PUTW1SNS
                 	LDD  R26,Y+@0
                 	LDD  R27,Y+@0+1
                 	ADIW R26,@1
                 	ST   X+,R30
                 	ST   X,R31
                 	.ENDM
                 
                 	.MACRO __PUTD1SNS
                 	LDD  R26,Y+@0
                 	LDD  R27,Y+@0+1
                 	ADIW R26,@1
                 	RCALL __PUTDP1
                 	.ENDM
                 
                 	.MACRO __PUTB1PMN
                 	LDS  R26,@0
                 	LDS  R27,@0+1
                 	SUBI R26,LOW(-@1)
                 	SBCI R27,HIGH(-@1)
                 	ST   X,R30
                 	.ENDM
                 
                 	.MACRO __PUTW1PMN
                 	LDS  R26,@0
                 	LDS  R27,@0+1
                 	SUBI R26,LOW(-@1)
                 	SBCI R27,HIGH(-@1)
                 	ST   X+,R30
                 	ST   X,R31
                 	.ENDM
                 
                 	.MACRO __PUTD1PMN
                 	LDS  R26,@0
                 	LDS  R27,@0+1
                 	SUBI R26,LOW(-@1)
                 	SBCI R27,HIGH(-@1)
                 	RCALL __PUTDP1
                 	.ENDM
                 
                 	.MACRO __PUTB1PMNS
                 	LDS  R26,@0
                 	LDS  R27,@0+1
                 	ADIW R26,@1
                 	ST   X,R30
                 	.ENDM
                 
                 	.MACRO __PUTW1PMNS
                 	LDS  R26,@0
                 	LDS  R27,@0+1
                 	ADIW R26,@1
                 	ST   X+,R30
                 	ST   X,R31
                 	.ENDM
                 
                 	.MACRO __PUTD1PMNS
                 	LDS  R26,@0
                 	LDS  R27,@0+1
                 	ADIW R26,@1
                 	RCALL __PUTDP1
                 	.ENDM
                 
                 	.MACRO __PUTB1RN
                 	MOVW R26,R@0
                 	SUBI R26,LOW(-@1)
                 	SBCI R27,HIGH(-@1)
                 	ST   X,R30
                 	.ENDM
                 
                 	.MACRO __PUTW1RN
                 	MOVW R26,R@0
                 	SUBI R26,LOW(-@1)
                 	SBCI R27,HIGH(-@1)
                 	ST   X+,R30
                 	ST   X,R31
                 	.ENDM
                 
                 	.MACRO __PUTD1RN
                 	MOVW R26,R@0
                 	SUBI R26,LOW(-@1)
                 	SBCI R27,HIGH(-@1)
                 	RCALL __PUTDP1
                 	.ENDM
                 
                 	.MACRO __PUTB1RNS
                 	MOVW R26,R@0
                 	ADIW R26,@1
                 	ST   X,R30
                 	.ENDM
                 
                 	.MACRO __PUTW1RNS
                 	MOVW R26,R@0
                 	ADIW R26,@1
                 	ST   X+,R30
                 	ST   X,R31
                 	.ENDM
                 
                 	.MACRO __PUTD1RNS
                 	MOVW R26,R@0
                 	ADIW R26,@1
                 	RCALL __PUTDP1
                 	.ENDM
                 
                 	.MACRO __PUTB1RON
                 	MOV  R26,R@0
                 	MOV  R27,R@1
                 	SUBI R26,LOW(-@2)
                 	SBCI R27,HIGH(-@2)
                 	ST   X,R30
                 	.ENDM
                 
                 	.MACRO __PUTW1RON
                 	MOV  R26,R@0
                 	MOV  R27,R@1
                 	SUBI R26,LOW(-@2)
                 	SBCI R27,HIGH(-@2)
                 	ST   X+,R30
                 	ST   X,R31
                 	.ENDM
                 
                 	.MACRO __PUTD1RON
                 	MOV  R26,R@0
                 	MOV  R27,R@1
                 	SUBI R26,LOW(-@2)
                 	SBCI R27,HIGH(-@2)
                 	RCALL __PUTDP1
                 	.ENDM
                 
                 	.MACRO __PUTB1RONS
                 	MOV  R26,R@0
                 	MOV  R27,R@1
                 	ADIW R26,@2
                 	ST   X,R30
                 	.ENDM
                 
                 	.MACRO __PUTW1RONS
                 	MOV  R26,R@0
                 	MOV  R27,R@1
                 	ADIW R26,@2
                 	ST   X+,R30
                 	ST   X,R31
                 	.ENDM
                 
                 	.MACRO __PUTD1RONS
                 	MOV  R26,R@0
                 	MOV  R27,R@1
                 	ADIW R26,@2
                 	RCALL __PUTDP1
                 	.ENDM
                 
                 
                 	.MACRO __GETB1SX
                 	MOVW R30,R28
                 	SUBI R30,LOW(-@0)
                 	SBCI R31,HIGH(-@0)
                 	LD   R30,Z
                 	.ENDM
                 
                 	.MACRO __GETB1HSX
                 	MOVW R30,R28
                 	SUBI R30,LOW(-@0)
                 	SBCI R31,HIGH(-@0)
                 	LD   R31,Z
                 	.ENDM
                 
                 	.MACRO __GETW1SX
                 	MOVW R30,R28
                 	SUBI R30,LOW(-@0)
                 	SBCI R31,HIGH(-@0)
                 	LD   R0,Z+
                 	LD   R31,Z
                 	MOV  R30,R0
                 	.ENDM
                 
                 	.MACRO __GETD1SX
                 	MOVW R30,R28
                 	SUBI R30,LOW(-@0)
                 	SBCI R31,HIGH(-@0)
                 	LD   R0,Z+
                 	LD   R1,Z+
                 	LD   R22,Z+
                 	LD   R23,Z
                 	MOVW R30,R0
                 	.ENDM
                 
                 	.MACRO __GETB2SX
                 	MOVW R26,R28
                 	SUBI R26,LOW(-@0)
                 	SBCI R27,HIGH(-@0)
                 	LD   R26,X
                 	.ENDM
                 
                 	.MACRO __GETW2SX
                 	MOVW R26,R28
                 	SUBI R26,LOW(-@0)
                 	SBCI R27,HIGH(-@0)
                 	LD   R0,X+
                 	LD   R27,X
                 	MOV  R26,R0
                 	.ENDM
                 
                 	.MACRO __GETD2SX
                 	MOVW R26,R28
                 	SUBI R26,LOW(-@0)
                 	SBCI R27,HIGH(-@0)
                 	LD   R0,X+
                 	LD   R1,X+
                 	LD   R24,X+
                 	LD   R25,X
                 	MOVW R26,R0
                 	.ENDM
                 
                 	.MACRO __GETBRSX
                 	MOVW R30,R28
                 	SUBI R30,LOW(-@1)
                 	SBCI R31,HIGH(-@1)
                 	LD   R@0,Z
                 	.ENDM
                 
                 	.MACRO __GETWRSX
                 	MOVW R30,R28
                 	SUBI R30,LOW(-@2)
                 	SBCI R31,HIGH(-@2)
                 	LD   R@0,Z+
                 	LD   R@1,Z
                 	.ENDM
                 
                 	.MACRO __GETBRSX2
                 	MOVW R26,R28
                 	SUBI R26,LOW(-@1)
                 	SBCI R27,HIGH(-@1)
                 	LD   R@0,X
                 	.ENDM
                 
                 	.MACRO __GETWRSX2
                 	MOVW R26,R28
                 	SUBI R26,LOW(-@2)
                 	SBCI R27,HIGH(-@2)
                 	LD   R@0,X+
                 	LD   R@1,X
                 	.ENDM
                 
                 	.MACRO __LSLW8SX
                 	MOVW R30,R28
                 	SUBI R30,LOW(-@0)
                 	SBCI R31,HIGH(-@0)
                 	LD   R31,Z
                 	CLR  R30
                 	.ENDM
                 
                 	.MACRO __PUTB1SX
                 	MOVW R26,R28
                 	SUBI R26,LOW(-@0)
                 	SBCI R27,HIGH(-@0)
                 	ST   X,R30
                 	.ENDM
                 
                 	.MACRO __PUTW1SX
                 	MOVW R26,R28
                 	SUBI R26,LOW(-@0)
                 	SBCI R27,HIGH(-@0)
                 	ST   X+,R30
                 	ST   X,R31
                 	.ENDM
                 
                 	.MACRO __PUTD1SX
                 	MOVW R26,R28
                 	SUBI R26,LOW(-@0)
                 	SBCI R27,HIGH(-@0)
                 	ST   X+,R30
                 	ST   X+,R31
                 	ST   X+,R22
                 	ST   X,R23
                 	.ENDM
                 
                 	.MACRO __CLRW1SX
                 	MOVW R26,R28
                 	SUBI R26,LOW(-@0)
                 	SBCI R27,HIGH(-@0)
                 	ST   X+,R30
                 	ST   X,R30
                 	.ENDM
                 
                 	.MACRO __CLRD1SX
                 	MOVW R26,R28
                 	SUBI R26,LOW(-@0)
                 	SBCI R27,HIGH(-@0)
                 	ST   X+,R30
                 	ST   X+,R30
                 	ST   X+,R30
                 	ST   X,R30
                 	.ENDM
                 
                 	.MACRO __PUTB2SX
                 	MOVW R30,R28
                 	SUBI R30,LOW(-@0)
                 	SBCI R31,HIGH(-@0)
                 	ST   Z,R26
                 	.ENDM
                 
                 	.MACRO __PUTW2SX
                 	MOVW R30,R28
                 	SUBI R30,LOW(-@0)
                 	SBCI R31,HIGH(-@0)
                 	ST   Z+,R26
                 	ST   Z,R27
                 	.ENDM
                 
                 	.MACRO __PUTD2SX
                 	MOVW R30,R28
                 	SUBI R30,LOW(-@0)
                 	SBCI R31,HIGH(-@0)
                 	ST   Z+,R26
                 	ST   Z+,R27
                 	ST   Z+,R24
                 	ST   Z,R25
                 	.ENDM
                 
                 	.MACRO __PUTBSRX
                 	MOVW R30,R28
                 	SUBI R30,LOW(-@1)
                 	SBCI R31,HIGH(-@1)
                 	ST   Z,R@0
                 	.ENDM
                 
                 	.MACRO __PUTWSRX
                 	MOVW R30,R28
                 	SUBI R30,LOW(-@2)
                 	SBCI R31,HIGH(-@2)
                 	ST   Z+,R@0
                 	ST   Z,R@1
                 	.ENDM
                 
                 	.MACRO __PUTB1SNX
                 	MOVW R26,R28
                 	SUBI R26,LOW(-@0)
                 	SBCI R27,HIGH(-@0)
                 	LD   R0,X+
                 	LD   R27,X
                 	MOV  R26,R0
                 	SUBI R26,LOW(-@1)
                 	SBCI R27,HIGH(-@1)
                 	ST   X,R30
                 	.ENDM
                 
                 	.MACRO __PUTW1SNX
                 	MOVW R26,R28
                 	SUBI R26,LOW(-@0)
                 	SBCI R27,HIGH(-@0)
                 	LD   R0,X+
                 	LD   R27,X
                 	MOV  R26,R0
                 	SUBI R26,LOW(-@1)
                 	SBCI R27,HIGH(-@1)
                 	ST   X+,R30
                 	ST   X,R31
                 	.ENDM
                 
                 	.MACRO __PUTD1SNX
                 	MOVW R26,R28
                 	SUBI R26,LOW(-@0)
                 	SBCI R27,HIGH(-@0)
                 	LD   R0,X+
                 	LD   R27,X
                 	MOV  R26,R0
                 	SUBI R26,LOW(-@1)
                 	SBCI R27,HIGH(-@1)
                 	ST   X+,R30
                 	ST   X+,R31
                 	ST   X+,R22
                 	ST   X,R23
                 	.ENDM
                 
                 	.MACRO __MULBRR
                 	MULS R@0,R@1
                 	MOVW R30,R0
                 	.ENDM
                 
                 	.MACRO __MULBRRU
                 	MUL  R@0,R@1
                 	MOVW R30,R0
                 	.ENDM
                 
                 	.MACRO __MULBRR0
                 	MULS R@0,R@1
                 	.ENDM
                 
                 	.MACRO __MULBRRU0
                 	MUL  R@0,R@1
                 	.ENDM
                 
                 	.MACRO __MULBNWRU
                 	LDI  R26,@2
                 	MUL  R26,R@0
                 	MOVW R30,R0
                 	MUL  R26,R@1
                 	ADD  R31,R0
                 	.ENDM
                 
                 ;NAME DEFINITIONS FOR GLOBAL VARIABLES ALLOCATED TO REGISTERS
                 	.DEF _key=R5
                 	.DEF __lcd_x=R4
                 	.DEF __lcd_y=R7
                 	.DEF __lcd_maxx=R6
                 
                 	.CSEG
                 	.ORG 0x00
                 
                 ;START OF CODE MARKER
                 __START_OF_CODE:
                 
                 ;INTERRUPT VECTORS
000000 c022      	RJMP __RESET
000001 cffe      	RJMP 0x00
000002 cffd      	RJMP 0x00
000003 cffc      	RJMP 0x00
000004 cffb      	RJMP 0x00
000005 cffa      	RJMP 0x00
000006 cff9      	RJMP 0x00
000007 cff8      	RJMP 0x00
000008 cff7      	RJMP 0x00
000009 cff6      	RJMP 0x00
00000a cff5      	RJMP 0x00
00000b cff4      	RJMP 0x00
00000c cff3      	RJMP 0x00
00000d cff2      	RJMP 0x00
00000e cff1      	RJMP 0x00
00000f cff0      	RJMP 0x00
000010 cfef      	RJMP 0x00
000011 cfee      	RJMP 0x00
000012 cfed      	RJMP 0x00
                 
                 _tbl10_G100:
000013 2710
000014 03e8
000015 0064
000016 000a      	.DB  0x10,0x27,0xE8,0x3,0x64,0x0,0xA,0x0
000017 0001      	.DB  0x1,0x0
                 _tbl16_G100:
000018 1000
000019 0100
00001a 0010
00001b 0001      	.DB  0x0,0x10,0x0,0x1,0x10,0x0,0x1,0x0
                 
                 _0x0:
00001c 6425
D:\projectschool _c\paj87\Debug\List\paj87.asm(1125): warning: .cseg .db misalignment - padding zero byte
00001d 0000      	.DB  0x25,0x64,0x0
                 _0x2020003:
00001e c080      	.DB  0x80,0xC0
                 
                 __GLOBAL_INI_TBL:
00001f 0002      	.DW  0x02
000020 0164      	.DW  __base_y_G101
000021 003c      	.DW  _0x2020003*2
                 
                 _0xFFFFFFFF:
000022 0000      	.DW  0
                 
                 #define __GLOBAL_INI_TBL_PRESENT 1
                 
                 __RESET:
000023 94f8      	CLI
000024 27ee      	CLR  R30
000025 bbec      	OUT  EECR,R30
                 
                 ;INTERRUPT VECTORS ARE PLACED
                 ;AT THE START OF FLASH
000026 e0f1      	LDI  R31,1
000027 bffb      	OUT  GICR,R31
000028 bfeb      	OUT  GICR,R30
000029 bfe5      	OUT  MCUCR,R30
                 
                 ;CLEAR R2-R14
00002a e08d      	LDI  R24,(14-2)+1
00002b e0a2      	LDI  R26,2
00002c 27bb      	CLR  R27
                 __CLEAR_REG:
00002d 93ed      	ST   X+,R30
00002e 958a      	DEC  R24
00002f f7e9      	BRNE __CLEAR_REG
                 
                 ;CLEAR SRAM
000030 e080      	LDI  R24,LOW(__CLEAR_SRAM_SIZE)
000031 e094      	LDI  R25,HIGH(__CLEAR_SRAM_SIZE)
000032 e6a0      	LDI  R26,__SRAM_START
                 __CLEAR_SRAM:
000033 93ed      	ST   X+,R30
000034 9701      	SBIW R24,1
000035 f7e9      	BRNE __CLEAR_SRAM
                 
                 ;GLOBAL VARIABLES INITIALIZATION
000036 e3ee      	LDI  R30,LOW(__GLOBAL_INI_TBL*2)
000037 e0f0      	LDI  R31,HIGH(__GLOBAL_INI_TBL*2)
                 __GLOBAL_INI_NEXT:
000038 9185      	LPM  R24,Z+
000039 9195      	LPM  R25,Z+
00003a 9700      	SBIW R24,0
00003b f061      	BREQ __GLOBAL_INI_END
00003c 91a5      	LPM  R26,Z+
00003d 91b5      	LPM  R27,Z+
00003e 9005      	LPM  R0,Z+
00003f 9015      	LPM  R1,Z+
000040 01bf      	MOVW R22,R30
000041 01f0      	MOVW R30,R0
                 __GLOBAL_INI_LOOP:
000042 9005      	LPM  R0,Z+
000043 920d      	ST   X+,R0
000044 9701      	SBIW R24,1
000045 f7e1      	BRNE __GLOBAL_INI_LOOP
000046 01fb      	MOVW R30,R22
000047 cff0      	RJMP __GLOBAL_INI_NEXT
                 __GLOBAL_INI_END:
                 
                 ;HARDWARE STACK POINTER INITIALIZATION
000048 e5ef      	LDI  R30,LOW(__SRAM_END-__HEAP_SIZE)
000049 bfed      	OUT  SPL,R30
00004a e0e4      	LDI  R30,HIGH(__SRAM_END-__HEAP_SIZE)
00004b bfee      	OUT  SPH,R30
                 
                 ;DATA STACK POINTER INITIALIZATION
00004c e6c0      	LDI  R28,LOW(__SRAM_START+__DSTACK_SIZE)
00004d e0d1      	LDI  R29,HIGH(__SRAM_START+__DSTACK_SIZE)
                 
00004e c000      	RJMP _main
                 
                 	.ESEG
                 	.ORG 0
                 
                 	.DSEG
                 	.ORG 0x160
                 
                 	.CSEG
                 ;/*******************************************************
                 ;This program was created by the
                 ;CodeWizardAVR V3.12 Advanced
                 ;Automatic Program Generator
                 ;© Copyright 1998-2014 Pavel Haiduc, HP InfoTech s.r.l.
                 ;http://www.hpinfotech.com
                 ;
                 ;Project :
                 ;Version :
                 ;Date    : 13/12/2021
                 ;Author  :
                 ;Company :
                 ;Comments:
                 ;
                 ;
                 ;Chip type               : ATmega8A
                 ;Program type            : Application
                 ;AVR Core Clock frequency: 8/000000 MHz
                 ;Memory model            : Small
                 ;External RAM size       : 0
                 ;Data Stack size         : 256
                 ;*******************************************************/
                 ;
                 ;#include <mega8.h>
                 	#ifndef __SLEEP_DEFINED__
                 	#define __SLEEP_DEFINED__
                 	.EQU __se_bit=0x80
                 	.EQU __sm_mask=0x70
                 	.EQU __sm_powerdown=0x20
                 	.EQU __sm_powersave=0x30
                 	.EQU __sm_standby=0x60
                 	.EQU __sm_ext_standby=0x70
                 	.EQU __sm_adc_noise_red=0x10
                 	.SET power_ctrl_reg=mcucr
                 	#endif
                 ;#include <delay.h>
                 ;#include <stdio.h>
                 ;#include <alcd.h>
                 ;#define R1 PORTD.0
                 ;#define R2 PORTD.1
                 ;#define R3 PORTD.2
                 ;#define R4 PORTD.3
                 ;#define C1 PIND.4
                 ;#define C2 PIND.5
                 ;#define C3 PIND.6
                 ;#define C4 PIND.7
                 ;unsigned char kb(void);
                 ;unsigned char  key;
                 ;char s[4];
                 ;void main(void)
                 ; 0000 0028 {
                 
                 	.CSEG
                 _main:
                 ; .FSTART _main
                 ; 0000 0029 DDRD=0x0f;
00004f e0ef      	LDI  R30,LOW(15)
000050 bbe1      	OUT  0x11,R30
                 ; 0000 002A // Declare your local variables here
                 ; 0000 002B 
                 ; 0000 002C // Input/Output Ports initialization
                 ; 0000 002D // Port B initialization
                 ; 0000 002E // Function: Bit7=In Bit6=In Bit5=In Bit4=In Bit3=In Bit2=In Bit1=In Bit0=In
                 ; 0000 002F DDRB=(0<<DDB7) | (0<<DDB6) | (0<<DDB5) | (0<<DDB4) | (0<<DDB3) | (0<<DDB2) | (0<<DDB1) | (0<<DDB0);
000051 e0e0      	LDI  R30,LOW(0)
000052 bbe7      	OUT  0x17,R30
                 ; 0000 0030 // State: Bit7=T Bit6=T Bit5=T Bit4=T Bit3=T Bit2=T Bit1=T Bit0=T
                 ; 0000 0031 PORTB=(0<<PORTB7) | (0<<PORTB6) | (0<<PORTB5) | (0<<PORTB4) | (0<<PORTB3) | (0<<PORTB2) | (0<<PORTB1) | (0<<PORTB0);
000053 bbe8      	OUT  0x18,R30
                 ; 0000 0032 
                 ; 0000 0033 // Port C initialization
                 ; 0000 0034 // Function: Bit6=In Bit5=In Bit4=In Bit3=In Bit2=In Bit1=In Bit0=In
                 ; 0000 0035 DDRC=(0<<DDC6) | (0<<DDC5) | (0<<DDC4) | (0<<DDC3) | (0<<DDC2) | (0<<DDC1) | (0<<DDC0);
000054 bbe4      	OUT  0x14,R30
                 ; 0000 0036 // State: Bit6=T Bit5=T Bit4=T Bit3=T Bit2=T Bit1=T Bit0=T
                 ; 0000 0037 PORTC=(0<<PORTC6) | (0<<PORTC5) | (0<<PORTC4) | (0<<PORTC3) | (0<<PORTC2) | (0<<PORTC1) | (0<<PORTC0);
000055 bbe5      	OUT  0x15,R30
                 ; 0000 0038 
                 ; 0000 0039 // Port D initialization
                 ; 0000 003A // Function: Bit7=In Bit6=In Bit5=In Bit4=In Bit3=In Bit2=In Bit1=In Bit0=In
                 ; 0000 003B //DDRD=(0<<DDD7) | (0<<DDD6) | (0<<DDD5) | (0<<DDD4) | (0<<DDD3) | (0<<DDD2) | (0<<DDD1) | (0<<DDD0);
                 ; 0000 003C // State: Bit7=T Bit6=T Bit5=T Bit4=T Bit3=T Bit2=T Bit1=T Bit0=T
                 ; 0000 003D //PORTD=(0<<PORTD7) | (0<<PORTD6) | (0<<PORTD5) | (0<<PORTD4) | (0<<PORTD3) | (0<<PORTD2) | (0<<PORTD1) | (0<<PORTD0);
                 ; 0000 003E 
                 ; 0000 003F // Timer/Counter 0 initialization
                 ; 0000 0040 // Clock source: System Clock
                 ; 0000 0041 // Clock value: Timer 0 Stopped
                 ; 0000 0042 TCCR0=(0<<CS02) | (0<<CS01) | (0<<CS00);
000056 bfe3      	OUT  0x33,R30
                 ; 0000 0043 TCNT0=0x00;
000057 bfe2      	OUT  0x32,R30
                 ; 0000 0044 
                 ; 0000 0045 // Timer/Counter 1 initialization
                 ; 0000 0046 // Clock source: System Clock
                 ; 0000 0047 // Clock value: Timer1 Stopped
                 ; 0000 0048 // Mode: Normal top=0xFFFF
                 ; 0000 0049 // OC1A output: Disconnected
                 ; 0000 004A // OC1B output: Disconnected
                 ; 0000 004B // Noise Canceler: Off
                 ; 0000 004C // Input Capture on Falling Edge
                 ; 0000 004D // Timer1 Overflow Interrupt: Off
                 ; 0000 004E // Input Capture Interrupt: Off
                 ; 0000 004F // Compare A Match Interrupt: Off
                 ; 0000 0050 // Compare B Match Interrupt: Off
                 ; 0000 0051 TCCR1A=(0<<COM1A1) | (0<<COM1A0) | (0<<COM1B1) | (0<<COM1B0) | (0<<WGM11) | (0<<WGM10);
000058 bdef      	OUT  0x2F,R30
                 ; 0000 0052 TCCR1B=(0<<ICNC1) | (0<<ICES1) | (0<<WGM13) | (0<<WGM12) | (0<<CS12) | (0<<CS11) | (0<<CS10);
000059 bdee      	OUT  0x2E,R30
                 ; 0000 0053 TCNT1H=0x00;
00005a bded      	OUT  0x2D,R30
                 ; 0000 0054 TCNT1L=0x00;
00005b bdec      	OUT  0x2C,R30
                 ; 0000 0055 ICR1H=0x00;
00005c bde7      	OUT  0x27,R30
                 ; 0000 0056 ICR1L=0x00;
00005d bde6      	OUT  0x26,R30
                 ; 0000 0057 OCR1AH=0x00;
00005e bdeb      	OUT  0x2B,R30
                 ; 0000 0058 OCR1AL=0x00;
00005f bdea      	OUT  0x2A,R30
                 ; 0000 0059 OCR1BH=0x00;
000060 bde9      	OUT  0x29,R30
                 ; 0000 005A OCR1BL=0x00;
000061 bde8      	OUT  0x28,R30
                 ; 0000 005B 
                 ; 0000 005C // Timer/Counter 2 initialization
                 ; 0000 005D // Clock source: System Clock
                 ; 0000 005E // Clock value: Timer2 Stopped
                 ; 0000 005F // Mode: Normal top=0xFF
                 ; 0000 0060 // OC2 output: Disconnected
                 ; 0000 0061 ASSR=0<<AS2;
000062 bde2      	OUT  0x22,R30
                 ; 0000 0062 TCCR2=(0<<PWM2) | (0<<COM21) | (0<<COM20) | (0<<CTC2) | (0<<CS22) | (0<<CS21) | (0<<CS20);
000063 bde5      	OUT  0x25,R30
                 ; 0000 0063 TCNT2=0x00;
000064 bde4      	OUT  0x24,R30
                 ; 0000 0064 OCR2=0x00;
000065 bde3      	OUT  0x23,R30
                 ; 0000 0065 
                 ; 0000 0066 // Timer(s)/Counter(s) Interrupt(s) initialization
                 ; 0000 0067 TIMSK=(0<<OCIE2) | (0<<TOIE2) | (0<<TICIE1) | (0<<OCIE1A) | (0<<OCIE1B) | (0<<TOIE1) | (0<<TOIE0);
000066 bfe9      	OUT  0x39,R30
                 ; 0000 0068 
                 ; 0000 0069 // External Interrupt(s) initialization
                 ; 0000 006A // INT0: Off
                 ; 0000 006B // INT1: Off
                 ; 0000 006C MCUCR=(0<<ISC11) | (0<<ISC10) | (0<<ISC01) | (0<<ISC00);
000067 bfe5      	OUT  0x35,R30
                 ; 0000 006D 
                 ; 0000 006E // USART initialization
                 ; 0000 006F // USART disabled
                 ; 0000 0070 UCSRB=(0<<RXCIE) | (0<<TXCIE) | (0<<UDRIE) | (0<<RXEN) | (0<<TXEN) | (0<<UCSZ2) | (0<<RXB8) | (0<<TXB8);
000068 b9ea      	OUT  0xA,R30
                 ; 0000 0071 
                 ; 0000 0072 // Analog Comparator initialization
                 ; 0000 0073 // Analog Comparator: Off
                 ; 0000 0074 // The Analog Comparator's positive input is
                 ; 0000 0075 // connected to the AIN0 pin
                 ; 0000 0076 // The Analog Comparator's negative input is
                 ; 0000 0077 // connected to the AIN1 pin
                 ; 0000 0078 ACSR=(1<<ACD) | (0<<ACBG) | (0<<ACO) | (0<<ACI) | (0<<ACIE) | (0<<ACIC) | (0<<ACIS1) | (0<<ACIS0);
000069 e8e0      	LDI  R30,LOW(128)
00006a b9e8      	OUT  0x8,R30
                 ; 0000 0079 SFIOR=(0<<ACME);
00006b e0e0      	LDI  R30,LOW(0)
00006c bfe0      	OUT  0x30,R30
                 ; 0000 007A 
                 ; 0000 007B // ADC initialization
                 ; 0000 007C // ADC disabled
                 ; 0000 007D ADCSRA=(0<<ADEN) | (0<<ADSC) | (0<<ADFR) | (0<<ADIF) | (0<<ADIE) | (0<<ADPS2) | (0<<ADPS1) | (0<<ADPS0);
00006d b9e6      	OUT  0x6,R30
                 ; 0000 007E 
                 ; 0000 007F // SPI initialization
                 ; 0000 0080 // SPI disabled
                 ; 0000 0081 SPCR=(0<<SPIE) | (0<<SPE) | (0<<DORD) | (0<<MSTR) | (0<<CPOL) | (0<<CPHA) | (0<<SPR1) | (0<<SPR0);
00006e b9ed      	OUT  0xD,R30
                 ; 0000 0082 
                 ; 0000 0083 // TWI initialization
                 ; 0000 0084 // TWI disabled
                 ; 0000 0085 TWCR=(0<<TWEA) | (0<<TWSTA) | (0<<TWSTO) | (0<<TWEN) | (0<<TWIE);
00006f bfe6      	OUT  0x36,R30
                 ; 0000 0086 
                 ; 0000 0087 // Alphanumeric LCD initialization
                 ; 0000 0088 // Connections are specified in the
                 ; 0000 0089 // Project|Configure|C Compiler|Libraries|Alphanumeric LCD menu:
                 ; 0000 008A // RS - PORTB Bit 0
                 ; 0000 008B // RD - PORTB Bit 1
                 ; 0000 008C // EN - PORTB Bit 2
                 ; 0000 008D // D4 - PORTB Bit 4
                 ; 0000 008E // D5 - PORTB Bit 5
                 ; 0000 008F // D6 - PORTB Bit 6
                 ; 0000 0090 // D7 - PORTB Bit 7
                 ; 0000 0091 // Characters/line: 16
                 ; 0000 0092 lcd_init(16);
000070 e1a0      	LDI  R26,LOW(16)
000071 d246      	RCALL _lcd_init
                 ; 0000 0093 while (1){
                 _0x3:
                 ; 0000 0094       key=kb();
000072 d017      	RCALL _kb
000073 2e5e      	MOV  R5,R30
                 ; 0000 0095       if(key!=16){
000074 e1e0      	LDI  R30,LOW(16)
000075 15e5      	CP   R30,R5
000076 f089      	BREQ _0x6
                 ; 0000 0096       sprintf(s,"%d",key);
000077 e6e0      	LDI  R30,LOW(_s)
000078 e0f1      	LDI  R31,HIGH(_s)
000079 d27f      	RCALL SUBOPT_0x0
                +
00007a e3e8     +LDI R30 , LOW ( 2 * _0x0 + ( 0 ) )
00007b e0f0     +LDI R31 , HIGH ( 2 * _0x0 + ( 0 ) )
                 	__POINTW1FN _0x0,0
00007c d27c      	RCALL SUBOPT_0x0
00007d 2de5      	MOV  R30,R5
00007e 27ff      	CLR  R31
00007f 2766      	CLR  R22
000080 2777      	CLR  R23
000081 d2da      	RCALL __PUTPARD1
000082 e084      	LDI  R24,4
000083 d1b3      	RCALL _sprintf
000084 9628      	ADIW R28,8
                 ; 0000 0097       lcd_puts(s);
000085 e6a0      	LDI  R26,LOW(_s)
000086 e0b1      	LDI  R27,HIGH(_s)
000087 d220      	RCALL _lcd_puts
                 ; 0000 0098        }
                 ; 0000 0099       }
                 _0x6:
000088 cfe9      	RJMP _0x3
                 ; 0000 009A       }
                 _0x7:
000089 cfff      	RJMP _0x7
                 ; .FEND
                 ;unsigned char  kb(void)
                 ; 0000 009C   {
                 _kb:
                 ; .FSTART _kb
                 ; 0000 009D unsigned char k=16;
                 ; 0000 009E PORTD=0xFF ;
00008a 931a      	ST   -Y,R17
                 ;	k -> R17
00008b e110      	LDI  R17,16
00008c efef      	LDI  R30,LOW(255)
00008d bbe2      	OUT  0x12,R30
                 ; 0000 009F R1=0;
00008e 9890      	CBI  0x12,0
                 ; 0000 00A0 delay_ms(3);
00008f d26c      	RCALL SUBOPT_0x1
                 ; 0000 00A1 if(C1==0){k=7;while(C1==0);}
000090 9984      	SBIC 0x10,4
000091 c003      	RJMP _0xA
000092 e017      	LDI  R17,LOW(7)
                 _0xB:
000093 9b84      	SBIS 0x10,4
000094 cffe      	RJMP _0xB
                 ; 0000 00A2 if (C2==0){k=8; while (C2==0);}
                 _0xA:
000095 9985      	SBIC 0x10,5
000096 c003      	RJMP _0xE
000097 e018      	LDI  R17,LOW(8)
                 _0xF:
000098 9b85      	SBIS 0x10,5
000099 cffe      	RJMP _0xF
                 ; 0000 00A3 if (C3==0){k=9; while (C3==0);}
                 _0xE:
00009a 9986      	SBIC 0x10,6
00009b c003      	RJMP _0x12
00009c e019      	LDI  R17,LOW(9)
                 _0x13:
00009d 9b86      	SBIS 0x10,6
00009e cffe      	RJMP _0x13
                 ; 0000 00A4 if (C4==0){k=10; while (C4==0);}
                 _0x12:
00009f 9987      	SBIC 0x10,7
0000a0 c003      	RJMP _0x16
0000a1 e01a      	LDI  R17,LOW(10)
                 _0x17:
0000a2 9b87      	SBIS 0x10,7
0000a3 cffe      	RJMP _0x17
                 ; 0000 00A5 R1=1;
                 _0x16:
0000a4 9a90      	SBI  0x12,0
                 ; 0000 00A6 R2=0;
0000a5 9891      	CBI  0x12,1
                 ; 0000 00A7 delay_ms(3);
0000a6 d255      	RCALL SUBOPT_0x1
                 ; 0000 00A8 if (C1==0){k=4;while(C1==0);}
0000a7 9984      	SBIC 0x10,4
0000a8 c003      	RJMP _0x1E
0000a9 e014      	LDI  R17,LOW(4)
                 _0x1F:
0000aa 9b84      	SBIS 0x10,4
0000ab cffe      	RJMP _0x1F
                 ; 0000 00A9 if (C2==0){k=5;while(C2==0);}
                 _0x1E:
0000ac 9985      	SBIC 0x10,5
0000ad c003      	RJMP _0x22
0000ae e015      	LDI  R17,LOW(5)
                 _0x23:
0000af 9b85      	SBIS 0x10,5
0000b0 cffe      	RJMP _0x23
                 ; 0000 00AA if (C3==0){k=6;while(C3==0);}
                 _0x22:
0000b1 9986      	SBIC 0x10,6
0000b2 c003      	RJMP _0x26
0000b3 e016      	LDI  R17,LOW(6)
                 _0x27:
0000b4 9b86      	SBIS 0x10,6
0000b5 cffe      	RJMP _0x27
                 ; 0000 00AB if (C4==0){k=11;while(C4==0);}
                 _0x26:
0000b6 9987      	SBIC 0x10,7
0000b7 c003      	RJMP _0x2A
0000b8 e01b      	LDI  R17,LOW(11)
                 _0x2B:
0000b9 9b87      	SBIS 0x10,7
0000ba cffe      	RJMP _0x2B
                 ; 0000 00AC R2=1;
                 _0x2A:
0000bb 9a91      	SBI  0x12,1
                 ; 0000 00AD R3=0;
0000bc 9892      	CBI  0x12,2
                 ; 0000 00AE delay_ms(300);
0000bd e2ac      	LDI  R26,LOW(300)
0000be e0b1      	LDI  R27,HIGH(300)
0000bf d282      	RCALL _delay_ms
                 ; 0000 00AF if(C1==0){k=1;while(C1==0);}
0000c0 9984      	SBIC 0x10,4
0000c1 c003      	RJMP _0x32
0000c2 e011      	LDI  R17,LOW(1)
                 _0x33:
0000c3 9b84      	SBIS 0x10,4
0000c4 cffe      	RJMP _0x33
                 ; 0000 00B0 if(C2==0){k=2;while(C2==0);}
                 _0x32:
0000c5 9985      	SBIC 0x10,5
0000c6 c003      	RJMP _0x36
0000c7 e012      	LDI  R17,LOW(2)
                 _0x37:
0000c8 9b85      	SBIS 0x10,5
0000c9 cffe      	RJMP _0x37
                 ; 0000 00B1 if(C3==0){k=3;while(C3==0);}
                 _0x36:
0000ca 9986      	SBIC 0x10,6
0000cb c003      	RJMP _0x3A
0000cc e013      	LDI  R17,LOW(3)
                 _0x3B:
0000cd 9b86      	SBIS 0x10,6
0000ce cffe      	RJMP _0x3B
                 ; 0000 00B2 if(C4==0){k=12;while(C4==0);}
                 _0x3A:
0000cf 9987      	SBIC 0x10,7
0000d0 c003      	RJMP _0x3E
0000d1 e01c      	LDI  R17,LOW(12)
                 _0x3F:
0000d2 9b87      	SBIS 0x10,7
0000d3 cffe      	RJMP _0x3F
                 ; 0000 00B3 R3=1;
                 _0x3E:
0000d4 9a92      	SBI  0x12,2
                 ; 0000 00B4 R4=0;
0000d5 9893      	CBI  0x12,3
                 ; 0000 00B5 delay_ms(300);
0000d6 e2ac      	LDI  R26,LOW(300)
0000d7 e0b1      	LDI  R27,HIGH(300)
0000d8 d269      	RCALL _delay_ms
                 ; 0000 00B6 if(C1==0){k=15;while(C1==0);}
0000d9 9984      	SBIC 0x10,4
0000da c003      	RJMP _0x46
0000db e01f      	LDI  R17,LOW(15)
                 _0x47:
0000dc 9b84      	SBIS 0x10,4
0000dd cffe      	RJMP _0x47
                 ; 0000 00B7 if(C2==0){k=0;while(C2==0);}
                 _0x46:
0000de 9985      	SBIC 0x10,5
0000df c003      	RJMP _0x4A
0000e0 e010      	LDI  R17,LOW(0)
                 _0x4B:
0000e1 9b85      	SBIS 0x10,5
0000e2 cffe      	RJMP _0x4B
                 ; 0000 00B8 if(C3==0){k=14;while(C3==0);}
                 _0x4A:
0000e3 9986      	SBIC 0x10,6
0000e4 c003      	RJMP _0x4E
0000e5 e01e      	LDI  R17,LOW(14)
                 _0x4F:
0000e6 9b86      	SBIS 0x10,6
0000e7 cffe      	RJMP _0x4F
                 ; 0000 00B9 if(C4==0){k=13;while(C4==0);}
                 _0x4E:
0000e8 9987      	SBIC 0x10,7
0000e9 c003      	RJMP _0x52
0000ea e01d      	LDI  R17,LOW(13)
                 _0x53:
0000eb 9b87      	SBIS 0x10,7
0000ec cffe      	RJMP _0x53
                 ; 0000 00BA R4=1;
                 _0x52:
0000ed 9a93      	SBI  0x12,3
                 ; 0000 00BB return k;
0000ee 2fe1      	MOV  R30,R17
0000ef 9119      	LD   R17,Y+
0000f0 9508      	RET
                 ; 0000 00BC }
                 ; .FEND
                 	#ifndef __SLEEP_DEFINED__
                 	#endif
                 
                 	.CSEG
                 _put_buff_G100:
                 ; .FSTART _put_buff_G100
0000f1 d20d      	RCALL SUBOPT_0x2
0000f2 d272      	RCALL __SAVELOCR2
0000f3 d20e      	RCALL SUBOPT_0x3
0000f4 9612      	ADIW R26,2
0000f5 d25e      	RCALL __GETW1P
0000f6 9730      	SBIW R30,0
0000f7 f0f1      	BREQ _0x2000010
0000f8 d209      	RCALL SUBOPT_0x3
0000f9 d20b      	RCALL SUBOPT_0x4
0000fa 018f      	MOVW R16,R30
0000fb 9730      	SBIW R30,0
0000fc f061      	BREQ _0x2000012
                +
0000fd 3002     +CPI R16 , LOW ( 2 )
0000fe e0e0     +LDI R30 , HIGH ( 2 )
0000ff 071e     +CPC R17 , R30
                 	__CPWRN 16,17,2
000100 f070      	BRLO _0x2000013
000101 01f8      	MOVW R30,R16
000102 9731      	SBIW R30,1
000103 018f      	MOVW R16,R30
                +
000104 81aa     +LDD R26 , Y + 2
000105 81bb     +LDD R27 , Y + 2 + 1
000106 9614     +ADIW R26 , 4
000107 93ed     +ST X + , R30
000108 93fc     +ST X , R31
                 	__PUTW1SNS 2,4
                 _0x2000012:
000109 d1f8      	RCALL SUBOPT_0x3
00010a 9612      	ADIW R26,2
00010b d1fc      	RCALL SUBOPT_0x5
00010c 9731      	SBIW R30,1
00010d 81ac      	LDD  R26,Y+4
00010e 83a0      	STD  Z+0,R26
                 _0x2000013:
00010f d1f2      	RCALL SUBOPT_0x3
000110 d243      	RCALL __GETW1P
000111 23ff      	TST  R31
000112 f012      	BRMI _0x2000014
000113 d1ee      	RCALL SUBOPT_0x3
000114 d1f3      	RCALL SUBOPT_0x5
                 _0x2000014:
000115 c005      	RJMP _0x2000015
                 _0x2000010:
000116 d1eb      	RCALL SUBOPT_0x3
000117 efef      	LDI  R30,LOW(65535)
000118 efff      	LDI  R31,HIGH(65535)
000119 93ed      	ST   X+,R30
00011a 93fc      	ST   X,R31
                 _0x2000015:
00011b d250      	RCALL __LOADLOCR2
00011c 9625      	ADIW R28,5
00011d 9508      	RET
                 ; .FEND
                 __print_G100:
                 ; .FSTART __print_G100
00011e d1e0      	RCALL SUBOPT_0x2
00011f 9726      	SBIW R28,6
000120 d240      	RCALL __SAVELOCR6
000121 e010      	LDI  R17,0
000122 85ac      	LDD  R26,Y+12
000123 85bd      	LDD  R27,Y+12+1
000124 e0e0      	LDI  R30,LOW(0)
000125 e0f0      	LDI  R31,HIGH(0)
000126 93ed      	ST   X+,R30
000127 93fc      	ST   X,R31
                 _0x2000016:
000128 89ea      	LDD  R30,Y+18
000129 89fb      	LDD  R31,Y+18+1
00012a 9631      	ADIW R30,1
00012b 8bea      	STD  Y+18,R30
00012c 8bfb      	STD  Y+18+1,R31
00012d 9731      	SBIW R30,1
00012e 91e4      	LPM  R30,Z
00012f 2f2e      	MOV  R18,R30
000130 30e0      	CPI  R30,0
000131 f409      	BRNE PC+2
000132 c0fe      	RJMP _0x2000018
000133 2fe1      	MOV  R30,R17
000134 30e0      	CPI  R30,0
000135 f431      	BRNE _0x200001C
000136 3225      	CPI  R18,37
000137 f411      	BRNE _0x200001D
000138 e011      	LDI  R17,LOW(1)
000139 c001      	RJMP _0x200001E
                 _0x200001D:
00013a d1d3      	RCALL SUBOPT_0x6
                 _0x200001E:
00013b c0f4      	RJMP _0x200001B
                 _0x200001C:
00013c 30e1      	CPI  R30,LOW(0x1)
00013d f4a1      	BRNE _0x200001F
00013e 3225      	CPI  R18,37
00013f f411      	BRNE _0x2000020
000140 d1cd      	RCALL SUBOPT_0x6
000141 c0ed      	RJMP _0x20000CC
                 _0x2000020:
000142 e012      	LDI  R17,LOW(2)
000143 e040      	LDI  R20,LOW(0)
000144 e000      	LDI  R16,LOW(0)
000145 322d      	CPI  R18,45
000146 f411      	BRNE _0x2000021
000147 e001      	LDI  R16,LOW(1)
000148 c0e7      	RJMP _0x200001B
                 _0x2000021:
000149 322b      	CPI  R18,43
00014a f411      	BRNE _0x2000022
00014b e24b      	LDI  R20,LOW(43)
00014c c0e3      	RJMP _0x200001B
                 _0x2000022:
00014d 3220      	CPI  R18,32
00014e f411      	BRNE _0x2000023
00014f e240      	LDI  R20,LOW(32)
000150 c0df      	RJMP _0x200001B
                 _0x2000023:
000151 c002      	RJMP _0x2000024
                 _0x200001F:
000152 30e2      	CPI  R30,LOW(0x2)
000153 f439      	BRNE _0x2000025
                 _0x2000024:
000154 e050      	LDI  R21,LOW(0)
000155 e013      	LDI  R17,LOW(3)
000156 3320      	CPI  R18,48
000157 f411      	BRNE _0x2000026
000158 6800      	ORI  R16,LOW(128)
000159 c0d6      	RJMP _0x200001B
                 _0x2000026:
00015a c003      	RJMP _0x2000027
                 _0x2000025:
00015b 30e3      	CPI  R30,LOW(0x3)
00015c f009      	BREQ PC+2
00015d c0d2      	RJMP _0x200001B
                 _0x2000027:
00015e 3320      	CPI  R18,48
00015f f010      	BRLO _0x200002A
000160 332a      	CPI  R18,58
000161 f008      	BRLO _0x200002B
                 _0x200002A:
000162 c007      	RJMP _0x2000029
                 _0x200002B:
000163 e0aa      	LDI  R26,LOW(10)
000164 9f5a      	MUL  R21,R26
000165 2d50      	MOV  R21,R0
000166 2fe2      	MOV  R30,R18
000167 53e0      	SUBI R30,LOW(48)
000168 0f5e      	ADD  R21,R30
000169 c0c6      	RJMP _0x200001B
                 _0x2000029:
00016a 2fe2      	MOV  R30,R18
00016b 36e3      	CPI  R30,LOW(0x63)
00016c f439      	BRNE _0x200002F
00016d d1a7      	RCALL SUBOPT_0x7
00016e d1a9      	RCALL SUBOPT_0x8
00016f d1a5      	RCALL SUBOPT_0x7
000170 81a4      	LDD  R26,Z+4
000171 93aa      	ST   -Y,R26
000172 d1a9      	RCALL SUBOPT_0x9
000173 c0bb      	RJMP _0x2000030
                 _0x200002F:
000174 37e3      	CPI  R30,LOW(0x73)
000175 f431      	BRNE _0x2000032
000176 d1ab      	RCALL SUBOPT_0xA
000177 d1ac      	RCALL SUBOPT_0xB
000178 d1ae      	RCALL SUBOPT_0xC
000179 d168      	RCALL _strlen
00017a 2f1e      	MOV  R17,R30
00017b c008      	RJMP _0x2000033
                 _0x2000032:
00017c 37e0      	CPI  R30,LOW(0x70)
00017d f451      	BRNE _0x2000035
00017e d1a3      	RCALL SUBOPT_0xA
00017f d1a4      	RCALL SUBOPT_0xB
000180 d1a6      	RCALL SUBOPT_0xC
000181 d16b      	RCALL _strlenf
000182 2f1e      	MOV  R17,R30
000183 6008      	ORI  R16,LOW(8)
                 _0x2000033:
000184 6002      	ORI  R16,LOW(2)
000185 770f      	ANDI R16,LOW(127)
000186 e030      	LDI  R19,LOW(0)
000187 c02e      	RJMP _0x2000036
                 _0x2000035:
000188 36e4      	CPI  R30,LOW(0x64)
000189 f011      	BREQ _0x2000039
00018a 36e9      	CPI  R30,LOW(0x69)
00018b f411      	BRNE _0x200003A
                 _0x2000039:
00018c 6004      	ORI  R16,LOW(4)
00018d c002      	RJMP _0x200003B
                 _0x200003A:
00018e 37e5      	CPI  R30,LOW(0x75)
00018f f429      	BRNE _0x200003C
                 _0x200003B:
000190 e2e6      	LDI  R30,LOW(_tbl10_G100*2)
000191 e0f0      	LDI  R31,HIGH(_tbl10_G100*2)
000192 d199      	RCALL SUBOPT_0xD
000193 e015      	LDI  R17,LOW(5)
000194 c00b      	RJMP _0x200003D
                 _0x200003C:
000195 35e8      	CPI  R30,LOW(0x58)
000196 f411      	BRNE _0x200003F
000197 6008      	ORI  R16,LOW(8)
000198 c003      	RJMP _0x2000040
                 _0x200003F:
000199 37e8      	CPI  R30,LOW(0x78)
00019a f009      	BREQ PC+2
00019b c093      	RJMP _0x2000071
                 _0x2000040:
00019c e3e0      	LDI  R30,LOW(_tbl16_G100*2)
00019d e0f0      	LDI  R31,HIGH(_tbl16_G100*2)
00019e d18d      	RCALL SUBOPT_0xD
00019f e014      	LDI  R17,LOW(4)
                 _0x200003D:
0001a0 ff02      	SBRS R16,2
0001a1 c011      	RJMP _0x2000042
0001a2 d17f      	RCALL SUBOPT_0xA
0001a3 d180      	RCALL SUBOPT_0xB
0001a4 d18a      	RCALL SUBOPT_0xE
0001a5 85ab      	LDD  R26,Y+11
0001a6 23aa      	TST  R26
0001a7 f42a      	BRPL _0x2000043
0001a8 85ea      	LDD  R30,Y+10
0001a9 85fb      	LDD  R31,Y+10+1
0001aa d1a5      	RCALL __ANEGW1
0001ab d183      	RCALL SUBOPT_0xE
0001ac e24d      	LDI  R20,LOW(45)
                 _0x2000043:
0001ad 3040      	CPI  R20,0
0001ae f011      	BREQ _0x2000044
0001af 5f1f      	SUBI R17,-LOW(1)
0001b0 c001      	RJMP _0x2000045
                 _0x2000044:
0001b1 7f0b      	ANDI R16,LOW(251)
                 _0x2000045:
0001b2 c003      	RJMP _0x2000046
                 _0x2000042:
0001b3 d16e      	RCALL SUBOPT_0xA
0001b4 d16f      	RCALL SUBOPT_0xB
0001b5 d179      	RCALL SUBOPT_0xE
                 _0x2000046:
                 _0x2000036:
0001b6 fd00      	SBRC R16,0
0001b7 c010      	RJMP _0x2000047
                 _0x2000048:
0001b8 1715      	CP   R17,R21
0001b9 f470      	BRSH _0x200004A
0001ba ff07      	SBRS R16,7
0001bb c008      	RJMP _0x200004B
0001bc ff02      	SBRS R16,2
0001bd c004      	RJMP _0x200004C
0001be 7f0b      	ANDI R16,LOW(251)
0001bf 2f24      	MOV  R18,R20
0001c0 5011      	SUBI R17,LOW(1)
0001c1 c001      	RJMP _0x200004D
                 _0x200004C:
0001c2 e320      	LDI  R18,LOW(48)
                 _0x200004D:
0001c3 c001      	RJMP _0x200004E
                 _0x200004B:
0001c4 e220      	LDI  R18,LOW(32)
                 _0x200004E:
0001c5 d148      	RCALL SUBOPT_0x6
0001c6 5051      	SUBI R21,LOW(1)
0001c7 cff0      	RJMP _0x2000048
                 _0x200004A:
                 _0x2000047:
0001c8 2f31      	MOV  R19,R17
0001c9 ff01      	SBRS R16,1
0001ca c015      	RJMP _0x200004F
                 _0x2000050:
0001cb 3030      	CPI  R19,0
0001cc f091      	BREQ _0x2000052
0001cd ff03      	SBRS R16,3
0001ce c005      	RJMP _0x2000053
0001cf 81ee      	LDD  R30,Y+6
0001d0 81ff      	LDD  R31,Y+6+1
0001d1 9125      	LPM  R18,Z+
0001d2 d159      	RCALL SUBOPT_0xD
0001d3 c005      	RJMP _0x2000054
                 _0x2000053:
0001d4 81ae      	LDD  R26,Y+6
0001d5 81bf      	LDD  R27,Y+6+1
0001d6 912d      	LD   R18,X+
0001d7 83ae      	STD  Y+6,R26
0001d8 83bf      	STD  Y+6+1,R27
                 _0x2000054:
0001d9 d134      	RCALL SUBOPT_0x6
0001da 3050      	CPI  R21,0
0001db f009      	BREQ _0x2000055
0001dc 5051      	SUBI R21,LOW(1)
                 _0x2000055:
0001dd 5031      	SUBI R19,LOW(1)
0001de cfec      	RJMP _0x2000050
                 _0x2000052:
0001df c046      	RJMP _0x2000056
                 _0x200004F:
                 _0x2000058:
0001e0 e320      	LDI  R18,LOW(48)
0001e1 81ee      	LDD  R30,Y+6
0001e2 81ff      	LDD  R31,Y+6+1
0001e3 d174      	RCALL __GETW1PF
0001e4 87e8      	STD  Y+8,R30
0001e5 87f9      	STD  Y+8+1,R31
0001e6 81ee      	LDD  R30,Y+6
0001e7 81ff      	LDD  R31,Y+6+1
0001e8 9632      	ADIW R30,2
0001e9 d142      	RCALL SUBOPT_0xD
                 _0x200005A:
0001ea 85e8      	LDD  R30,Y+8
0001eb 85f9      	LDD  R31,Y+8+1
0001ec 85aa      	LDD  R26,Y+10
0001ed 85bb      	LDD  R27,Y+10+1
0001ee 17ae      	CP   R26,R30
0001ef 07bf      	CPC  R27,R31
0001f0 f048      	BRLO _0x200005C
0001f1 5f2f      	SUBI R18,-LOW(1)
0001f2 85a8      	LDD  R26,Y+8
0001f3 85b9      	LDD  R27,Y+8+1
0001f4 85ea      	LDD  R30,Y+10
0001f5 85fb      	LDD  R31,Y+10+1
0001f6 1bea      	SUB  R30,R26
0001f7 0bfb      	SBC  R31,R27
0001f8 d136      	RCALL SUBOPT_0xE
0001f9 cff0      	RJMP _0x200005A
                 _0x200005C:
0001fa 332a      	CPI  R18,58
0001fb f028      	BRLO _0x200005D
0001fc ff03      	SBRS R16,3
0001fd c002      	RJMP _0x200005E
0001fe 5f29      	SUBI R18,-LOW(7)
0001ff c001      	RJMP _0x200005F
                 _0x200005E:
000200 5d29      	SUBI R18,-LOW(39)
                 _0x200005F:
                 _0x200005D:
000201 fd04      	SBRC R16,4
000202 c019      	RJMP _0x2000061
000203 3321      	CPI  R18,49
000204 f420      	BRSH _0x2000063
000205 85a8      	LDD  R26,Y+8
000206 85b9      	LDD  R27,Y+8+1
000207 9711      	SBIW R26,1
000208 f409      	BRNE _0x2000062
                 _0x2000063:
000209 c009      	RJMP _0x20000CD
                 _0x2000062:
00020a 1753      	CP   R21,R19
00020b f010      	BRLO _0x2000067
00020c ff00      	SBRS R16,0
00020d c001      	RJMP _0x2000068
                 _0x2000067:
00020e c011      	RJMP _0x2000066
                 _0x2000068:
00020f e220      	LDI  R18,LOW(32)
000210 ff07      	SBRS R16,7
000211 c00a      	RJMP _0x2000069
000212 e320      	LDI  R18,LOW(48)
                 _0x20000CD:
000213 6100      	ORI  R16,LOW(16)
000214 ff02      	SBRS R16,2
000215 c006      	RJMP _0x200006A
000216 7f0b      	ANDI R16,LOW(251)
000217 934a      	ST   -Y,R20
000218 d103      	RCALL SUBOPT_0x9
000219 3050      	CPI  R21,0
00021a f009      	BREQ _0x200006B
00021b 5051      	SUBI R21,LOW(1)
                 _0x200006B:
                 _0x200006A:
                 _0x2000069:
                 _0x2000061:
00021c d0f1      	RCALL SUBOPT_0x6
00021d 3050      	CPI  R21,0
00021e f009      	BREQ _0x200006C
00021f 5051      	SUBI R21,LOW(1)
                 _0x200006C:
                 _0x2000066:
000220 5031      	SUBI R19,LOW(1)
000221 85a8      	LDD  R26,Y+8
000222 85b9      	LDD  R27,Y+8+1
000223 9712      	SBIW R26,2
000224 f008      	BRLO _0x2000059
000225 cfba      	RJMP _0x2000058
                 _0x2000059:
                 _0x2000056:
000226 ff00      	SBRS R16,0
000227 c007      	RJMP _0x200006D
                 _0x200006E:
000228 3050      	CPI  R21,0
000229 f029      	BREQ _0x2000070
00022a 5051      	SUBI R21,LOW(1)
00022b e2e0      	LDI  R30,LOW(32)
00022c 93ea      	ST   -Y,R30
00022d d0ee      	RCALL SUBOPT_0x9
00022e cff9      	RJMP _0x200006E
                 _0x2000070:
                 _0x200006D:
                 _0x2000071:
                 _0x2000030:
                 _0x20000CC:
00022f e010      	LDI  R17,LOW(0)
                 _0x200001B:
000230 cef7      	RJMP _0x2000016
                 _0x2000018:
000231 85ac      	LDD  R26,Y+12
000232 85bd      	LDD  R27,Y+12+1
000233 d120      	RCALL __GETW1P
000234 d133      	RCALL __LOADLOCR6
000235 9664      	ADIW R28,20
000236 9508      	RET
                 ; .FEND
                 _sprintf:
                 ; .FSTART _sprintf
000237 92ff      	PUSH R15
000238 2ef8      	MOV  R15,R24
000239 9726      	SBIW R28,6
00023a d128      	RCALL __SAVELOCR4
00023b d0f6      	RCALL SUBOPT_0xF
00023c 9730      	SBIW R30,0
00023d f419      	BRNE _0x2000072
00023e efef      	LDI  R30,LOW(65535)
00023f efff      	LDI  R31,HIGH(65535)
000240 c01c      	RJMP _0x2080002
                 _0x2000072:
000241 01de      	MOVW R26,R28
000242 9616      	ADIW R26,6
000243 d108      	RCALL __ADDW2R15
000244 018d      	MOVW R16,R26
000245 d0ec      	RCALL SUBOPT_0xF
000246 d0e5      	RCALL SUBOPT_0xD
000247 e0e0      	LDI  R30,LOW(0)
000248 87e8      	STD  Y+8,R30
000249 87e9      	STD  Y+8+1,R30
00024a 01de      	MOVW R26,R28
00024b 961a      	ADIW R26,10
00024c d0ff      	RCALL __ADDW2R15
00024d d106      	RCALL __GETW1P
00024e d0aa      	RCALL SUBOPT_0x0
00024f 931a      	ST   -Y,R17
000250 930a      	ST   -Y,R16
000251 efe1      	LDI  R30,LOW(_put_buff_G100)
000252 e0f0      	LDI  R31,HIGH(_put_buff_G100)
000253 d0a5      	RCALL SUBOPT_0x0
000254 01de      	MOVW R26,R28
000255 961a      	ADIW R26,10
000256 dec7      	RCALL __print_G100
000257 019f      	MOVW R18,R30
000258 81ae      	LDD  R26,Y+6
000259 81bf      	LDD  R27,Y+6+1
00025a e0e0      	LDI  R30,LOW(0)
00025b 93ec      	ST   X,R30
00025c 01f9      	MOVW R30,R18
                 _0x2080002:
00025d d10c      	RCALL __LOADLOCR4
00025e 962a      	ADIW R28,10
00025f 90ff      	POP  R15
000260 9508      	RET
                 ; .FEND
                 	#ifndef __SLEEP_DEFINED__
                 	#endif
                 
                 	.DSEG
                 
                 	.CSEG
                 __lcd_write_nibble_G101:
                 ; .FSTART __lcd_write_nibble_G101
000261 93aa      	ST   -Y,R26
000262 b3e8      	IN   R30,0x18
000263 70ef      	ANDI R30,LOW(0xF)
000264 2fae      	MOV  R26,R30
000265 81e8      	LD   R30,Y
000266 7fe0      	ANDI R30,LOW(0xF0)
000267 2bea      	OR   R30,R26
000268 bbe8      	OUT  0x18,R30
000269 d0cd      	RCALL SUBOPT_0x10
00026a 9ac2      	SBI  0x18,2
00026b d0cb      	RCALL SUBOPT_0x10
00026c 98c2      	CBI  0x18,2
00026d d0c9      	RCALL SUBOPT_0x10
00026e c071      	RJMP _0x2080001
                 ; .FEND
                 __lcd_write_data:
                 ; .FSTART __lcd_write_data
00026f 93aa      	ST   -Y,R26
000270 81a8      	LD   R26,Y
000271 dfef      	RCALL __lcd_write_nibble_G101
000272 81e8          ld    r30,y
000273 95e2          swap  r30
000274 83e8          st    y,r30
000275 81a8      	LD   R26,Y
000276 dfea      	RCALL __lcd_write_nibble_G101
                +
000277 e885     +LDI R24 , LOW ( 133 )
                +__DELAY_USB_LOOP :
000278 958a     +DEC R24
000279 f7f1     +BRNE __DELAY_USB_LOOP
                 	__DELAY_USB 133
00027a c065      	RJMP _0x2080001
                 ; .FEND
                 _lcd_gotoxy:
                 ; .FSTART _lcd_gotoxy
00027b 93aa      	ST   -Y,R26
00027c 81e8      	LD   R30,Y
00027d e0f0      	LDI  R31,0
00027e 59ec      	SUBI R30,LOW(-__base_y_G101)
00027f 4ffe      	SBCI R31,HIGH(-__base_y_G101)
000280 81e0      	LD   R30,Z
000281 81a9      	LDD  R26,Y+1
000282 0fae      	ADD  R26,R30
000283 dfeb      	RCALL __lcd_write_data
000284 8049      	LDD  R4,Y+1
000285 8078      	LDD  R7,Y+0
000286 9622      	ADIW R28,2
000287 9508      	RET
                 ; .FEND
                 _lcd_clear:
                 ; .FSTART _lcd_clear
000288 e0a2      	LDI  R26,LOW(2)
000289 dfe5      	RCALL __lcd_write_data
00028a d071      	RCALL SUBOPT_0x1
00028b e0ac      	LDI  R26,LOW(12)
00028c dfe2      	RCALL __lcd_write_data
00028d e0a1      	LDI  R26,LOW(1)
00028e dfe0      	RCALL __lcd_write_data
00028f d06c      	RCALL SUBOPT_0x1
000290 e0e0      	LDI  R30,LOW(0)
000291 2e7e      	MOV  R7,R30
000292 2e4e      	MOV  R4,R30
000293 9508      	RET
                 ; .FEND
                 _lcd_putchar:
                 ; .FSTART _lcd_putchar
000294 93aa      	ST   -Y,R26
000295 81a8      	LD   R26,Y
000296 30aa      	CPI  R26,LOW(0xA)
000297 f011      	BREQ _0x2020005
000298 1446      	CP   R4,R6
000299 f040      	BRLO _0x2020004
                 _0x2020005:
00029a e0e0      	LDI  R30,LOW(0)
00029b 93ea      	ST   -Y,R30
00029c 9473      	INC  R7
00029d 2da7      	MOV  R26,R7
00029e dfdc      	RCALL _lcd_gotoxy
00029f 81a8      	LD   R26,Y
0002a0 30aa      	CPI  R26,LOW(0xA)
0002a1 f1f1      	BREQ _0x2080001
                 _0x2020004:
0002a2 9443      	INC  R4
0002a3 9ac0      	SBI  0x18,0
0002a4 81a8      	LD   R26,Y
0002a5 dfc9      	RCALL __lcd_write_data
0002a6 98c0      	CBI  0x18,0
0002a7 c038      	RJMP _0x2080001
                 ; .FEND
                 _lcd_puts:
                 ; .FSTART _lcd_puts
0002a8 d056      	RCALL SUBOPT_0x2
0002a9 931a      	ST   -Y,R17
                 _0x2020008:
0002aa 81a9      	LDD  R26,Y+1
0002ab 81ba      	LDD  R27,Y+1+1
0002ac 91ed      	LD   R30,X+
0002ad 83a9      	STD  Y+1,R26
0002ae 83ba      	STD  Y+1+1,R27
0002af 2f1e      	MOV  R17,R30
0002b0 30e0      	CPI  R30,0
0002b1 f019      	BREQ _0x202000A
0002b2 2fa1      	MOV  R26,R17
0002b3 dfe0      	RCALL _lcd_putchar
0002b4 cff5      	RJMP _0x2020008
                 _0x202000A:
0002b5 8118      	LDD  R17,Y+0
0002b6 9623      	ADIW R28,3
0002b7 9508      	RET
                 ; .FEND
                 _lcd_init:
                 ; .FSTART _lcd_init
0002b8 93aa      	ST   -Y,R26
0002b9 b3e7      	IN   R30,0x17
0002ba 6fe0      	ORI  R30,LOW(0xF0)
0002bb bbe7      	OUT  0x17,R30
0002bc 9aba      	SBI  0x17,2
0002bd 9ab8      	SBI  0x17,0
0002be 9ab9      	SBI  0x17,1
0002bf 98c2      	CBI  0x18,2
0002c0 98c0      	CBI  0x18,0
0002c1 98c1      	CBI  0x18,1
0002c2 8068      	LDD  R6,Y+0
0002c3 81e8      	LD   R30,Y
0002c4 58e0      	SUBI R30,-LOW(128)
                +
0002c5 93e0 0166+STS __base_y_G101 + ( 2 ) , R30
                 	__PUTB1MN __base_y_G101,2
0002c7 81e8      	LD   R30,Y
0002c8 54e0      	SUBI R30,-LOW(192)
                +
0002c9 93e0 0167+STS __base_y_G101 + ( 3 ) , R30
                 	__PUTB1MN __base_y_G101,3
0002cb e1a4      	LDI  R26,LOW(20)
0002cc e0b0      	LDI  R27,0
0002cd d074      	RCALL _delay_ms
0002ce d06c      	RCALL SUBOPT_0x11
0002cf d06b      	RCALL SUBOPT_0x11
0002d0 d06a      	RCALL SUBOPT_0x11
0002d1 e2a0      	LDI  R26,LOW(32)
0002d2 df8e      	RCALL __lcd_write_nibble_G101
                +
0002d3 ec88     +LDI R24 , LOW ( 200 )
0002d4 e090     +LDI R25 , HIGH ( 200 )
                +__DELAY_USW_LOOP :
0002d5 9701     +SBIW R24 , 1
0002d6 f7f1     +BRNE __DELAY_USW_LOOP
                 	__DELAY_USW 200
0002d7 e2a8      	LDI  R26,LOW(40)
0002d8 df96      	RCALL __lcd_write_data
0002d9 e0a4      	LDI  R26,LOW(4)
0002da df94      	RCALL __lcd_write_data
0002db e8a5      	LDI  R26,LOW(133)
0002dc df92      	RCALL __lcd_write_data
0002dd e0a6      	LDI  R26,LOW(6)
0002de df90      	RCALL __lcd_write_data
0002df dfa8      	RCALL _lcd_clear
                 _0x2080001:
0002e0 9621      	ADIW R28,1
0002e1 9508      	RET
                 ; .FEND
                 
                 	.CSEG
                 
                 	.CSEG
                 _strlen:
                 ; .FSTART _strlen
0002e2 d01c      	RCALL SUBOPT_0x2
0002e3 91a9          ld   r26,y+
0002e4 91b9          ld   r27,y+
0002e5 27ee          clr  r30
0002e6 27ff          clr  r31
                 strlen0:
0002e7 916d          ld   r22,x+
0002e8 2366          tst  r22
0002e9 f011          breq strlen1
0002ea 9631          adiw r30,1
0002eb cffb          rjmp strlen0
                 strlen1:
0002ec 9508          ret
                 ; .FEND
                 _strlenf:
                 ; .FSTART _strlenf
0002ed d011      	RCALL SUBOPT_0x2
0002ee 27aa          clr  r26
0002ef 27bb          clr  r27
0002f0 91e9          ld   r30,y+
0002f1 91f9          ld   r31,y+
                 strlenf0:
0002f2 9005      	lpm  r0,z+
0002f3 2000          tst  r0
0002f4 f011          breq strlenf1
0002f5 9611          adiw r26,1
0002f6 cffb          rjmp strlenf0
                 strlenf1:
0002f7 01fd          movw r30,r26
0002f8 9508          ret
                 ; .FEND
                 
                 	.DSEG
                 _s:
000160           	.BYTE 0x4
                 __base_y_G101:
000164           	.BYTE 0x4
                 
                 	.CSEG
                 ;OPTIMIZER ADDED SUBROUTINE, CALLED 4 TIMES, CODE SIZE REDUCTION:1 WORDS
                 SUBOPT_0x0:
0002f9 93fa      	ST   -Y,R31
0002fa 93ea      	ST   -Y,R30
0002fb 9508      	RET
                 
                 ;OPTIMIZER ADDED SUBROUTINE, CALLED 4 TIMES, CODE SIZE REDUCTION:4 WORDS
                 SUBOPT_0x1:
0002fc e0a3      	LDI  R26,LOW(3)
0002fd e0b0      	LDI  R27,0
0002fe c043      	RJMP _delay_ms
                 
                 ;OPTIMIZER ADDED SUBROUTINE, CALLED 5 TIMES, CODE SIZE REDUCTION:2 WORDS
                 SUBOPT_0x2:
0002ff 93ba      	ST   -Y,R27
000300 93aa      	ST   -Y,R26
000301 9508      	RET
                 
                 ;OPTIMIZER ADDED SUBROUTINE, CALLED 6 TIMES, CODE SIZE REDUCTION:3 WORDS
                 SUBOPT_0x3:
000302 81aa      	LDD  R26,Y+2
000303 81bb      	LDD  R27,Y+2+1
000304 9508      	RET
                 
                 ;OPTIMIZER ADDED SUBROUTINE, CALLED 5 TIMES, CODE SIZE REDUCTION:2 WORDS
                 SUBOPT_0x4:
000305 9614      	ADIW R26,4
000306 d04d      	RCALL __GETW1P
000307 9508      	RET
                 
                 ;OPTIMIZER ADDED SUBROUTINE, CALLED 2 TIMES, CODE SIZE REDUCTION:2 WORDS
                 SUBOPT_0x5:
000308 91ed      	LD   R30,X+
000309 91fd      	LD   R31,X+
00030a 9631      	ADIW R30,1
00030b 93fe      	ST   -X,R31
00030c 93ee      	ST   -X,R30
00030d 9508      	RET
                 
                 ;OPTIMIZER ADDED SUBROUTINE, CALLED 5 TIMES, CODE SIZE REDUCTION:18 WORDS
                 SUBOPT_0x6:
00030e 932a      	ST   -Y,R18
00030f 85ad      	LDD  R26,Y+13
000310 85be      	LDD  R27,Y+13+1
000311 85ef      	LDD  R30,Y+15
000312 89f8      	LDD  R31,Y+15+1
000313 9509      	ICALL
000314 9508      	RET
                 
                 ;OPTIMIZER ADDED SUBROUTINE, CALLED 6 TIMES, CODE SIZE REDUCTION:3 WORDS
                 SUBOPT_0x7:
000315 89e8      	LDD  R30,Y+16
000316 89f9      	LDD  R31,Y+16+1
000317 9508      	RET
                 
                 ;OPTIMIZER ADDED SUBROUTINE, CALLED 5 TIMES, CODE SIZE REDUCTION:6 WORDS
                 SUBOPT_0x8:
000318 9734      	SBIW R30,4
000319 8be8      	STD  Y+16,R30
00031a 8bf9      	STD  Y+16+1,R31
00031b 9508      	RET
                 
                 ;OPTIMIZER ADDED SUBROUTINE, CALLED 3 TIMES, CODE SIZE REDUCTION:6 WORDS
                 SUBOPT_0x9:
00031c 85ad      	LDD  R26,Y+13
00031d 85be      	LDD  R27,Y+13+1
00031e 85ef      	LDD  R30,Y+15
00031f 89f8      	LDD  R31,Y+15+1
000320 9509      	ICALL
000321 9508      	RET
                 
                 ;OPTIMIZER ADDED SUBROUTINE, CALLED 4 TIMES, CODE SIZE REDUCTION:1 WORDS
                 SUBOPT_0xA:
000322 dff2      	RCALL SUBOPT_0x7
000323 cff4      	RJMP SUBOPT_0x8
                 
                 ;OPTIMIZER ADDED SUBROUTINE, CALLED 4 TIMES, CODE SIZE REDUCTION:4 WORDS
                 SUBOPT_0xB:
000324 89a8      	LDD  R26,Y+16
000325 89b9      	LDD  R27,Y+16+1
000326 cfde      	RJMP SUBOPT_0x4
                 
                 ;OPTIMIZER ADDED SUBROUTINE, CALLED 2 TIMES, CODE SIZE REDUCTION:1 WORDS
                 SUBOPT_0xC:
000327 83ee      	STD  Y+6,R30
000328 83ff      	STD  Y+6+1,R31
000329 81ae      	LDD  R26,Y+6
00032a 81bf      	LDD  R27,Y+6+1
00032b 9508      	RET
                 
                 ;OPTIMIZER ADDED SUBROUTINE, CALLED 5 TIMES, CODE SIZE REDUCTION:2 WORDS
                 SUBOPT_0xD:
00032c 83ee      	STD  Y+6,R30
00032d 83ff      	STD  Y+6+1,R31
00032e 9508      	RET
                 
                 ;OPTIMIZER ADDED SUBROUTINE, CALLED 4 TIMES, CODE SIZE REDUCTION:1 WORDS
                 SUBOPT_0xE:
00032f 87ea      	STD  Y+10,R30
000330 87fb      	STD  Y+10+1,R31
000331 9508      	RET
                 
                 ;OPTIMIZER ADDED SUBROUTINE, CALLED 2 TIMES, CODE SIZE REDUCTION:1 WORDS
                 SUBOPT_0xF:
000332 01de      	MOVW R26,R28
000333 961c      	ADIW R26,12
000334 d017      	RCALL __ADDW2R15
000335 d01e      	RCALL __GETW1P
000336 9508      	RET
                 
                 ;OPTIMIZER ADDED SUBROUTINE, CALLED 3 TIMES, CODE SIZE REDUCTION:2 WORDS
                 SUBOPT_0x10:
                +
000337 e08d     +LDI R24 , LOW ( 13 )
                +__DELAY_USB_LOOP :
000338 958a     +DEC R24
000339 f7f1     +BRNE __DELAY_USB_LOOP
                 	__DELAY_USB 13
00033a 9508      	RET
                 
                 ;OPTIMIZER ADDED SUBROUTINE, CALLED 3 TIMES, CODE SIZE REDUCTION:8 WORDS
                 SUBOPT_0x11:
00033b e3a0      	LDI  R26,LOW(48)
00033c df24      	RCALL __lcd_write_nibble_G101
                +
00033d ec88     +LDI R24 , LOW ( 200 )
00033e e090     +LDI R25 , HIGH ( 200 )
                +__DELAY_USW_LOOP :
00033f 9701     +SBIW R24 , 1
000340 f7f1     +BRNE __DELAY_USW_LOOP
                 	__DELAY_USW 200
000341 9508      	RET
                 
                 
                 	.CSEG
                 _delay_ms:
000342 9610      	adiw r26,0
000343 f039      	breq __delay_ms1
                 __delay_ms0:
                +
000344 ed80     +LDI R24 , LOW ( 0x7D0 )
000345 e097     +LDI R25 , HIGH ( 0x7D0 )
                +__DELAY_USW_LOOP :
000346 9701     +SBIW R24 , 1
000347 f7f1     +BRNE __DELAY_USW_LOOP
                 	__DELAY_USW 0x7D0
000348 95a8      	wdr
000349 9711      	sbiw r26,1
00034a f7c9      	brne __delay_ms0
                 __delay_ms1:
00034b 9508      	ret
                 
                 __ADDW2R15:
00034c 2400      	CLR  R0
00034d 0daf      	ADD  R26,R15
00034e 1db0      	ADC  R27,R0
00034f 9508      	RET
                 
                 __ANEGW1:
000350 95f1      	NEG  R31
000351 95e1      	NEG  R30
000352 40f0      	SBCI R31,0
000353 9508      	RET
                 
                 __GETW1P:
000354 91ed      	LD   R30,X+
000355 91fc      	LD   R31,X
000356 9711      	SBIW R26,1
000357 9508      	RET
                 
                 __GETW1PF:
000358 9005      	LPM  R0,Z+
000359 91f4      	LPM  R31,Z
00035a 2de0      	MOV  R30,R0
00035b 9508      	RET
                 
                 __PUTPARD1:
00035c 937a      	ST   -Y,R23
00035d 936a      	ST   -Y,R22
00035e 93fa      	ST   -Y,R31
00035f 93ea      	ST   -Y,R30
000360 9508      	RET
                 
                 __SAVELOCR6:
000361 935a      	ST   -Y,R21
                 __SAVELOCR5:
000362 934a      	ST   -Y,R20
                 __SAVELOCR4:
000363 933a      	ST   -Y,R19
                 __SAVELOCR3:
000364 932a      	ST   -Y,R18
                 __SAVELOCR2:
000365 931a      	ST   -Y,R17
000366 930a      	ST   -Y,R16
000367 9508      	RET
                 
                 __LOADLOCR6:
000368 815d      	LDD  R21,Y+5
                 __LOADLOCR5:
000369 814c      	LDD  R20,Y+4
                 __LOADLOCR4:
00036a 813b      	LDD  R19,Y+3
                 __LOADLOCR3:
00036b 812a      	LDD  R18,Y+2
                 __LOADLOCR2:
00036c 8119      	LDD  R17,Y+1
00036d 8108      	LD   R16,Y
00036e 9508      	RET
                 
                 ;END OF CODE MARKER
                 __END_OF_CODE:


RESOURCE USE INFORMATION
------------------------

Notice:
The register and instruction counts are symbol table hit counts,
and hence implicitly used resources are not counted, eg, the
'lpm' instruction without operands implicitly uses r0 and z,
none of which are counted.

x,y,z are separate entities in the symbol table and are
counted separately from r26..r31 here.

.dseg memory usage only counts static data declared with .byte

ATmega8A register use summary:
r0 :  11 r1 :   1 r2 :   0 r3 :   0 r4 :   4 r5 :   3 r6 :   2 r7 :   4 
r8 :   0 r9 :   0 r10:   0 r11:   0 r12:   0 r13:   0 r14:   0 r15:   4 
r16:  32 r17:  42 r18:  29 r19:   8 r20:   9 r21:  17 r22:   6 r23:   2 
r24:  19 r25:   5 r26:  87 r27:  30 r28:  14 r29:   1 r30: 171 r31:  46 
x  :  19 y  : 125 z  :  15 
Registers used: 26 out of 35 (74.3%)

ATmega8A instruction use summary:
.lds  :   0 .lds.l:   0 .sts  :   0 .sts.l:   0 adc   :   1 add   :   3 
adiw  :  21 and   :   0 andi  :   6 asr   :   0 bclr  :   0 bld   :   0 
brbc  :   0 brbs  :   0 brcc  :   0 brcs  :   0 break :   0 breq  :  19 
brge  :   0 brhc  :   0 brhs  :   0 brid  :   0 brie  :   0 brlo  :   8 
brlt  :   0 brmi  :   1 brne  :  27 brpl  :   1 brsh  :   2 brtc  :   0 
brts  :   0 brvc  :   0 brvs  :   0 bset  :   0 bst   :   0 cbi   :   9 
cbr   :   0 clc   :   0 clh   :   0 cli   :   1 cln   :   0 clr   :  10 
cls   :   0 clt   :   0 clv   :   0 clz   :   0 com   :   0 cp    :   5 
cpc   :   2 cpi   :  33 cpse  :   0 dec   :   3 des   :   0 eor   :   0 
fmul  :   0 fmuls :   0 fmulsu:   0 icall :   2 ijmp  :   0 in    :   2 
inc   :   2 ld    :  24 ldd   :  63 ldi   : 108 lds   :   0 lpm   :  14 
lsl   :   0 lsr   :   0 mov   :  20 movw  :  14 mul   :   1 muls  :   0 
mulsu :   0 neg   :   2 nop   :   0 or    :   1 ori   :   7 out   :  38 
pop   :   1 push  :   1 rcall : 105 ret   :  33 reti  :   0 rjmp  : 113 
rol   :   0 ror   :   0 sbc   :   1 sbci  :   2 sbi   :   9 sbic  :  16 
sbis  :  16 sbiw  :  19 sbr   :   0 sbrc  :   2 sbrs  :  10 sec   :   0 
seh   :   0 sei   :   0 sen   :   0 ser   :   0 ses   :   0 set   :   0 
sev   :   0 sez   :   0 sleep :   0 spm   :   0 st    :  41 std   :  19 
sts   :   2 sub   :   1 subi  :  16 swap  :   1 tst   :   4 wdr   :   1 

Instructions used: 52 out of 114 (45.6%)

ATmega8A memory use summary [bytes]:
Segment   Begin    End      Code   Data   Used    Size   Use%
---------------------------------------------------------------
[.cseg] 0x000000 0x0006de   1726     32   1758    8192  21.5%
[.dseg] 0x000060 0x000168      0      8      8    1024   0.8%
[.eseg] 0x000000 0x000000      0      0      0     512   0.0%

Assembly complete, 0 errors, 5 warnings
