
AVRASM ver. 2.1.30  D:\projectschool _c\paj85\4_11\Debug\List\paj85.asm Sun Dec 12 17:56:58 2021

D:\projectschool _c\paj85\4_11\Debug\List\paj85.asm(1086): warning: Register r5 already defined by the .DEF directive
D:\projectschool _c\paj85\4_11\Debug\List\paj85.asm(1087): warning: Register r4 already defined by the .DEF directive
D:\projectschool _c\paj85\4_11\Debug\List\paj85.asm(1088): warning: Register r7 already defined by the .DEF directive
D:\projectschool _c\paj85\4_11\Debug\List\paj85.asm(1089): warning: Register r6 already defined by the .DEF directive
                 
                 
                 ;CodeVisionAVR C Compiler V3.12 Advanced
                 ;(C) Copyright 1998-2014 Pavel Haiduc, HP InfoTech s.r.l.
                 ;http://www.hpinfotech.com
                 
                 ;Build configuration    : Debug
                 ;Chip type              : ATmega8A
                 ;Program type           : Application
                 ;Clock frequency        : 8/000000 MHz
                 ;Memory model           : Small
                 ;Optimize for           : Size
                 ;(s)printf features     : int, width
                 ;(s)scanf features      : int, width
                 ;External RAM size      : 0
                 ;Data Stack size        : 256 byte(s)
                 ;Heap size              : 0 byte(s)
                 ;Promote 'char' to 'int': Yes
                 ;'char' is unsigned     : Yes
                 ;8 bit enums            : Yes
                 ;Global 'const' stored in FLASH: Yes
                 ;Enhanced function parameter passing: Yes
                 ;Enhanced core instructions: On
                 ;Automatic register allocation for global variables: On
                 ;Smart register allocation: On
                 
                 	#define _MODEL_SMALL_
                 
                 	#pragma AVRPART ADMIN PART_NAME ATmega8A
                 	#pragma AVRPART MEMORY PROG_FLASH 8192
                 	#pragma AVRPART MEMORY EEPROM 512
                 	#pragma AVRPART MEMORY INT_SRAM SIZE 1024
                 	#pragma AVRPART MEMORY INT_SRAM START_ADDR 0x60
                 
                 	.LISTMAC
                 	.EQU UDRE=0x5
                 	.EQU RXC=0x7
                 	.EQU USR=0xB
                 	.EQU UDR=0xC
                 	.EQU SPSR=0xE
                 	.EQU SPDR=0xF
                 	.EQU EERE=0x0
                 	.EQU EEWE=0x1
                 	.EQU EEMWE=0x2
                 	.EQU EECR=0x1C
                 	.EQU EEDR=0x1D
                 	.EQU EEARL=0x1E
                 	.EQU EEARH=0x1F
                 	.EQU WDTCR=0x21
                 	.EQU MCUCR=0x35
                 	.EQU GICR=0x3B
                 	.EQU SPL=0x3D
                 	.EQU SPH=0x3E
                 	.EQU SREG=0x3F
                 
                 	.DEF R0X0=R0
                 	.DEF R0X1=R1
                 	.DEF R0X2=R2
                 	.DEF R0X3=R3
                 	.DEF R0X4=R4
                 	.DEF R0X5=R5
                 	.DEF R0X6=R6
                 	.DEF R0X7=R7
                 	.DEF R0X8=R8
                 	.DEF R0X9=R9
                 	.DEF R0XA=R10
                 	.DEF R0XB=R11
                 	.DEF R0XC=R12
                 	.DEF R0XD=R13
                 	.DEF R0XE=R14
                 	.DEF R0XF=R15
                 	.DEF R0X10=R16
                 	.DEF R0X11=R17
                 	.DEF R0X12=R18
                 	.DEF R0X13=R19
                 	.DEF R0X14=R20
                 	.DEF R0X15=R21
                 	.DEF R0X16=R22
                 	.DEF R0X17=R23
                 	.DEF R0X18=R24
                 	.DEF R0X19=R25
                 	.DEF R0X1A=R26
                 	.DEF R0X1B=R27
                 	.DEF R0X1C=R28
                 	.DEF R0X1D=R29
                 	.DEF R0X1E=R30
                 	.DEF R0X1F=R31
                 
                 	.EQU __SRAM_START=0x0060
                 	.EQU __SRAM_END=0x045F
                 	.EQU __DSTACK_SIZE=0x0100
                 	.EQU __HEAP_SIZE=0x0000
                 	.EQU __CLEAR_SRAM_SIZE=__SRAM_END-__SRAM_START+1
                 
                 	.MACRO __CPD1N
                 	CPI  R30,LOW(@0)
                 	LDI  R26,HIGH(@0)
                 	CPC  R31,R26
                 	LDI  R26,BYTE3(@0)
                 	CPC  R22,R26
                 	LDI  R26,BYTE4(@0)
                 	CPC  R23,R26
                 	.ENDM
                 
                 	.MACRO __CPD2N
                 	CPI  R26,LOW(@0)
                 	LDI  R30,HIGH(@0)
                 	CPC  R27,R30
                 	LDI  R30,BYTE3(@0)
                 	CPC  R24,R30
                 	LDI  R30,BYTE4(@0)
                 	CPC  R25,R30
                 	.ENDM
                 
                 	.MACRO __CPWRR
                 	CP   R@0,R@2
                 	CPC  R@1,R@3
                 	.ENDM
                 
                 	.MACRO __CPWRN
                 	CPI  R@0,LOW(@2)
                 	LDI  R30,HIGH(@2)
                 	CPC  R@1,R30
                 	.ENDM
                 
                 	.MACRO __ADDB1MN
                 	SUBI R30,LOW(-@0-(@1))
                 	.ENDM
                 
                 	.MACRO __ADDB2MN
                 	SUBI R26,LOW(-@0-(@1))
                 	.ENDM
                 
                 	.MACRO __ADDW1MN
                 	SUBI R30,LOW(-@0-(@1))
                 	SBCI R31,HIGH(-@0-(@1))
                 	.ENDM
                 
                 	.MACRO __ADDW2MN
                 	SUBI R26,LOW(-@0-(@1))
                 	SBCI R27,HIGH(-@0-(@1))
                 	.ENDM
                 
                 	.MACRO __ADDW1FN
                 	SUBI R30,LOW(-2*@0-(@1))
                 	SBCI R31,HIGH(-2*@0-(@1))
                 	.ENDM
                 
                 	.MACRO __ADDD1FN
                 	SUBI R30,LOW(-2*@0-(@1))
                 	SBCI R31,HIGH(-2*@0-(@1))
                 	SBCI R22,BYTE3(-2*@0-(@1))
                 	.ENDM
                 
                 	.MACRO __ADDD1N
                 	SUBI R30,LOW(-@0)
                 	SBCI R31,HIGH(-@0)
                 	SBCI R22,BYTE3(-@0)
                 	SBCI R23,BYTE4(-@0)
                 	.ENDM
                 
                 	.MACRO __ADDD2N
                 	SUBI R26,LOW(-@0)
                 	SBCI R27,HIGH(-@0)
                 	SBCI R24,BYTE3(-@0)
                 	SBCI R25,BYTE4(-@0)
                 	.ENDM
                 
                 	.MACRO __SUBD1N
                 	SUBI R30,LOW(@0)
                 	SBCI R31,HIGH(@0)
                 	SBCI R22,BYTE3(@0)
                 	SBCI R23,BYTE4(@0)
                 	.ENDM
                 
                 	.MACRO __SUBD2N
                 	SUBI R26,LOW(@0)
                 	SBCI R27,HIGH(@0)
                 	SBCI R24,BYTE3(@0)
                 	SBCI R25,BYTE4(@0)
                 	.ENDM
                 
                 	.MACRO __ANDBMNN
                 	LDS  R30,@0+(@1)
                 	ANDI R30,LOW(@2)
                 	STS  @0+(@1),R30
                 	.ENDM
                 
                 	.MACRO __ANDWMNN
                 	LDS  R30,@0+(@1)
                 	ANDI R30,LOW(@2)
                 	STS  @0+(@1),R30
                 	LDS  R30,@0+(@1)+1
                 	ANDI R30,HIGH(@2)
                 	STS  @0+(@1)+1,R30
                 	.ENDM
                 
                 	.MACRO __ANDD1N
                 	ANDI R30,LOW(@0)
                 	ANDI R31,HIGH(@0)
                 	ANDI R22,BYTE3(@0)
                 	ANDI R23,BYTE4(@0)
                 	.ENDM
                 
                 	.MACRO __ANDD2N
                 	ANDI R26,LOW(@0)
                 	ANDI R27,HIGH(@0)
                 	ANDI R24,BYTE3(@0)
                 	ANDI R25,BYTE4(@0)
                 	.ENDM
                 
                 	.MACRO __ORBMNN
                 	LDS  R30,@0+(@1)
                 	ORI  R30,LOW(@2)
                 	STS  @0+(@1),R30
                 	.ENDM
                 
                 	.MACRO __ORWMNN
                 	LDS  R30,@0+(@1)
                 	ORI  R30,LOW(@2)
                 	STS  @0+(@1),R30
                 	LDS  R30,@0+(@1)+1
                 	ORI  R30,HIGH(@2)
                 	STS  @0+(@1)+1,R30
                 	.ENDM
                 
                 	.MACRO __ORD1N
                 	ORI  R30,LOW(@0)
                 	ORI  R31,HIGH(@0)
                 	ORI  R22,BYTE3(@0)
                 	ORI  R23,BYTE4(@0)
                 	.ENDM
                 
                 	.MACRO __ORD2N
                 	ORI  R26,LOW(@0)
                 	ORI  R27,HIGH(@0)
                 	ORI  R24,BYTE3(@0)
                 	ORI  R25,BYTE4(@0)
                 	.ENDM
                 
                 	.MACRO __DELAY_USB
                 	LDI  R24,LOW(@0)
                 __DELAY_USB_LOOP:
                 	DEC  R24
                 	BRNE __DELAY_USB_LOOP
                 	.ENDM
                 
                 	.MACRO __DELAY_USW
                 	LDI  R24,LOW(@0)
                 	LDI  R25,HIGH(@0)
                 __DELAY_USW_LOOP:
                 	SBIW R24,1
                 	BRNE __DELAY_USW_LOOP
                 	.ENDM
                 
                 	.MACRO __GETD1S
                 	LDD  R30,Y+@0
                 	LDD  R31,Y+@0+1
                 	LDD  R22,Y+@0+2
                 	LDD  R23,Y+@0+3
                 	.ENDM
                 
                 	.MACRO __GETD2S
                 	LDD  R26,Y+@0
                 	LDD  R27,Y+@0+1
                 	LDD  R24,Y+@0+2
                 	LDD  R25,Y+@0+3
                 	.ENDM
                 
                 	.MACRO __PUTD1S
                 	STD  Y+@0,R30
                 	STD  Y+@0+1,R31
                 	STD  Y+@0+2,R22
                 	STD  Y+@0+3,R23
                 	.ENDM
                 
                 	.MACRO __PUTD2S
                 	STD  Y+@0,R26
                 	STD  Y+@0+1,R27
                 	STD  Y+@0+2,R24
                 	STD  Y+@0+3,R25
                 	.ENDM
                 
                 	.MACRO __PUTDZ2
                 	STD  Z+@0,R26
                 	STD  Z+@0+1,R27
                 	STD  Z+@0+2,R24
                 	STD  Z+@0+3,R25
                 	.ENDM
                 
                 	.MACRO __CLRD1S
                 	STD  Y+@0,R30
                 	STD  Y+@0+1,R30
                 	STD  Y+@0+2,R30
                 	STD  Y+@0+3,R30
                 	.ENDM
                 
                 	.MACRO __POINTB1MN
                 	LDI  R30,LOW(@0+(@1))
                 	.ENDM
                 
                 	.MACRO __POINTW1MN
                 	LDI  R30,LOW(@0+(@1))
                 	LDI  R31,HIGH(@0+(@1))
                 	.ENDM
                 
                 	.MACRO __POINTD1M
                 	LDI  R30,LOW(@0)
                 	LDI  R31,HIGH(@0)
                 	LDI  R22,BYTE3(@0)
                 	LDI  R23,BYTE4(@0)
                 	.ENDM
                 
                 	.MACRO __POINTW1FN
                 	LDI  R30,LOW(2*@0+(@1))
                 	LDI  R31,HIGH(2*@0+(@1))
                 	.ENDM
                 
                 	.MACRO __POINTD1FN
                 	LDI  R30,LOW(2*@0+(@1))
                 	LDI  R31,HIGH(2*@0+(@1))
                 	LDI  R22,BYTE3(2*@0+(@1))
                 	LDI  R23,BYTE4(2*@0+(@1))
                 	.ENDM
                 
                 	.MACRO __POINTB2MN
                 	LDI  R26,LOW(@0+(@1))
                 	.ENDM
                 
                 	.MACRO __POINTW2MN
                 	LDI  R26,LOW(@0+(@1))
                 	LDI  R27,HIGH(@0+(@1))
                 	.ENDM
                 
                 	.MACRO __POINTW2FN
                 	LDI  R26,LOW(2*@0+(@1))
                 	LDI  R27,HIGH(2*@0+(@1))
                 	.ENDM
                 
                 	.MACRO __POINTD2FN
                 	LDI  R26,LOW(2*@0+(@1))
                 	LDI  R27,HIGH(2*@0+(@1))
                 	LDI  R24,BYTE3(2*@0+(@1))
                 	LDI  R25,BYTE4(2*@0+(@1))
                 	.ENDM
                 
                 	.MACRO __POINTBRM
                 	LDI  R@0,LOW(@1)
                 	.ENDM
                 
                 	.MACRO __POINTWRM
                 	LDI  R@0,LOW(@2)
                 	LDI  R@1,HIGH(@2)
                 	.ENDM
                 
                 	.MACRO __POINTBRMN
                 	LDI  R@0,LOW(@1+(@2))
                 	.ENDM
                 
                 	.MACRO __POINTWRMN
                 	LDI  R@0,LOW(@2+(@3))
                 	LDI  R@1,HIGH(@2+(@3))
                 	.ENDM
                 
                 	.MACRO __POINTWRFN
                 	LDI  R@0,LOW(@2*2+(@3))
                 	LDI  R@1,HIGH(@2*2+(@3))
                 	.ENDM
                 
                 	.MACRO __GETD1N
                 	LDI  R30,LOW(@0)
                 	LDI  R31,HIGH(@0)
                 	LDI  R22,BYTE3(@0)
                 	LDI  R23,BYTE4(@0)
                 	.ENDM
                 
                 	.MACRO __GETD2N
                 	LDI  R26,LOW(@0)
                 	LDI  R27,HIGH(@0)
                 	LDI  R24,BYTE3(@0)
                 	LDI  R25,BYTE4(@0)
                 	.ENDM
                 
                 	.MACRO __GETB1MN
                 	LDS  R30,@0+(@1)
                 	.ENDM
                 
                 	.MACRO __GETB1HMN
                 	LDS  R31,@0+(@1)
                 	.ENDM
                 
                 	.MACRO __GETW1MN
                 	LDS  R30,@0+(@1)
                 	LDS  R31,@0+(@1)+1
                 	.ENDM
                 
                 	.MACRO __GETD1MN
                 	LDS  R30,@0+(@1)
                 	LDS  R31,@0+(@1)+1
                 	LDS  R22,@0+(@1)+2
                 	LDS  R23,@0+(@1)+3
                 	.ENDM
                 
                 	.MACRO __GETBRMN
                 	LDS  R@0,@1+(@2)
                 	.ENDM
                 
                 	.MACRO __GETWRMN
                 	LDS  R@0,@2+(@3)
                 	LDS  R@1,@2+(@3)+1
                 	.ENDM
                 
                 	.MACRO __GETWRZ
                 	LDD  R@0,Z+@2
                 	LDD  R@1,Z+@2+1
                 	.ENDM
                 
                 	.MACRO __GETD2Z
                 	LDD  R26,Z+@0
                 	LDD  R27,Z+@0+1
                 	LDD  R24,Z+@0+2
                 	LDD  R25,Z+@0+3
                 	.ENDM
                 
                 	.MACRO __GETB2MN
                 	LDS  R26,@0+(@1)
                 	.ENDM
                 
                 	.MACRO __GETW2MN
                 	LDS  R26,@0+(@1)
                 	LDS  R27,@0+(@1)+1
                 	.ENDM
                 
                 	.MACRO __GETD2MN
                 	LDS  R26,@0+(@1)
                 	LDS  R27,@0+(@1)+1
                 	LDS  R24,@0+(@1)+2
                 	LDS  R25,@0+(@1)+3
                 	.ENDM
                 
                 	.MACRO __PUTB1MN
                 	STS  @0+(@1),R30
                 	.ENDM
                 
                 	.MACRO __PUTW1MN
                 	STS  @0+(@1),R30
                 	STS  @0+(@1)+1,R31
                 	.ENDM
                 
                 	.MACRO __PUTD1MN
                 	STS  @0+(@1),R30
                 	STS  @0+(@1)+1,R31
                 	STS  @0+(@1)+2,R22
                 	STS  @0+(@1)+3,R23
                 	.ENDM
                 
                 	.MACRO __PUTB1EN
                 	LDI  R26,LOW(@0+(@1))
                 	LDI  R27,HIGH(@0+(@1))
                 	RCALL __EEPROMWRB
                 	.ENDM
                 
                 	.MACRO __PUTW1EN
                 	LDI  R26,LOW(@0+(@1))
                 	LDI  R27,HIGH(@0+(@1))
                 	RCALL __EEPROMWRW
                 	.ENDM
                 
                 	.MACRO __PUTD1EN
                 	LDI  R26,LOW(@0+(@1))
                 	LDI  R27,HIGH(@0+(@1))
                 	RCALL __EEPROMWRD
                 	.ENDM
                 
                 	.MACRO __PUTBR0MN
                 	STS  @0+(@1),R0
                 	.ENDM
                 
                 	.MACRO __PUTBMRN
                 	STS  @0+(@1),R@2
                 	.ENDM
                 
                 	.MACRO __PUTWMRN
                 	STS  @0+(@1),R@2
                 	STS  @0+(@1)+1,R@3
                 	.ENDM
                 
                 	.MACRO __PUTBZR
                 	STD  Z+@1,R@0
                 	.ENDM
                 
                 	.MACRO __PUTWZR
                 	STD  Z+@2,R@0
                 	STD  Z+@2+1,R@1
                 	.ENDM
                 
                 	.MACRO __GETW1R
                 	MOV  R30,R@0
                 	MOV  R31,R@1
                 	.ENDM
                 
                 	.MACRO __GETW2R
                 	MOV  R26,R@0
                 	MOV  R27,R@1
                 	.ENDM
                 
                 	.MACRO __GETWRN
                 	LDI  R@0,LOW(@2)
                 	LDI  R@1,HIGH(@2)
                 	.ENDM
                 
                 	.MACRO __PUTW1R
                 	MOV  R@0,R30
                 	MOV  R@1,R31
                 	.ENDM
                 
                 	.MACRO __PUTW2R
                 	MOV  R@0,R26
                 	MOV  R@1,R27
                 	.ENDM
                 
                 	.MACRO __ADDWRN
                 	SUBI R@0,LOW(-@2)
                 	SBCI R@1,HIGH(-@2)
                 	.ENDM
                 
                 	.MACRO __ADDWRR
                 	ADD  R@0,R@2
                 	ADC  R@1,R@3
                 	.ENDM
                 
                 	.MACRO __SUBWRN
                 	SUBI R@0,LOW(@2)
                 	SBCI R@1,HIGH(@2)
                 	.ENDM
                 
                 	.MACRO __SUBWRR
                 	SUB  R@0,R@2
                 	SBC  R@1,R@3
                 	.ENDM
                 
                 	.MACRO __ANDWRN
                 	ANDI R@0,LOW(@2)
                 	ANDI R@1,HIGH(@2)
                 	.ENDM
                 
                 	.MACRO __ANDWRR
                 	AND  R@0,R@2
                 	AND  R@1,R@3
                 	.ENDM
                 
                 	.MACRO __ORWRN
                 	ORI  R@0,LOW(@2)
                 	ORI  R@1,HIGH(@2)
                 	.ENDM
                 
                 	.MACRO __ORWRR
                 	OR   R@0,R@2
                 	OR   R@1,R@3
                 	.ENDM
                 
                 	.MACRO __EORWRR
                 	EOR  R@0,R@2
                 	EOR  R@1,R@3
                 	.ENDM
                 
                 	.MACRO __GETWRS
                 	LDD  R@0,Y+@2
                 	LDD  R@1,Y+@2+1
                 	.ENDM
                 
                 	.MACRO __PUTBSR
                 	STD  Y+@1,R@0
                 	.ENDM
                 
                 	.MACRO __PUTWSR
                 	STD  Y+@2,R@0
                 	STD  Y+@2+1,R@1
                 	.ENDM
                 
                 	.MACRO __MOVEWRR
                 	MOV  R@0,R@2
                 	MOV  R@1,R@3
                 	.ENDM
                 
                 	.MACRO __INWR
                 	IN   R@0,@2
                 	IN   R@1,@2+1
                 	.ENDM
                 
                 	.MACRO __OUTWR
                 	OUT  @2+1,R@1
                 	OUT  @2,R@0
                 	.ENDM
                 
                 	.MACRO __CALL1MN
                 	LDS  R30,@0+(@1)
                 	LDS  R31,@0+(@1)+1
                 	ICALL
                 	.ENDM
                 
                 	.MACRO __CALL1FN
                 	LDI  R30,LOW(2*@0+(@1))
                 	LDI  R31,HIGH(2*@0+(@1))
                 	RCALL __GETW1PF
                 	ICALL
                 	.ENDM
                 
                 	.MACRO __CALL2EN
                 	PUSH R26
                 	PUSH R27
                 	LDI  R26,LOW(@0+(@1))
                 	LDI  R27,HIGH(@0+(@1))
                 	RCALL __EEPROMRDW
                 	POP  R27
                 	POP  R26
                 	ICALL
                 	.ENDM
                 
                 	.MACRO __CALL2EX
                 	SUBI R26,LOW(-@0)
                 	SBCI R27,HIGH(-@0)
                 	RCALL __EEPROMRDD
                 	ICALL
                 	.ENDM
                 
                 	.MACRO __GETW1STACK
                 	IN   R30,SPL
                 	IN   R31,SPH
                 	ADIW R30,@0+1
                 	LD   R0,Z+
                 	LD   R31,Z
                 	MOV  R30,R0
                 	.ENDM
                 
                 	.MACRO __GETD1STACK
                 	IN   R30,SPL
                 	IN   R31,SPH
                 	ADIW R30,@0+1
                 	LD   R0,Z+
                 	LD   R1,Z+
                 	LD   R22,Z
                 	MOVW R30,R0
                 	.ENDM
                 
                 	.MACRO __NBST
                 	BST  R@0,@1
                 	IN   R30,SREG
                 	LDI  R31,0x40
                 	EOR  R30,R31
                 	OUT  SREG,R30
                 	.ENDM
                 
                 
                 	.MACRO __PUTB1SN
                 	LDD  R26,Y+@0
                 	LDD  R27,Y+@0+1
                 	SUBI R26,LOW(-@1)
                 	SBCI R27,HIGH(-@1)
                 	ST   X,R30
                 	.ENDM
                 
                 	.MACRO __PUTW1SN
                 	LDD  R26,Y+@0
                 	LDD  R27,Y+@0+1
                 	SUBI R26,LOW(-@1)
                 	SBCI R27,HIGH(-@1)
                 	ST   X+,R30
                 	ST   X,R31
                 	.ENDM
                 
                 	.MACRO __PUTD1SN
                 	LDD  R26,Y+@0
                 	LDD  R27,Y+@0+1
                 	SUBI R26,LOW(-@1)
                 	SBCI R27,HIGH(-@1)
                 	RCALL __PUTDP1
                 	.ENDM
                 
                 	.MACRO __PUTB1SNS
                 	LDD  R26,Y+@0
                 	LDD  R27,Y+@0+1
                 	ADIW R26,@1
                 	ST   X,R30
                 	.ENDM
                 
                 	.MACRO __PUTW1SNS
                 	LDD  R26,Y+@0
                 	LDD  R27,Y+@0+1
                 	ADIW R26,@1
                 	ST   X+,R30
                 	ST   X,R31
                 	.ENDM
                 
                 	.MACRO __PUTD1SNS
                 	LDD  R26,Y+@0
                 	LDD  R27,Y+@0+1
                 	ADIW R26,@1
                 	RCALL __PUTDP1
                 	.ENDM
                 
                 	.MACRO __PUTB1PMN
                 	LDS  R26,@0
                 	LDS  R27,@0+1
                 	SUBI R26,LOW(-@1)
                 	SBCI R27,HIGH(-@1)
                 	ST   X,R30
                 	.ENDM
                 
                 	.MACRO __PUTW1PMN
                 	LDS  R26,@0
                 	LDS  R27,@0+1
                 	SUBI R26,LOW(-@1)
                 	SBCI R27,HIGH(-@1)
                 	ST   X+,R30
                 	ST   X,R31
                 	.ENDM
                 
                 	.MACRO __PUTD1PMN
                 	LDS  R26,@0
                 	LDS  R27,@0+1
                 	SUBI R26,LOW(-@1)
                 	SBCI R27,HIGH(-@1)
                 	RCALL __PUTDP1
                 	.ENDM
                 
                 	.MACRO __PUTB1PMNS
                 	LDS  R26,@0
                 	LDS  R27,@0+1
                 	ADIW R26,@1
                 	ST   X,R30
                 	.ENDM
                 
                 	.MACRO __PUTW1PMNS
                 	LDS  R26,@0
                 	LDS  R27,@0+1
                 	ADIW R26,@1
                 	ST   X+,R30
                 	ST   X,R31
                 	.ENDM
                 
                 	.MACRO __PUTD1PMNS
                 	LDS  R26,@0
                 	LDS  R27,@0+1
                 	ADIW R26,@1
                 	RCALL __PUTDP1
                 	.ENDM
                 
                 	.MACRO __PUTB1RN
                 	MOVW R26,R@0
                 	SUBI R26,LOW(-@1)
                 	SBCI R27,HIGH(-@1)
                 	ST   X,R30
                 	.ENDM
                 
                 	.MACRO __PUTW1RN
                 	MOVW R26,R@0
                 	SUBI R26,LOW(-@1)
                 	SBCI R27,HIGH(-@1)
                 	ST   X+,R30
                 	ST   X,R31
                 	.ENDM
                 
                 	.MACRO __PUTD1RN
                 	MOVW R26,R@0
                 	SUBI R26,LOW(-@1)
                 	SBCI R27,HIGH(-@1)
                 	RCALL __PUTDP1
                 	.ENDM
                 
                 	.MACRO __PUTB1RNS
                 	MOVW R26,R@0
                 	ADIW R26,@1
                 	ST   X,R30
                 	.ENDM
                 
                 	.MACRO __PUTW1RNS
                 	MOVW R26,R@0
                 	ADIW R26,@1
                 	ST   X+,R30
                 	ST   X,R31
                 	.ENDM
                 
                 	.MACRO __PUTD1RNS
                 	MOVW R26,R@0
                 	ADIW R26,@1
                 	RCALL __PUTDP1
                 	.ENDM
                 
                 	.MACRO __PUTB1RON
                 	MOV  R26,R@0
                 	MOV  R27,R@1
                 	SUBI R26,LOW(-@2)
                 	SBCI R27,HIGH(-@2)
                 	ST   X,R30
                 	.ENDM
                 
                 	.MACRO __PUTW1RON
                 	MOV  R26,R@0
                 	MOV  R27,R@1
                 	SUBI R26,LOW(-@2)
                 	SBCI R27,HIGH(-@2)
                 	ST   X+,R30
                 	ST   X,R31
                 	.ENDM
                 
                 	.MACRO __PUTD1RON
                 	MOV  R26,R@0
                 	MOV  R27,R@1
                 	SUBI R26,LOW(-@2)
                 	SBCI R27,HIGH(-@2)
                 	RCALL __PUTDP1
                 	.ENDM
                 
                 	.MACRO __PUTB1RONS
                 	MOV  R26,R@0
                 	MOV  R27,R@1
                 	ADIW R26,@2
                 	ST   X,R30
                 	.ENDM
                 
                 	.MACRO __PUTW1RONS
                 	MOV  R26,R@0
                 	MOV  R27,R@1
                 	ADIW R26,@2
                 	ST   X+,R30
                 	ST   X,R31
                 	.ENDM
                 
                 	.MACRO __PUTD1RONS
                 	MOV  R26,R@0
                 	MOV  R27,R@1
                 	ADIW R26,@2
                 	RCALL __PUTDP1
                 	.ENDM
                 
                 
                 	.MACRO __GETB1SX
                 	MOVW R30,R28
                 	SUBI R30,LOW(-@0)
                 	SBCI R31,HIGH(-@0)
                 	LD   R30,Z
                 	.ENDM
                 
                 	.MACRO __GETB1HSX
                 	MOVW R30,R28
                 	SUBI R30,LOW(-@0)
                 	SBCI R31,HIGH(-@0)
                 	LD   R31,Z
                 	.ENDM
                 
                 	.MACRO __GETW1SX
                 	MOVW R30,R28
                 	SUBI R30,LOW(-@0)
                 	SBCI R31,HIGH(-@0)
                 	LD   R0,Z+
                 	LD   R31,Z
                 	MOV  R30,R0
                 	.ENDM
                 
                 	.MACRO __GETD1SX
                 	MOVW R30,R28
                 	SUBI R30,LOW(-@0)
                 	SBCI R31,HIGH(-@0)
                 	LD   R0,Z+
                 	LD   R1,Z+
                 	LD   R22,Z+
                 	LD   R23,Z
                 	MOVW R30,R0
                 	.ENDM
                 
                 	.MACRO __GETB2SX
                 	MOVW R26,R28
                 	SUBI R26,LOW(-@0)
                 	SBCI R27,HIGH(-@0)
                 	LD   R26,X
                 	.ENDM
                 
                 	.MACRO __GETW2SX
                 	MOVW R26,R28
                 	SUBI R26,LOW(-@0)
                 	SBCI R27,HIGH(-@0)
                 	LD   R0,X+
                 	LD   R27,X
                 	MOV  R26,R0
                 	.ENDM
                 
                 	.MACRO __GETD2SX
                 	MOVW R26,R28
                 	SUBI R26,LOW(-@0)
                 	SBCI R27,HIGH(-@0)
                 	LD   R0,X+
                 	LD   R1,X+
                 	LD   R24,X+
                 	LD   R25,X
                 	MOVW R26,R0
                 	.ENDM
                 
                 	.MACRO __GETBRSX
                 	MOVW R30,R28
                 	SUBI R30,LOW(-@1)
                 	SBCI R31,HIGH(-@1)
                 	LD   R@0,Z
                 	.ENDM
                 
                 	.MACRO __GETWRSX
                 	MOVW R30,R28
                 	SUBI R30,LOW(-@2)
                 	SBCI R31,HIGH(-@2)
                 	LD   R@0,Z+
                 	LD   R@1,Z
                 	.ENDM
                 
                 	.MACRO __GETBRSX2
                 	MOVW R26,R28
                 	SUBI R26,LOW(-@1)
                 	SBCI R27,HIGH(-@1)
                 	LD   R@0,X
                 	.ENDM
                 
                 	.MACRO __GETWRSX2
                 	MOVW R26,R28
                 	SUBI R26,LOW(-@2)
                 	SBCI R27,HIGH(-@2)
                 	LD   R@0,X+
                 	LD   R@1,X
                 	.ENDM
                 
                 	.MACRO __LSLW8SX
                 	MOVW R30,R28
                 	SUBI R30,LOW(-@0)
                 	SBCI R31,HIGH(-@0)
                 	LD   R31,Z
                 	CLR  R30
                 	.ENDM
                 
                 	.MACRO __PUTB1SX
                 	MOVW R26,R28
                 	SUBI R26,LOW(-@0)
                 	SBCI R27,HIGH(-@0)
                 	ST   X,R30
                 	.ENDM
                 
                 	.MACRO __PUTW1SX
                 	MOVW R26,R28
                 	SUBI R26,LOW(-@0)
                 	SBCI R27,HIGH(-@0)
                 	ST   X+,R30
                 	ST   X,R31
                 	.ENDM
                 
                 	.MACRO __PUTD1SX
                 	MOVW R26,R28
                 	SUBI R26,LOW(-@0)
                 	SBCI R27,HIGH(-@0)
                 	ST   X+,R30
                 	ST   X+,R31
                 	ST   X+,R22
                 	ST   X,R23
                 	.ENDM
                 
                 	.MACRO __CLRW1SX
                 	MOVW R26,R28
                 	SUBI R26,LOW(-@0)
                 	SBCI R27,HIGH(-@0)
                 	ST   X+,R30
                 	ST   X,R30
                 	.ENDM
                 
                 	.MACRO __CLRD1SX
                 	MOVW R26,R28
                 	SUBI R26,LOW(-@0)
                 	SBCI R27,HIGH(-@0)
                 	ST   X+,R30
                 	ST   X+,R30
                 	ST   X+,R30
                 	ST   X,R30
                 	.ENDM
                 
                 	.MACRO __PUTB2SX
                 	MOVW R30,R28
                 	SUBI R30,LOW(-@0)
                 	SBCI R31,HIGH(-@0)
                 	ST   Z,R26
                 	.ENDM
                 
                 	.MACRO __PUTW2SX
                 	MOVW R30,R28
                 	SUBI R30,LOW(-@0)
                 	SBCI R31,HIGH(-@0)
                 	ST   Z+,R26
                 	ST   Z,R27
                 	.ENDM
                 
                 	.MACRO __PUTD2SX
                 	MOVW R30,R28
                 	SUBI R30,LOW(-@0)
                 	SBCI R31,HIGH(-@0)
                 	ST   Z+,R26
                 	ST   Z+,R27
                 	ST   Z+,R24
                 	ST   Z,R25
                 	.ENDM
                 
                 	.MACRO __PUTBSRX
                 	MOVW R30,R28
                 	SUBI R30,LOW(-@1)
                 	SBCI R31,HIGH(-@1)
                 	ST   Z,R@0
                 	.ENDM
                 
                 	.MACRO __PUTWSRX
                 	MOVW R30,R28
                 	SUBI R30,LOW(-@2)
                 	SBCI R31,HIGH(-@2)
                 	ST   Z+,R@0
                 	ST   Z,R@1
                 	.ENDM
                 
                 	.MACRO __PUTB1SNX
                 	MOVW R26,R28
                 	SUBI R26,LOW(-@0)
                 	SBCI R27,HIGH(-@0)
                 	LD   R0,X+
                 	LD   R27,X
                 	MOV  R26,R0
                 	SUBI R26,LOW(-@1)
                 	SBCI R27,HIGH(-@1)
                 	ST   X,R30
                 	.ENDM
                 
                 	.MACRO __PUTW1SNX
                 	MOVW R26,R28
                 	SUBI R26,LOW(-@0)
                 	SBCI R27,HIGH(-@0)
                 	LD   R0,X+
                 	LD   R27,X
                 	MOV  R26,R0
                 	SUBI R26,LOW(-@1)
                 	SBCI R27,HIGH(-@1)
                 	ST   X+,R30
                 	ST   X,R31
                 	.ENDM
                 
                 	.MACRO __PUTD1SNX
                 	MOVW R26,R28
                 	SUBI R26,LOW(-@0)
                 	SBCI R27,HIGH(-@0)
                 	LD   R0,X+
                 	LD   R27,X
                 	MOV  R26,R0
                 	SUBI R26,LOW(-@1)
                 	SBCI R27,HIGH(-@1)
                 	ST   X+,R30
                 	ST   X+,R31
                 	ST   X+,R22
                 	ST   X,R23
                 	.ENDM
                 
                 	.MACRO __MULBRR
                 	MULS R@0,R@1
                 	MOVW R30,R0
                 	.ENDM
                 
                 	.MACRO __MULBRRU
                 	MUL  R@0,R@1
                 	MOVW R30,R0
                 	.ENDM
                 
                 	.MACRO __MULBRR0
                 	MULS R@0,R@1
                 	.ENDM
                 
                 	.MACRO __MULBRRU0
                 	MUL  R@0,R@1
                 	.ENDM
                 
                 	.MACRO __MULBNWRU
                 	LDI  R26,@2
                 	MUL  R26,R@0
                 	MOVW R30,R0
                 	MUL  R26,R@1
                 	ADD  R31,R0
                 	.ENDM
                 
                 ;NAME DEFINITIONS FOR GLOBAL VARIABLES ALLOCATED TO REGISTERS
                 	.DEF _i=R5
                 	.DEF __lcd_x=R4
                 	.DEF __lcd_y=R7
                 	.DEF __lcd_maxx=R6
                 
                 	.CSEG
                 	.ORG 0x00
                 
                 ;START OF CODE MARKER
                 __START_OF_CODE:
                 
                 ;INTERRUPT VECTORS
000000 c02c      	RJMP __RESET
000001 cffe      	RJMP 0x00
000002 cffd      	RJMP 0x00
000003 cffc      	RJMP 0x00
000004 cffb      	RJMP 0x00
000005 cffa      	RJMP 0x00
000006 cff9      	RJMP 0x00
000007 cff8      	RJMP 0x00
000008 cff7      	RJMP 0x00
000009 cff6      	RJMP 0x00
00000a cff5      	RJMP 0x00
00000b cff4      	RJMP 0x00
00000c cff3      	RJMP 0x00
00000d cff2      	RJMP 0x00
00000e cff1      	RJMP 0x00
00000f cff0      	RJMP 0x00
000010 cfef      	RJMP 0x00
000011 cfee      	RJMP 0x00
000012 cfed      	RJMP 0x00
                 
                 _tbl10_G101:
000013 2710
000014 03e8
000015 0064
000016 000a      	.DB  0x10,0x27,0xE8,0x3,0x64,0x0,0xA,0x0
000017 0001      	.DB  0x1,0x0
                 _tbl16_G101:
000018 1000
000019 0100
00001a 0010
00001b 0001      	.DB  0x0,0x10,0x0,0x1,0x10,0x0,0x1,0x0
                 
                 ;GLOBAL REGISTER VARIABLES INITIALIZATION
                 __REG_VARS:
D:\projectschool _c\paj85\4_11\Debug\List\paj85.asm(1126): warning: .cseg .db misalignment - padding zero byte
00001c 0000      	.DB  0x0
                 
                 _0x0:
00001d 7250
00001e 7365
00001f 2073
000020 656b      	.DB  0x50,0x72,0x65,0x73,0x73,0x20,0x6B,0x65
000021 3a79
000022 2500
000023 3230
000024 0064      	.DB  0x79,0x3A,0x0,0x25,0x30,0x32,0x64,0x0
                 _0x2000003:
000025 c080      	.DB  0x80,0xC0
                 
                 __GLOBAL_INI_TBL:
000026 0001      	.DW  0x01
000027 0005      	.DW  0x05
000028 0038      	.DW  __REG_VARS*2
                 
000029 0002      	.DW  0x02
00002a 0166      	.DW  __base_y_G100
00002b 004a      	.DW  _0x2000003*2
                 
                 _0xFFFFFFFF:
00002c 0000      	.DW  0
                 
                 #define __GLOBAL_INI_TBL_PRESENT 1
                 
                 __RESET:
00002d 94f8      	CLI
00002e 27ee      	CLR  R30
00002f bbec      	OUT  EECR,R30
                 
                 ;INTERRUPT VECTORS ARE PLACED
                 ;AT THE START OF FLASH
000030 e0f1      	LDI  R31,1
000031 bffb      	OUT  GICR,R31
000032 bfeb      	OUT  GICR,R30
000033 bfe5      	OUT  MCUCR,R30
                 
                 ;CLEAR R2-R14
000034 e08d      	LDI  R24,(14-2)+1
000035 e0a2      	LDI  R26,2
000036 27bb      	CLR  R27
                 __CLEAR_REG:
000037 93ed      	ST   X+,R30
000038 958a      	DEC  R24
000039 f7e9      	BRNE __CLEAR_REG
                 
                 ;CLEAR SRAM
00003a e080      	LDI  R24,LOW(__CLEAR_SRAM_SIZE)
00003b e094      	LDI  R25,HIGH(__CLEAR_SRAM_SIZE)
00003c e6a0      	LDI  R26,__SRAM_START
                 __CLEAR_SRAM:
00003d 93ed      	ST   X+,R30
00003e 9701      	SBIW R24,1
00003f f7e9      	BRNE __CLEAR_SRAM
                 
                 ;GLOBAL VARIABLES INITIALIZATION
000040 e4ec      	LDI  R30,LOW(__GLOBAL_INI_TBL*2)
000041 e0f0      	LDI  R31,HIGH(__GLOBAL_INI_TBL*2)
                 __GLOBAL_INI_NEXT:
000042 9185      	LPM  R24,Z+
000043 9195      	LPM  R25,Z+
000044 9700      	SBIW R24,0
000045 f061      	BREQ __GLOBAL_INI_END
000046 91a5      	LPM  R26,Z+
000047 91b5      	LPM  R27,Z+
000048 9005      	LPM  R0,Z+
000049 9015      	LPM  R1,Z+
00004a 01bf      	MOVW R22,R30
00004b 01f0      	MOVW R30,R0
                 __GLOBAL_INI_LOOP:
00004c 9005      	LPM  R0,Z+
00004d 920d      	ST   X+,R0
00004e 9701      	SBIW R24,1
00004f f7e1      	BRNE __GLOBAL_INI_LOOP
000050 01fb      	MOVW R30,R22
000051 cff0      	RJMP __GLOBAL_INI_NEXT
                 __GLOBAL_INI_END:
                 
                 ;HARDWARE STACK POINTER INITIALIZATION
000052 e5ef      	LDI  R30,LOW(__SRAM_END-__HEAP_SIZE)
000053 bfed      	OUT  SPL,R30
000054 e0e4      	LDI  R30,HIGH(__SRAM_END-__HEAP_SIZE)
000055 bfee      	OUT  SPH,R30
                 
                 ;DATA STACK POINTER INITIALIZATION
000056 e6c0      	LDI  R28,LOW(__SRAM_START+__DSTACK_SIZE)
000057 e0d1      	LDI  R29,HIGH(__SRAM_START+__DSTACK_SIZE)
                 
000058 c000      	RJMP _main
                 
                 	.ESEG
                 	.ORG 0
                 
                 	.DSEG
                 	.ORG 0x160
                 
                 	.CSEG
                 ;/*******************************************************
                 ;This program was created by the
                 ;CodeWizardAVR V3.12 Advanced
                 ;Automatic Program Generator
                 ;© Copyright 1998-2014 Pavel Haiduc, HP InfoTech s.r.l.
                 ;http://www.hpinfotech.com
                 ;
                 ;Project :
                 ;Version :
                 ;Date    : 12/12/2021
                 ;Author  :
                 ;Company :
                 ;Comments:
                 ;
                 ;
                 ;Chip type               : ATmega8A
                 ;Program type            : Application
                 ;AVR Core Clock frequency: 8/000000 MHz
                 ;Memory model            : Small
                 ;External RAM size       : 0
                 ;Data Stack size         : 256
                 ;*******************************************************/
                 ;
                 ;#include <mega8.h>
                 	#ifndef __SLEEP_DEFINED__
                 	#define __SLEEP_DEFINED__
                 	.EQU __se_bit=0x80
                 	.EQU __sm_mask=0x70
                 	.EQU __sm_powerdown=0x20
                 	.EQU __sm_powersave=0x30
                 	.EQU __sm_standby=0x60
                 	.EQU __sm_ext_standby=0x70
                 	.EQU __sm_adc_noise_red=0x10
                 	.SET power_ctrl_reg=mcucr
                 	#endif
                 ;
                 ;// Alphanumeric LCD functions
                 ;#include <alcd.h>
                 ;#include <delay.h>
                 ;#include <stdio.h>
                 ;char s[6];
                 ;unsigned char i=0;
                 ;
                 ;// Declare your global variables here
                 ;
                 ;void main(void)
                 ; 0000 0024 {
                 
                 	.CSEG
                 _main:
                 ; .FSTART _main
                 ; 0000 0025 DDRB.0=0;
000059 98b8      	CBI  0x17,0
                 ; 0000 0026 DDRB.1=0;
00005a 98b9      	CBI  0x17,1
                 ; 0000 0027 PORTB.0=1;
00005b 9ac0      	SBI  0x18,0
                 ; 0000 0028 PORTB.1=1;
00005c 9ac1      	SBI  0x18,1
                 ; 0000 0029 // Declare your local variables here
                 ; 0000 002A 
                 ; 0000 002B // Input/Output Ports initialization
                 ; 0000 002C // Port B initialization
                 ; 0000 002D // Function: Bit7=In Bit6=In Bit5=In Bit4=In Bit3=In Bit2=In Bit1=In Bit0=In
                 ; 0000 002E DDRC=(0<<DDC6) | (0<<DDC5) | (0<<DDC4) | (0<<DDC3) | (0<<DDC2) | (0<<DDC1) | (0<<DDC0);
00005d e0e0      	LDI  R30,LOW(0)
00005e bbe4      	OUT  0x14,R30
                 ; 0000 002F // State: Bit7=T Bit6=T Bit5=T Bit4=T Bit3=T Bit2=T Bit1=T Bit0=T
                 ; 0000 0030 PORTC=(0<<PORTC6) | (0<<PORTC5) | (0<<PORTC4) | (0<<PORTC3) | (0<<PORTC2) | (0<<PORTC1) | (0<<PORTC0);
00005f bbe5      	OUT  0x15,R30
                 ; 0000 0031 
                 ; 0000 0032 // Port C initialization
                 ; 0000 0033 // Function: Bit6=In Bit5=In Bit4=In Bit3=In Bit2=In Bit1=In Bit0=In
                 ; 0000 0034 DDRC=(0<<DDD7) | (0<<DDD6) | (0<<DDD5) | (0<<DDD4) | (0<<DDD3) | (0<<DDD2) | (0<<DDD1) | (0<<DDD0);
000060 bbe4      	OUT  0x14,R30
                 ; 0000 0035 // State: Bit6=T Bit5=T Bit4=T Bit3=T Bit2=T Bit1=T Bit0=T
                 ; 0000 0036 PORTD=(0<<PORTD7) | (0<<PORTD6) | (0<<PORTD5) | (0<<PORTD4) | (0<<PORTD3) | (0<<PORTD2) | (0<<PORTD1)| (0<<PORTD0);
000061 bbe2      	OUT  0x12,R30
                 ; 0000 0037 // Timer/Counter 0 initialization
                 ; 0000 0038 // Clock source: System Clock
                 ; 0000 0039 // Clock value: Timer 0 Stopped
                 ; 0000 003A TCCR0=(0<<CS02) | (0<<CS01) | (0<<CS00);
000062 bfe3      	OUT  0x33,R30
                 ; 0000 003B TCNT0=0x00;
000063 bfe2      	OUT  0x32,R30
                 ; 0000 003C 
                 ; 0000 003D // Timer/Counter 1 initialization
                 ; 0000 003E // Clock source: System Clock
                 ; 0000 003F // Clock value: Timer1 Stopped
                 ; 0000 0040 // Mode: Normal top=0xFFFF
                 ; 0000 0041 // OC1A output: Disconnected
                 ; 0000 0042 // OC1B output: Disconnected
                 ; 0000 0043 // Noise Canceler: Off
                 ; 0000 0044 // Input Capture on Falling Edge
                 ; 0000 0045 // Timer1 Overflow Interrupt: Off
                 ; 0000 0046 // Input Capture Interrupt: Off
                 ; 0000 0047 // Compare A Match Interrupt: Off
                 ; 0000 0048 // Compare B Match Interrupt: Off
                 ; 0000 0049 TCCR1A=(0<<COM1A1) | (0<<COM1A0) | (0<<COM1B1) | (0<<COM1B0) | (0<<WGM11) | (0<<WGM10);
000064 bdef      	OUT  0x2F,R30
                 ; 0000 004A TCCR1B=(0<<ICNC1) | (0<<ICES1) | (0<<WGM13) | (0<<WGM12) | (0<<CS12) | (0<<CS11) | (0<<CS10);
000065 bdee      	OUT  0x2E,R30
                 ; 0000 004B TCNT1H=0x00;
000066 bded      	OUT  0x2D,R30
                 ; 0000 004C TCNT1L=0x00;
000067 bdec      	OUT  0x2C,R30
                 ; 0000 004D ICR1H=0x00;
000068 bde7      	OUT  0x27,R30
                 ; 0000 004E ICR1L=0x00;
000069 bde6      	OUT  0x26,R30
                 ; 0000 004F OCR1AH=0x00;
00006a bdeb      	OUT  0x2B,R30
                 ; 0000 0050 OCR1AL=0x00;
00006b bdea      	OUT  0x2A,R30
                 ; 0000 0051 OCR1BH=0x00;
00006c bde9      	OUT  0x29,R30
                 ; 0000 0052 OCR1BL=0x00;
00006d bde8      	OUT  0x28,R30
                 ; 0000 0053 
                 ; 0000 0054 // Timer/Counter 2 initialization
                 ; 0000 0055 // Clock source: System Clock
                 ; 0000 0056 // Clock value: Timer2 Stopped
                 ; 0000 0057 // Mode: Normal top=0xFF
                 ; 0000 0058 // OC2 output: Disconnected
                 ; 0000 0059 ASSR=0<<AS2;
00006e bde2      	OUT  0x22,R30
                 ; 0000 005A TCCR2=(0<<PWM2) | (0<<COM21) | (0<<COM20) | (0<<CTC2) | (0<<CS22) | (0<<CS21) | (0<<CS20);
00006f bde5      	OUT  0x25,R30
                 ; 0000 005B TCNT2=0x00;
000070 bde4      	OUT  0x24,R30
                 ; 0000 005C OCR2=0x00;
000071 bde3      	OUT  0x23,R30
                 ; 0000 005D 
                 ; 0000 005E // Timer(s)/Counter(s) Interrupt(s) initialization
                 ; 0000 005F TIMSK=(0<<OCIE2) | (0<<TOIE2) | (0<<TICIE1) | (0<<OCIE1A) | (0<<OCIE1B) | (0<<TOIE1) | (0<<TOIE0);
000072 bfe9      	OUT  0x39,R30
                 ; 0000 0060 
                 ; 0000 0061 // External Interrupt(s) initialization
                 ; 0000 0062 // INT0: Off
                 ; 0000 0063 // INT1: Off
                 ; 0000 0064 MCUCR=(0<<ISC11) | (0<<ISC10) | (0<<ISC01) | (0<<ISC00);
000073 bfe5      	OUT  0x35,R30
                 ; 0000 0065 
                 ; 0000 0066 // USART initialization
                 ; 0000 0067 // USART disabled
                 ; 0000 0068 UCSRB=(0<<RXCIE) | (0<<TXCIE) | (0<<UDRIE) | (0<<RXEN) | (0<<TXEN) | (0<<UCSZ2) | (0<<RXB8) | (0<<TXB8);
000074 b9ea      	OUT  0xA,R30
                 ; 0000 0069 
                 ; 0000 006A // Analog Comparator initialization
                 ; 0000 006B // Analog Comparator: Off
                 ; 0000 006C // The Analog Comparator's positive input is
                 ; 0000 006D // connected to the AIN0 pin
                 ; 0000 006E // The Analog Comparator's negative input is
                 ; 0000 006F // connected to the AIN1 pin
                 ; 0000 0070 ACSR=(1<<ACD) | (0<<ACBG) | (0<<ACO) | (0<<ACI) | (0<<ACIE) | (0<<ACIC) | (0<<ACIS1) | (0<<ACIS0);
000075 e8e0      	LDI  R30,LOW(128)
000076 b9e8      	OUT  0x8,R30
                 ; 0000 0071 SFIOR=(0<<ACME);
000077 e0e0      	LDI  R30,LOW(0)
000078 bfe0      	OUT  0x30,R30
                 ; 0000 0072 
                 ; 0000 0073 // ADC initialization
                 ; 0000 0074 // ADC disabled
                 ; 0000 0075 ADCSRA=(0<<ADEN) | (0<<ADSC) | (0<<ADFR) | (0<<ADIF) | (0<<ADIE) | (0<<ADPS2) | (0<<ADPS1) | (0<<ADPS0);
000079 b9e6      	OUT  0x6,R30
                 ; 0000 0076 
                 ; 0000 0077 // SPI initialization
                 ; 0000 0078 // SPI disabled
                 ; 0000 0079 SPCR=(0<<SPIE) | (0<<SPE) | (0<<DORD) | (0<<MSTR) | (0<<CPOL) | (0<<CPHA) | (0<<SPR1) | (0<<SPR0);
00007a b9ed      	OUT  0xD,R30
                 ; 0000 007A 
                 ; 0000 007B // TWI initialization
                 ; 0000 007C // TWI disabled
                 ; 0000 007D TWCR=(0<<TWEA) | (0<<TWSTA) | (0<<TWSTO) | (0<<TWEN) | (0<<TWIE);
00007b bfe6      	OUT  0x36,R30
                 ; 0000 007E 
                 ; 0000 007F // Alphanumeric LCD initialization
                 ; 0000 0080 // Connections are specified in the
                 ; 0000 0081 // Project|Configure|C Compiler|Libraries|Alphanumeric LCD menu:
                 ; 0000 0082 // RS - PORTD Bit 0
                 ; 0000 0083 // RD - PORTD Bit 1
                 ; 0000 0084 // EN - PORTD Bit 2
                 ; 0000 0085 // D4 - PORTD Bit 4
                 ; 0000 0086 // D5 - PORTD Bit 5
                 ; 0000 0087 // D6 - PORTD Bit 6
                 ; 0000 0088 // D7 - PORTD Bit 7
                 ; 0000 0089 // Characters/line: 16
                 ; 0000 008A lcd_init(16);
00007c e1a0      	LDI  R26,LOW(16)
00007d d084      	RCALL _lcd_init
                 ; 0000 008B lcd_putsf("Press key:");
                +
00007e e3aa     +LDI R26 , LOW ( 2 * _0x0 + ( 0 ) )
00007f e0b0     +LDI R27 , HIGH ( 2 * _0x0 + ( 0 ) )
                 	__POINTW2FN _0x0,0
000080 d06f      	RCALL _lcd_putsf
                 ; 0000 008C 
                 ; 0000 008D while (1)
                 _0xB:
                 ; 0000 008E       {
                 ; 0000 008F       // Place your code here
                 ; 0000 0090       if(PINB.0==0&&i<20) {
000081 99b0      	SBIC 0x16,0
000082 c003      	RJMP _0xF
000083 e1e4      	LDI  R30,LOW(20)
000084 165e      	CP   R5,R30
000085 f008      	BRLO _0x10
                 _0xF:
000086 c004      	RJMP _0xE
                 _0x10:
                 ; 0000 0091       delay_ms(25);
000087 e1a9      	LDI  R26,LOW(25)
000088 d22b      	RCALL SUBOPT_0x0
                 ; 0000 0092       i++;
000089 9453      	INC  R5
                 ; 0000 0093       sprintf(s,"%02d",i);
00008a d22b      	RCALL SUBOPT_0x1
                 ; 0000 0094       lcd_gotoxy(10,0);
                 ; 0000 0095       lcd_puts(s);
                 ; 0000 0096       delay_ms(200);
                 ; 0000 0097 
                 ; 0000 0098       }
                 ; 0000 0099       if(PINB.1==0&&i>0){
                 _0xE:
00008b 99b1      	SBIC 0x16,1
00008c c003      	RJMP _0x12
00008d e0e0      	LDI  R30,LOW(0)
00008e 15e5      	CP   R30,R5
00008f f008      	BRLO _0x13
                 _0x12:
000090 c004      	RJMP _0x11
                 _0x13:
                 ; 0000 009A          delay_ms(25);
000091 e1a9      	LDI  R26,LOW(25)
000092 d221      	RCALL SUBOPT_0x0
                 ; 0000 009B       i--;
000093 945a      	DEC  R5
                 ; 0000 009C       sprintf(s,"%02d",i);
000094 d221      	RCALL SUBOPT_0x1
                 ; 0000 009D       lcd_gotoxy(10,0);
                 ; 0000 009E       lcd_puts(s);
                 ; 0000 009F       delay_ms(200);
                 ; 0000 00A0 
                 ; 0000 00A1 
                 ; 0000 00A2       }
                 ; 0000 00A3 }
                 _0x11:
000095 cfeb      	RJMP _0xB
                 ; 0000 00A4 }
                 _0x14:
000096 cfff      	RJMP _0x14
                 ; .FEND
                 	#ifndef __SLEEP_DEFINED__
                 	#endif
                 
                 	.DSEG
                 
                 	.CSEG
                 __lcd_write_nibble_G100:
                 ; .FSTART __lcd_write_nibble_G100
000097 93aa      	ST   -Y,R26
000098 b3e2      	IN   R30,0x12
000099 70ef      	ANDI R30,LOW(0xF)
00009a 2fae      	MOV  R26,R30
00009b 81e8      	LD   R30,Y
00009c 7fe0      	ANDI R30,LOW(0xF0)
00009d 2bea      	OR   R30,R26
00009e bbe2      	OUT  0x12,R30
00009f d22f      	RCALL SUBOPT_0x2
0000a0 9a92      	SBI  0x12,2
0000a1 d22d      	RCALL SUBOPT_0x2
0000a2 9892      	CBI  0x12,2
0000a3 d22b      	RCALL SUBOPT_0x2
0000a4 c084      	RJMP _0x2080002
                 ; .FEND
                 __lcd_write_data:
                 ; .FSTART __lcd_write_data
0000a5 93aa      	ST   -Y,R26
0000a6 81a8      	LD   R26,Y
0000a7 dfef      	RCALL __lcd_write_nibble_G100
0000a8 81e8          ld    r30,y
0000a9 95e2          swap  r30
0000aa 83e8          st    y,r30
0000ab 81a8      	LD   R26,Y
0000ac dfea      	RCALL __lcd_write_nibble_G100
                +
0000ad e885     +LDI R24 , LOW ( 133 )
                +__DELAY_USB_LOOP :
0000ae 958a     +DEC R24
0000af f7f1     +BRNE __DELAY_USB_LOOP
                 	__DELAY_USB 133
0000b0 c078      	RJMP _0x2080002
                 ; .FEND
                 _lcd_gotoxy:
                 ; .FSTART _lcd_gotoxy
0000b1 93aa      	ST   -Y,R26
0000b2 81e8      	LD   R30,Y
0000b3 e0f0      	LDI  R31,0
0000b4 59ea      	SUBI R30,LOW(-__base_y_G100)
0000b5 4ffe      	SBCI R31,HIGH(-__base_y_G100)
0000b6 81e0      	LD   R30,Z
0000b7 81a9      	LDD  R26,Y+1
0000b8 0fae      	ADD  R26,R30
0000b9 dfeb      	RCALL __lcd_write_data
0000ba 8049      	LDD  R4,Y+1
0000bb 8078      	LDD  R7,Y+0
0000bc 9622      	ADIW R28,2
0000bd 9508      	RET
                 ; .FEND
                 _lcd_clear:
                 ; .FSTART _lcd_clear
0000be e0a2      	LDI  R26,LOW(2)
0000bf dfe5      	RCALL __lcd_write_data
0000c0 e0a3      	LDI  R26,LOW(3)
0000c1 d1f2      	RCALL SUBOPT_0x0
0000c2 e0ac      	LDI  R26,LOW(12)
0000c3 dfe1      	RCALL __lcd_write_data
0000c4 e0a1      	LDI  R26,LOW(1)
0000c5 dfdf      	RCALL __lcd_write_data
0000c6 e0a3      	LDI  R26,LOW(3)
0000c7 d1ec      	RCALL SUBOPT_0x0
0000c8 e0e0      	LDI  R30,LOW(0)
0000c9 2e7e      	MOV  R7,R30
0000ca 2e4e      	MOV  R4,R30
0000cb 9508      	RET
                 ; .FEND
                 _lcd_putchar:
                 ; .FSTART _lcd_putchar
0000cc 93aa      	ST   -Y,R26
0000cd 81a8      	LD   R26,Y
0000ce 30aa      	CPI  R26,LOW(0xA)
0000cf f011      	BREQ _0x2000005
0000d0 1446      	CP   R4,R6
0000d1 f048      	BRLO _0x2000004
                 _0x2000005:
0000d2 e0e0      	LDI  R30,LOW(0)
0000d3 93ea      	ST   -Y,R30
0000d4 9473      	INC  R7
0000d5 2da7      	MOV  R26,R7
0000d6 dfda      	RCALL _lcd_gotoxy
0000d7 81a8      	LD   R26,Y
0000d8 30aa      	CPI  R26,LOW(0xA)
0000d9 f409      	BRNE _0x2000007
0000da c04e      	RJMP _0x2080002
                 _0x2000007:
                 _0x2000004:
0000db 9443      	INC  R4
0000dc 9a90      	SBI  0x12,0
0000dd 81a8      	LD   R26,Y
0000de dfc6      	RCALL __lcd_write_data
0000df 9890      	CBI  0x12,0
0000e0 c048      	RJMP _0x2080002
                 ; .FEND
                 _lcd_puts:
                 ; .FSTART _lcd_puts
0000e1 93ba      	ST   -Y,R27
0000e2 93aa      	ST   -Y,R26
0000e3 931a      	ST   -Y,R17
                 _0x2000008:
0000e4 81a9      	LDD  R26,Y+1
0000e5 81ba      	LDD  R27,Y+1+1
0000e6 91ed      	LD   R30,X+
0000e7 83a9      	STD  Y+1,R26
0000e8 83ba      	STD  Y+1+1,R27
0000e9 2f1e      	MOV  R17,R30
0000ea 30e0      	CPI  R30,0
0000eb f019      	BREQ _0x200000A
0000ec 2fa1      	MOV  R26,R17
0000ed dfde      	RCALL _lcd_putchar
0000ee cff5      	RJMP _0x2000008
                 _0x200000A:
0000ef c00f      	RJMP _0x2080003
                 ; .FEND
                 _lcd_putsf:
                 ; .FSTART _lcd_putsf
0000f0 d1e2      	RCALL SUBOPT_0x3
0000f1 931a      	ST   -Y,R17
                 _0x200000B:
0000f2 81e9      	LDD  R30,Y+1
0000f3 81fa      	LDD  R31,Y+1+1
0000f4 9631      	ADIW R30,1
0000f5 83e9      	STD  Y+1,R30
0000f6 83fa      	STD  Y+1+1,R31
0000f7 9731      	SBIW R30,1
0000f8 91e4      	LPM  R30,Z
0000f9 2f1e      	MOV  R17,R30
0000fa 30e0      	CPI  R30,0
0000fb f019      	BREQ _0x200000D
0000fc 2fa1      	MOV  R26,R17
0000fd dfce      	RCALL _lcd_putchar
0000fe cff3      	RJMP _0x200000B
                 _0x200000D:
                 _0x2080003:
0000ff 8118      	LDD  R17,Y+0
000100 9623      	ADIW R28,3
000101 9508      	RET
                 ; .FEND
                 _lcd_init:
                 ; .FSTART _lcd_init
000102 93aa      	ST   -Y,R26
000103 b3e1      	IN   R30,0x11
000104 6fe0      	ORI  R30,LOW(0xF0)
000105 bbe1      	OUT  0x11,R30
000106 9a8a      	SBI  0x11,2
000107 9a88      	SBI  0x11,0
000108 9a89      	SBI  0x11,1
000109 9892      	CBI  0x12,2
00010a 9890      	CBI  0x12,0
00010b 9891      	CBI  0x12,1
00010c 8068      	LDD  R6,Y+0
00010d 81e8      	LD   R30,Y
00010e 58e0      	SUBI R30,-LOW(128)
                +
00010f 93e0 0168+STS __base_y_G100 + ( 2 ) , R30
                 	__PUTB1MN __base_y_G100,2
000111 81e8      	LD   R30,Y
000112 54e0      	SUBI R30,-LOW(192)
                +
000113 93e0 0169+STS __base_y_G100 + ( 3 ) , R30
                 	__PUTB1MN __base_y_G100,3
000115 e1a4      	LDI  R26,LOW(20)
000116 d19d      	RCALL SUBOPT_0x0
000117 d1be      	RCALL SUBOPT_0x4
000118 d1bd      	RCALL SUBOPT_0x4
000119 d1bc      	RCALL SUBOPT_0x4
00011a e2a0      	LDI  R26,LOW(32)
00011b df7b      	RCALL __lcd_write_nibble_G100
                +
00011c ec88     +LDI R24 , LOW ( 200 )
00011d e090     +LDI R25 , HIGH ( 200 )
                +__DELAY_USW_LOOP :
00011e 9701     +SBIW R24 , 1
00011f f7f1     +BRNE __DELAY_USW_LOOP
                 	__DELAY_USW 200
000120 e2a8      	LDI  R26,LOW(40)
000121 df83      	RCALL __lcd_write_data
000122 e0a4      	LDI  R26,LOW(4)
000123 df81      	RCALL __lcd_write_data
000124 e8a5      	LDI  R26,LOW(133)
000125 df7f      	RCALL __lcd_write_data
000126 e0a6      	LDI  R26,LOW(6)
000127 df7d      	RCALL __lcd_write_data
000128 df95      	RCALL _lcd_clear
                 _0x2080002:
000129 9621      	ADIW R28,1
00012a 9508      	RET
                 ; .FEND
                 	#ifndef __SLEEP_DEFINED__
                 	#endif
                 
                 	.CSEG
                 _put_buff_G101:
                 ; .FSTART _put_buff_G101
00012b d1a7      	RCALL SUBOPT_0x3
00012c d208      	RCALL __SAVELOCR2
00012d d1af      	RCALL SUBOPT_0x5
00012e 9612      	ADIW R26,2
00012f d1f4      	RCALL __GETW1P
000130 9730      	SBIW R30,0
000131 f0f1      	BREQ _0x2020010
000132 d1aa      	RCALL SUBOPT_0x5
000133 d1ac      	RCALL SUBOPT_0x6
000134 018f      	MOVW R16,R30
000135 9730      	SBIW R30,0
000136 f061      	BREQ _0x2020012
                +
000137 3002     +CPI R16 , LOW ( 2 )
000138 e0e0     +LDI R30 , HIGH ( 2 )
000139 071e     +CPC R17 , R30
                 	__CPWRN 16,17,2
00013a f070      	BRLO _0x2020013
00013b 01f8      	MOVW R30,R16
00013c 9731      	SBIW R30,1
00013d 018f      	MOVW R16,R30
                +
00013e 81aa     +LDD R26 , Y + 2
00013f 81bb     +LDD R27 , Y + 2 + 1
000140 9614     +ADIW R26 , 4
000141 93ed     +ST X + , R30
000142 93fc     +ST X , R31
                 	__PUTW1SNS 2,4
                 _0x2020012:
000143 d199      	RCALL SUBOPT_0x5
000144 9612      	ADIW R26,2
000145 d19d      	RCALL SUBOPT_0x7
000146 9731      	SBIW R30,1
000147 81ac      	LDD  R26,Y+4
000148 83a0      	STD  Z+0,R26
                 _0x2020013:
000149 d193      	RCALL SUBOPT_0x5
00014a d1d9      	RCALL __GETW1P
00014b 23ff      	TST  R31
00014c f012      	BRMI _0x2020014
00014d d18f      	RCALL SUBOPT_0x5
00014e d194      	RCALL SUBOPT_0x7
                 _0x2020014:
00014f c005      	RJMP _0x2020015
                 _0x2020010:
000150 d18c      	RCALL SUBOPT_0x5
000151 efef      	LDI  R30,LOW(65535)
000152 efff      	LDI  R31,HIGH(65535)
000153 93ed      	ST   X+,R30
000154 93fc      	ST   X,R31
                 _0x2020015:
000155 d1e6      	RCALL __LOADLOCR2
000156 9625      	ADIW R28,5
000157 9508      	RET
                 ; .FEND
                 __print_G101:
                 ; .FSTART __print_G101
000158 d17a      	RCALL SUBOPT_0x3
000159 9726      	SBIW R28,6
00015a d1d6      	RCALL __SAVELOCR6
00015b e010      	LDI  R17,0
00015c 85ac      	LDD  R26,Y+12
00015d 85bd      	LDD  R27,Y+12+1
00015e e0e0      	LDI  R30,LOW(0)
00015f e0f0      	LDI  R31,HIGH(0)
000160 93ed      	ST   X+,R30
000161 93fc      	ST   X,R31
                 _0x2020016:
000162 89ea      	LDD  R30,Y+18
000163 89fb      	LDD  R31,Y+18+1
000164 9631      	ADIW R30,1
000165 8bea      	STD  Y+18,R30
000166 8bfb      	STD  Y+18+1,R31
000167 9731      	SBIW R30,1
000168 91e4      	LPM  R30,Z
000169 2f2e      	MOV  R18,R30
00016a 30e0      	CPI  R30,0
00016b f409      	BRNE PC+2
00016c c0fe      	RJMP _0x2020018
00016d 2fe1      	MOV  R30,R17
00016e 30e0      	CPI  R30,0
00016f f431      	BRNE _0x202001C
000170 3225      	CPI  R18,37
000171 f411      	BRNE _0x202001D
000172 e011      	LDI  R17,LOW(1)
000173 c001      	RJMP _0x202001E
                 _0x202001D:
000174 d174      	RCALL SUBOPT_0x8
                 _0x202001E:
000175 c0f4      	RJMP _0x202001B
                 _0x202001C:
000176 30e1      	CPI  R30,LOW(0x1)
000177 f4a1      	BRNE _0x202001F
000178 3225      	CPI  R18,37
000179 f411      	BRNE _0x2020020
00017a d16e      	RCALL SUBOPT_0x8
00017b c0ed      	RJMP _0x20200CC
                 _0x2020020:
00017c e012      	LDI  R17,LOW(2)
00017d e040      	LDI  R20,LOW(0)
00017e e000      	LDI  R16,LOW(0)
00017f 322d      	CPI  R18,45
000180 f411      	BRNE _0x2020021
000181 e001      	LDI  R16,LOW(1)
000182 c0e7      	RJMP _0x202001B
                 _0x2020021:
000183 322b      	CPI  R18,43
000184 f411      	BRNE _0x2020022
000185 e24b      	LDI  R20,LOW(43)
000186 c0e3      	RJMP _0x202001B
                 _0x2020022:
000187 3220      	CPI  R18,32
000188 f411      	BRNE _0x2020023
000189 e240      	LDI  R20,LOW(32)
00018a c0df      	RJMP _0x202001B
                 _0x2020023:
00018b c002      	RJMP _0x2020024
                 _0x202001F:
00018c 30e2      	CPI  R30,LOW(0x2)
00018d f439      	BRNE _0x2020025
                 _0x2020024:
00018e e050      	LDI  R21,LOW(0)
00018f e013      	LDI  R17,LOW(3)
000190 3320      	CPI  R18,48
000191 f411      	BRNE _0x2020026
000192 6800      	ORI  R16,LOW(128)
000193 c0d6      	RJMP _0x202001B
                 _0x2020026:
000194 c003      	RJMP _0x2020027
                 _0x2020025:
000195 30e3      	CPI  R30,LOW(0x3)
000196 f009      	BREQ PC+2
000197 c0d2      	RJMP _0x202001B
                 _0x2020027:
000198 3320      	CPI  R18,48
000199 f010      	BRLO _0x202002A
00019a 332a      	CPI  R18,58
00019b f008      	BRLO _0x202002B
                 _0x202002A:
00019c c007      	RJMP _0x2020029
                 _0x202002B:
00019d e0aa      	LDI  R26,LOW(10)
00019e 9f5a      	MUL  R21,R26
00019f 2d50      	MOV  R21,R0
0001a0 2fe2      	MOV  R30,R18
0001a1 53e0      	SUBI R30,LOW(48)
0001a2 0f5e      	ADD  R21,R30
0001a3 c0c6      	RJMP _0x202001B
                 _0x2020029:
0001a4 2fe2      	MOV  R30,R18
0001a5 36e3      	CPI  R30,LOW(0x63)
0001a6 f439      	BRNE _0x202002F
0001a7 d148      	RCALL SUBOPT_0x9
0001a8 d14a      	RCALL SUBOPT_0xA
0001a9 d146      	RCALL SUBOPT_0x9
0001aa 81a4      	LDD  R26,Z+4
0001ab 93aa      	ST   -Y,R26
0001ac d14a      	RCALL SUBOPT_0xB
0001ad c0bb      	RJMP _0x2020030
                 _0x202002F:
0001ae 37e3      	CPI  R30,LOW(0x73)
0001af f431      	BRNE _0x2020032
0001b0 d14c      	RCALL SUBOPT_0xC
0001b1 d14d      	RCALL SUBOPT_0xD
0001b2 d14f      	RCALL SUBOPT_0xE
0001b3 d0e9      	RCALL _strlen
0001b4 2f1e      	MOV  R17,R30
0001b5 c008      	RJMP _0x2020033
                 _0x2020032:
0001b6 37e0      	CPI  R30,LOW(0x70)
0001b7 f451      	BRNE _0x2020035
0001b8 d144      	RCALL SUBOPT_0xC
0001b9 d145      	RCALL SUBOPT_0xD
0001ba d147      	RCALL SUBOPT_0xE
0001bb d0ec      	RCALL _strlenf
0001bc 2f1e      	MOV  R17,R30
0001bd 6008      	ORI  R16,LOW(8)
                 _0x2020033:
0001be 6002      	ORI  R16,LOW(2)
0001bf 770f      	ANDI R16,LOW(127)
0001c0 e030      	LDI  R19,LOW(0)
0001c1 c02e      	RJMP _0x2020036
                 _0x2020035:
0001c2 36e4      	CPI  R30,LOW(0x64)
0001c3 f011      	BREQ _0x2020039
0001c4 36e9      	CPI  R30,LOW(0x69)
0001c5 f411      	BRNE _0x202003A
                 _0x2020039:
0001c6 6004      	ORI  R16,LOW(4)
0001c7 c002      	RJMP _0x202003B
                 _0x202003A:
0001c8 37e5      	CPI  R30,LOW(0x75)
0001c9 f429      	BRNE _0x202003C
                 _0x202003B:
0001ca e2e6      	LDI  R30,LOW(_tbl10_G101*2)
0001cb e0f0      	LDI  R31,HIGH(_tbl10_G101*2)
0001cc d13a      	RCALL SUBOPT_0xF
0001cd e015      	LDI  R17,LOW(5)
0001ce c00b      	RJMP _0x202003D
                 _0x202003C:
0001cf 35e8      	CPI  R30,LOW(0x58)
0001d0 f411      	BRNE _0x202003F
0001d1 6008      	ORI  R16,LOW(8)
0001d2 c003      	RJMP _0x2020040
                 _0x202003F:
0001d3 37e8      	CPI  R30,LOW(0x78)
0001d4 f009      	BREQ PC+2
0001d5 c093      	RJMP _0x2020071
                 _0x2020040:
0001d6 e3e0      	LDI  R30,LOW(_tbl16_G101*2)
0001d7 e0f0      	LDI  R31,HIGH(_tbl16_G101*2)
0001d8 d12e      	RCALL SUBOPT_0xF
0001d9 e014      	LDI  R17,LOW(4)
                 _0x202003D:
0001da ff02      	SBRS R16,2
0001db c011      	RJMP _0x2020042
0001dc d120      	RCALL SUBOPT_0xC
0001dd d121      	RCALL SUBOPT_0xD
0001de d12b      	RCALL SUBOPT_0x10
0001df 85ab      	LDD  R26,Y+11
0001e0 23aa      	TST  R26
0001e1 f42a      	BRPL _0x2020043
0001e2 85ea      	LDD  R30,Y+10
0001e3 85fb      	LDD  R31,Y+10+1
0001e4 d13b      	RCALL __ANEGW1
0001e5 d124      	RCALL SUBOPT_0x10
0001e6 e24d      	LDI  R20,LOW(45)
                 _0x2020043:
0001e7 3040      	CPI  R20,0
0001e8 f011      	BREQ _0x2020044
0001e9 5f1f      	SUBI R17,-LOW(1)
0001ea c001      	RJMP _0x2020045
                 _0x2020044:
0001eb 7f0b      	ANDI R16,LOW(251)
                 _0x2020045:
0001ec c003      	RJMP _0x2020046
                 _0x2020042:
0001ed d10f      	RCALL SUBOPT_0xC
0001ee d110      	RCALL SUBOPT_0xD
0001ef d11a      	RCALL SUBOPT_0x10
                 _0x2020046:
                 _0x2020036:
0001f0 fd00      	SBRC R16,0
0001f1 c010      	RJMP _0x2020047
                 _0x2020048:
0001f2 1715      	CP   R17,R21
0001f3 f470      	BRSH _0x202004A
0001f4 ff07      	SBRS R16,7
0001f5 c008      	RJMP _0x202004B
0001f6 ff02      	SBRS R16,2
0001f7 c004      	RJMP _0x202004C
0001f8 7f0b      	ANDI R16,LOW(251)
0001f9 2f24      	MOV  R18,R20
0001fa 5011      	SUBI R17,LOW(1)
0001fb c001      	RJMP _0x202004D
                 _0x202004C:
0001fc e320      	LDI  R18,LOW(48)
                 _0x202004D:
0001fd c001      	RJMP _0x202004E
                 _0x202004B:
0001fe e220      	LDI  R18,LOW(32)
                 _0x202004E:
0001ff d0e9      	RCALL SUBOPT_0x8
000200 5051      	SUBI R21,LOW(1)
000201 cff0      	RJMP _0x2020048
                 _0x202004A:
                 _0x2020047:
000202 2f31      	MOV  R19,R17
000203 ff01      	SBRS R16,1
000204 c015      	RJMP _0x202004F
                 _0x2020050:
000205 3030      	CPI  R19,0
000206 f091      	BREQ _0x2020052
000207 ff03      	SBRS R16,3
000208 c005      	RJMP _0x2020053
000209 81ee      	LDD  R30,Y+6
00020a 81ff      	LDD  R31,Y+6+1
00020b 9125      	LPM  R18,Z+
00020c d0fa      	RCALL SUBOPT_0xF
00020d c005      	RJMP _0x2020054
                 _0x2020053:
00020e 81ae      	LDD  R26,Y+6
00020f 81bf      	LDD  R27,Y+6+1
000210 912d      	LD   R18,X+
000211 83ae      	STD  Y+6,R26
000212 83bf      	STD  Y+6+1,R27
                 _0x2020054:
000213 d0d5      	RCALL SUBOPT_0x8
000214 3050      	CPI  R21,0
000215 f009      	BREQ _0x2020055
000216 5051      	SUBI R21,LOW(1)
                 _0x2020055:
000217 5031      	SUBI R19,LOW(1)
000218 cfec      	RJMP _0x2020050
                 _0x2020052:
000219 c046      	RJMP _0x2020056
                 _0x202004F:
                 _0x2020058:
00021a e320      	LDI  R18,LOW(48)
00021b 81ee      	LDD  R30,Y+6
00021c 81ff      	LDD  R31,Y+6+1
00021d d10a      	RCALL __GETW1PF
00021e 87e8      	STD  Y+8,R30
00021f 87f9      	STD  Y+8+1,R31
000220 81ee      	LDD  R30,Y+6
000221 81ff      	LDD  R31,Y+6+1
000222 9632      	ADIW R30,2
000223 d0e3      	RCALL SUBOPT_0xF
                 _0x202005A:
000224 85e8      	LDD  R30,Y+8
000225 85f9      	LDD  R31,Y+8+1
000226 85aa      	LDD  R26,Y+10
000227 85bb      	LDD  R27,Y+10+1
000228 17ae      	CP   R26,R30
000229 07bf      	CPC  R27,R31
00022a f048      	BRLO _0x202005C
00022b 5f2f      	SUBI R18,-LOW(1)
00022c 85a8      	LDD  R26,Y+8
00022d 85b9      	LDD  R27,Y+8+1
00022e 85ea      	LDD  R30,Y+10
00022f 85fb      	LDD  R31,Y+10+1
000230 1bea      	SUB  R30,R26
000231 0bfb      	SBC  R31,R27
000232 d0d7      	RCALL SUBOPT_0x10
000233 cff0      	RJMP _0x202005A
                 _0x202005C:
000234 332a      	CPI  R18,58
000235 f028      	BRLO _0x202005D
000236 ff03      	SBRS R16,3
000237 c002      	RJMP _0x202005E
000238 5f29      	SUBI R18,-LOW(7)
000239 c001      	RJMP _0x202005F
                 _0x202005E:
00023a 5d29      	SUBI R18,-LOW(39)
                 _0x202005F:
                 _0x202005D:
00023b fd04      	SBRC R16,4
00023c c019      	RJMP _0x2020061
00023d 3321      	CPI  R18,49
00023e f420      	BRSH _0x2020063
00023f 85a8      	LDD  R26,Y+8
000240 85b9      	LDD  R27,Y+8+1
000241 9711      	SBIW R26,1
000242 f409      	BRNE _0x2020062
                 _0x2020063:
000243 c009      	RJMP _0x20200CD
                 _0x2020062:
000244 1753      	CP   R21,R19
000245 f010      	BRLO _0x2020067
000246 ff00      	SBRS R16,0
000247 c001      	RJMP _0x2020068
                 _0x2020067:
000248 c011      	RJMP _0x2020066
                 _0x2020068:
000249 e220      	LDI  R18,LOW(32)
00024a ff07      	SBRS R16,7
00024b c00a      	RJMP _0x2020069
00024c e320      	LDI  R18,LOW(48)
                 _0x20200CD:
00024d 6100      	ORI  R16,LOW(16)
00024e ff02      	SBRS R16,2
00024f c006      	RJMP _0x202006A
000250 7f0b      	ANDI R16,LOW(251)
000251 934a      	ST   -Y,R20
000252 d0a4      	RCALL SUBOPT_0xB
000253 3050      	CPI  R21,0
000254 f009      	BREQ _0x202006B
000255 5051      	SUBI R21,LOW(1)
                 _0x202006B:
                 _0x202006A:
                 _0x2020069:
                 _0x2020061:
000256 d092      	RCALL SUBOPT_0x8
000257 3050      	CPI  R21,0
000258 f009      	BREQ _0x202006C
000259 5051      	SUBI R21,LOW(1)
                 _0x202006C:
                 _0x2020066:
00025a 5031      	SUBI R19,LOW(1)
00025b 85a8      	LDD  R26,Y+8
00025c 85b9      	LDD  R27,Y+8+1
00025d 9712      	SBIW R26,2
00025e f008      	BRLO _0x2020059
00025f cfba      	RJMP _0x2020058
                 _0x2020059:
                 _0x2020056:
000260 ff00      	SBRS R16,0
000261 c007      	RJMP _0x202006D
                 _0x202006E:
000262 3050      	CPI  R21,0
000263 f029      	BREQ _0x2020070
000264 5051      	SUBI R21,LOW(1)
000265 e2e0      	LDI  R30,LOW(32)
000266 93ea      	ST   -Y,R30
000267 d08f      	RCALL SUBOPT_0xB
000268 cff9      	RJMP _0x202006E
                 _0x2020070:
                 _0x202006D:
                 _0x2020071:
                 _0x2020030:
                 _0x20200CC:
000269 e010      	LDI  R17,LOW(0)
                 _0x202001B:
00026a cef7      	RJMP _0x2020016
                 _0x2020018:
00026b 85ac      	LDD  R26,Y+12
00026c 85bd      	LDD  R27,Y+12+1
00026d d0b6      	RCALL __GETW1P
00026e d0c9      	RCALL __LOADLOCR6
00026f 9664      	ADIW R28,20
000270 9508      	RET
                 ; .FEND
                 _sprintf:
                 ; .FSTART _sprintf
000271 92ff      	PUSH R15
000272 2ef8      	MOV  R15,R24
000273 9726      	SBIW R28,6
000274 d0be      	RCALL __SAVELOCR4
000275 d097      	RCALL SUBOPT_0x11
000276 9730      	SBIW R30,0
000277 f419      	BRNE _0x2020072
000278 efef      	LDI  R30,LOW(65535)
000279 efff      	LDI  R31,HIGH(65535)
00027a c01e      	RJMP _0x2080001
                 _0x2020072:
00027b 01de      	MOVW R26,R28
00027c 9616      	ADIW R26,6
00027d d09e      	RCALL __ADDW2R15
00027e 018d      	MOVW R16,R26
00027f d08d      	RCALL SUBOPT_0x11
000280 d086      	RCALL SUBOPT_0xF
000281 e0e0      	LDI  R30,LOW(0)
000282 87e8      	STD  Y+8,R30
000283 87e9      	STD  Y+8+1,R30
000284 01de      	MOVW R26,R28
000285 961a      	ADIW R26,10
000286 d095      	RCALL __ADDW2R15
000287 d09c      	RCALL __GETW1P
000288 93fa      	ST   -Y,R31
000289 93ea      	ST   -Y,R30
00028a 931a      	ST   -Y,R17
00028b 930a      	ST   -Y,R16
00028c e2eb      	LDI  R30,LOW(_put_buff_G101)
00028d e0f1      	LDI  R31,HIGH(_put_buff_G101)
00028e 93fa      	ST   -Y,R31
00028f 93ea      	ST   -Y,R30
000290 01de      	MOVW R26,R28
000291 961a      	ADIW R26,10
000292 dec5      	RCALL __print_G101
000293 019f      	MOVW R18,R30
000294 81ae      	LDD  R26,Y+6
000295 81bf      	LDD  R27,Y+6+1
000296 e0e0      	LDI  R30,LOW(0)
000297 93ec      	ST   X,R30
000298 01f9      	MOVW R30,R18
                 _0x2080001:
000299 d0a0      	RCALL __LOADLOCR4
00029a 962a      	ADIW R28,10
00029b 90ff      	POP  R15
00029c 9508      	RET
                 ; .FEND
                 
                 	.CSEG
                 
                 	.CSEG
                 _strlen:
                 ; .FSTART _strlen
00029d d035      	RCALL SUBOPT_0x3
00029e 91a9          ld   r26,y+
00029f 91b9          ld   r27,y+
0002a0 27ee          clr  r30
0002a1 27ff          clr  r31
                 strlen0:
0002a2 916d          ld   r22,x+
0002a3 2366          tst  r22
0002a4 f011          breq strlen1
0002a5 9631          adiw r30,1
0002a6 cffb          rjmp strlen0
                 strlen1:
0002a7 9508          ret
                 ; .FEND
                 _strlenf:
                 ; .FSTART _strlenf
0002a8 d02a      	RCALL SUBOPT_0x3
0002a9 27aa          clr  r26
0002aa 27bb          clr  r27
0002ab 91e9          ld   r30,y+
0002ac 91f9          ld   r31,y+
                 strlenf0:
0002ad 9005      	lpm  r0,z+
0002ae 2000          tst  r0
0002af f011          breq strlenf1
0002b0 9611          adiw r26,1
0002b1 cffb          rjmp strlenf0
                 strlenf1:
0002b2 01fd          movw r30,r26
0002b3 9508          ret
                 ; .FEND
                 
                 	.DSEG
                 _s:
000160           	.BYTE 0x6
                 __base_y_G100:
000166           	.BYTE 0x4
                 
                 	.CSEG
                 ;OPTIMIZER ADDED SUBROUTINE, CALLED 7 TIMES, CODE SIZE REDUCTION:4 WORDS
                 SUBOPT_0x0:
0002b4 e0b0      	LDI  R27,0
0002b5 c05c      	RJMP _delay_ms
                 
                 ;OPTIMIZER ADDED SUBROUTINE, CALLED 2 TIMES, CODE SIZE REDUCTION:22 WORDS
                 SUBOPT_0x1:
0002b6 e6e0      	LDI  R30,LOW(_s)
0002b7 e0f1      	LDI  R31,HIGH(_s)
0002b8 93fa      	ST   -Y,R31
0002b9 93ea      	ST   -Y,R30
                +
0002ba e4e5     +LDI R30 , LOW ( 2 * _0x0 + ( 11 ) )
0002bb e0f0     +LDI R31 , HIGH ( 2 * _0x0 + ( 11 ) )
                 	__POINTW1FN _0x0,11
0002bc 93fa      	ST   -Y,R31
0002bd 93ea      	ST   -Y,R30
0002be 2de5      	MOV  R30,R5
0002bf 27ff      	CLR  R31
0002c0 2766      	CLR  R22
0002c1 2777      	CLR  R23
0002c2 d069      	RCALL __PUTPARD1
0002c3 e084      	LDI  R24,4
0002c4 dfac      	RCALL _sprintf
0002c5 9628      	ADIW R28,8
0002c6 e0ea      	LDI  R30,LOW(10)
0002c7 93ea      	ST   -Y,R30
0002c8 e0a0      	LDI  R26,LOW(0)
0002c9 dde7      	RCALL _lcd_gotoxy
0002ca e6a0      	LDI  R26,LOW(_s)
0002cb e0b1      	LDI  R27,HIGH(_s)
0002cc de14      	RCALL _lcd_puts
0002cd eca8      	LDI  R26,LOW(200)
0002ce cfe5      	RJMP SUBOPT_0x0
                 
                 ;OPTIMIZER ADDED SUBROUTINE, CALLED 3 TIMES, CODE SIZE REDUCTION:2 WORDS
                 SUBOPT_0x2:
                +
0002cf e08d     +LDI R24 , LOW ( 13 )
                +__DELAY_USB_LOOP :
0002d0 958a     +DEC R24
0002d1 f7f1     +BRNE __DELAY_USB_LOOP
                 	__DELAY_USB 13
0002d2 9508      	RET
                 
                 ;OPTIMIZER ADDED SUBROUTINE, CALLED 5 TIMES, CODE SIZE REDUCTION:2 WORDS
                 SUBOPT_0x3:
0002d3 93ba      	ST   -Y,R27
0002d4 93aa      	ST   -Y,R26
0002d5 9508      	RET
                 
                 ;OPTIMIZER ADDED SUBROUTINE, CALLED 3 TIMES, CODE SIZE REDUCTION:8 WORDS
                 SUBOPT_0x4:
0002d6 e3a0      	LDI  R26,LOW(48)
0002d7 ddbf      	RCALL __lcd_write_nibble_G100
                +
0002d8 ec88     +LDI R24 , LOW ( 200 )
0002d9 e090     +LDI R25 , HIGH ( 200 )
                +__DELAY_USW_LOOP :
0002da 9701     +SBIW R24 , 1
0002db f7f1     +BRNE __DELAY_USW_LOOP
                 	__DELAY_USW 200
0002dc 9508      	RET
                 
                 ;OPTIMIZER ADDED SUBROUTINE, CALLED 6 TIMES, CODE SIZE REDUCTION:3 WORDS
                 SUBOPT_0x5:
0002dd 81aa      	LDD  R26,Y+2
0002de 81bb      	LDD  R27,Y+2+1
0002df 9508      	RET
                 
                 ;OPTIMIZER ADDED SUBROUTINE, CALLED 5 TIMES, CODE SIZE REDUCTION:2 WORDS
                 SUBOPT_0x6:
0002e0 9614      	ADIW R26,4
0002e1 d042      	RCALL __GETW1P
0002e2 9508      	RET
                 
                 ;OPTIMIZER ADDED SUBROUTINE, CALLED 2 TIMES, CODE SIZE REDUCTION:2 WORDS
                 SUBOPT_0x7:
0002e3 91ed      	LD   R30,X+
0002e4 91fd      	LD   R31,X+
0002e5 9631      	ADIW R30,1
0002e6 93fe      	ST   -X,R31
0002e7 93ee      	ST   -X,R30
0002e8 9508      	RET
                 
                 ;OPTIMIZER ADDED SUBROUTINE, CALLED 5 TIMES, CODE SIZE REDUCTION:18 WORDS
                 SUBOPT_0x8:
0002e9 932a      	ST   -Y,R18
0002ea 85ad      	LDD  R26,Y+13
0002eb 85be      	LDD  R27,Y+13+1
0002ec 85ef      	LDD  R30,Y+15
0002ed 89f8      	LDD  R31,Y+15+1
0002ee 9509      	ICALL
0002ef 9508      	RET
                 
                 ;OPTIMIZER ADDED SUBROUTINE, CALLED 6 TIMES, CODE SIZE REDUCTION:3 WORDS
                 SUBOPT_0x9:
0002f0 89e8      	LDD  R30,Y+16
0002f1 89f9      	LDD  R31,Y+16+1
0002f2 9508      	RET
                 
                 ;OPTIMIZER ADDED SUBROUTINE, CALLED 5 TIMES, CODE SIZE REDUCTION:6 WORDS
                 SUBOPT_0xA:
0002f3 9734      	SBIW R30,4
0002f4 8be8      	STD  Y+16,R30
0002f5 8bf9      	STD  Y+16+1,R31
0002f6 9508      	RET
                 
                 ;OPTIMIZER ADDED SUBROUTINE, CALLED 3 TIMES, CODE SIZE REDUCTION:6 WORDS
                 SUBOPT_0xB:
0002f7 85ad      	LDD  R26,Y+13
0002f8 85be      	LDD  R27,Y+13+1
0002f9 85ef      	LDD  R30,Y+15
0002fa 89f8      	LDD  R31,Y+15+1
0002fb 9509      	ICALL
0002fc 9508      	RET
                 
                 ;OPTIMIZER ADDED SUBROUTINE, CALLED 4 TIMES, CODE SIZE REDUCTION:1 WORDS
                 SUBOPT_0xC:
0002fd dff2      	RCALL SUBOPT_0x9
0002fe cff4      	RJMP SUBOPT_0xA
                 
                 ;OPTIMIZER ADDED SUBROUTINE, CALLED 4 TIMES, CODE SIZE REDUCTION:4 WORDS
                 SUBOPT_0xD:
0002ff 89a8      	LDD  R26,Y+16
000300 89b9      	LDD  R27,Y+16+1
000301 cfde      	RJMP SUBOPT_0x6
                 
                 ;OPTIMIZER ADDED SUBROUTINE, CALLED 2 TIMES, CODE SIZE REDUCTION:1 WORDS
                 SUBOPT_0xE:
000302 83ee      	STD  Y+6,R30
000303 83ff      	STD  Y+6+1,R31
000304 81ae      	LDD  R26,Y+6
000305 81bf      	LDD  R27,Y+6+1
000306 9508      	RET
                 
                 ;OPTIMIZER ADDED SUBROUTINE, CALLED 5 TIMES, CODE SIZE REDUCTION:2 WORDS
                 SUBOPT_0xF:
000307 83ee      	STD  Y+6,R30
000308 83ff      	STD  Y+6+1,R31
000309 9508      	RET
                 
                 ;OPTIMIZER ADDED SUBROUTINE, CALLED 4 TIMES, CODE SIZE REDUCTION:1 WORDS
                 SUBOPT_0x10:
00030a 87ea      	STD  Y+10,R30
00030b 87fb      	STD  Y+10+1,R31
00030c 9508      	RET
                 
                 ;OPTIMIZER ADDED SUBROUTINE, CALLED 2 TIMES, CODE SIZE REDUCTION:1 WORDS
                 SUBOPT_0x11:
00030d 01de      	MOVW R26,R28
00030e 961c      	ADIW R26,12
00030f d00c      	RCALL __ADDW2R15
000310 d013      	RCALL __GETW1P
000311 9508      	RET
                 
                 
                 	.CSEG
                 _delay_ms:
000312 9610      	adiw r26,0
000313 f039      	breq __delay_ms1
                 __delay_ms0:
                +
000314 ed80     +LDI R24 , LOW ( 0x7D0 )
000315 e097     +LDI R25 , HIGH ( 0x7D0 )
                +__DELAY_USW_LOOP :
000316 9701     +SBIW R24 , 1
000317 f7f1     +BRNE __DELAY_USW_LOOP
                 	__DELAY_USW 0x7D0
000318 95a8      	wdr
000319 9711      	sbiw r26,1
00031a f7c9      	brne __delay_ms0
                 __delay_ms1:
00031b 9508      	ret
                 
                 __ADDW2R15:
00031c 2400      	CLR  R0
00031d 0daf      	ADD  R26,R15
00031e 1db0      	ADC  R27,R0
00031f 9508      	RET
                 
                 __ANEGW1:
000320 95f1      	NEG  R31
000321 95e1      	NEG  R30
000322 40f0      	SBCI R31,0
000323 9508      	RET
                 
                 __GETW1P:
000324 91ed      	LD   R30,X+
000325 91fc      	LD   R31,X
000326 9711      	SBIW R26,1
000327 9508      	RET
                 
                 __GETW1PF:
000328 9005      	LPM  R0,Z+
000329 91f4      	LPM  R31,Z
00032a 2de0      	MOV  R30,R0
00032b 9508      	RET
                 
                 __PUTPARD1:
00032c 937a      	ST   -Y,R23
00032d 936a      	ST   -Y,R22
00032e 93fa      	ST   -Y,R31
00032f 93ea      	ST   -Y,R30
000330 9508      	RET
                 
                 __SAVELOCR6:
000331 935a      	ST   -Y,R21
                 __SAVELOCR5:
000332 934a      	ST   -Y,R20
                 __SAVELOCR4:
000333 933a      	ST   -Y,R19
                 __SAVELOCR3:
000334 932a      	ST   -Y,R18
                 __SAVELOCR2:
000335 931a      	ST   -Y,R17
000336 930a      	ST   -Y,R16
000337 9508      	RET
                 
                 __LOADLOCR6:
000338 815d      	LDD  R21,Y+5
                 __LOADLOCR5:
000339 814c      	LDD  R20,Y+4
                 __LOADLOCR4:
00033a 813b      	LDD  R19,Y+3
                 __LOADLOCR3:
00033b 812a      	LDD  R18,Y+2
                 __LOADLOCR2:
00033c 8119      	LDD  R17,Y+1
00033d 8108      	LD   R16,Y
00033e 9508      	RET
                 
                 ;END OF CODE MARKER
                 __END_OF_CODE:


RESOURCE USE INFORMATION
------------------------

Notice:
The register and instruction counts are symbol table hit counts,
and hence implicitly used resources are not counted, eg, the
'lpm' instruction without operands implicitly uses r0 and z,
none of which are counted.

x,y,z are separate entities in the symbol table and are
counted separately from r26..r31 here.

.dseg memory usage only counts static data declared with .byte

ATmega8A register use summary:
r0 :  11 r1 :   1 r2 :   0 r3 :   0 r4 :   4 r5 :   5 r6 :   2 r7 :   4 
r8 :   0 r9 :   0 r10:   0 r11:   0 r12:   0 r13:   0 r14:   0 r15:   4 
r16:  32 r17:  25 r18:  29 r19:   8 r20:   9 r21:  17 r22:   6 r23:   2 
r24:  19 r25:   5 r26:  93 r27:  29 r28:  14 r29:   1 r30: 179 r31:  51 
x  :  19 y  : 137 z  :  16 
Registers used: 26 out of 35 (74.3%)

ATmega8A instruction use summary:
.lds  :   0 .lds.l:   0 .sts  :   0 .sts.l:   0 adc   :   1 add   :   3 
adiw  :  22 and   :   0 andi  :   6 asr   :   0 bclr  :   0 bld   :   0 
brbc  :   0 brbs  :   0 brcc  :   0 brcs  :   0 break :   0 breq  :  18 
brge  :   0 brhc  :   0 brhs  :   0 brid  :   0 brie  :   0 brlo  :  10 
brlt  :   0 brmi  :   1 brne  :  28 brpl  :   1 brsh  :   2 brtc  :   0 
brts  :   0 brvc  :   0 brvs  :   0 bset  :   0 bst   :   0 cbi   :   7 
cbr   :   0 clc   :   0 clh   :   0 cli   :   1 cln   :   0 clr   :  10 
cls   :   0 clt   :   0 clv   :   0 clz   :   0 com   :   0 cp    :   6 
cpc   :   2 cpi   :  34 cpse  :   0 dec   :   4 des   :   0 eor   :   0 
fmul  :   0 fmuls :   0 fmulsu:   0 icall :   2 ijmp  :   0 in    :   2 
inc   :   3 ld    :  23 ldd   :  65 ldi   :  93 lds   :   0 lpm   :  16 
lsl   :   0 lsr   :   0 mov   :  20 movw  :  14 mul   :   1 muls  :   0 
mulsu :   0 neg   :   2 nop   :   0 or    :   1 ori   :   7 out   :  36 
pop   :   1 push  :   1 rcall : 103 ret   :  31 reti  :   0 rjmp  :  89 
rol   :   0 ror   :   0 sbc   :   1 sbci  :   2 sbi   :   7 sbic  :   2 
sbis  :   0 sbiw  :  20 sbr   :   0 sbrc  :   2 sbrs  :  10 sec   :   0 
seh   :   0 sei   :   0 sen   :   0 ser   :   0 ses   :   0 set   :   0 
sev   :   0 sez   :   0 sleep :   0 spm   :   0 st    :  50 std   :  21 
sts   :   2 sub   :   1 subi  :  16 swap  :   1 tst   :   4 wdr   :   1 

Instructions used: 51 out of 114 (44.7%)

ATmega8A memory use summary [bytes]:
Segment   Begin    End      Code   Data   Used    Size   Use%
---------------------------------------------------------------
[.cseg] 0x000000 0x00067e   1610     52   1662    8192  20.3%
[.dseg] 0x000060 0x00016a      0     10     10    1024   1.0%
[.eseg] 0x000000 0x000000      0      0      0     512   0.0%

Assembly complete, 0 errors, 5 warnings
