
AVRASM ver. 2.1.30  D:\projectschool _c\ldr\Debug\List\ldr.asm Sat Dec 18 20:05:05 2021

D:\projectschool _c\ldr\Debug\List\ldr.asm(1086): warning: Register r4 already defined by the .DEF directive
D:\projectschool _c\ldr\Debug\List\ldr.asm(1087): warning: Register r5 already defined by the .DEF directive
D:\projectschool _c\ldr\Debug\List\ldr.asm(1088): warning: Register r7 already defined by the .DEF directive
D:\projectschool _c\ldr\Debug\List\ldr.asm(1089): warning: Register r6 already defined by the .DEF directive
D:\projectschool _c\ldr\Debug\List\ldr.asm(1090): warning: Register r9 already defined by the .DEF directive
                 
                 
                 ;CodeVisionAVR C Compiler V3.12 Advanced
                 ;(C) Copyright 1998-2014 Pavel Haiduc, HP InfoTech s.r.l.
                 ;http://www.hpinfotech.com
                 
                 ;Build configuration    : Debug
                 ;Chip type              : ATmega8
                 ;Program type           : Application
                 ;Clock frequency        : 1/000000 MHz
                 ;Memory model           : Small
                 ;Optimize for           : Size
                 ;(s)printf features     : int, width
                 ;(s)scanf features      : int, width
                 ;External RAM size      : 0
                 ;Data Stack size        : 256 byte(s)
                 ;Heap size              : 0 byte(s)
                 ;Promote 'char' to 'int': Yes
                 ;'char' is unsigned     : Yes
                 ;8 bit enums            : Yes
                 ;Global 'const' stored in FLASH: Yes
                 ;Enhanced function parameter passing: Yes
                 ;Enhanced core instructions: On
                 ;Automatic register allocation for global variables: On
                 ;Smart register allocation: On
                 
                 	#define _MODEL_SMALL_
                 
                 	#pragma AVRPART ADMIN PART_NAME ATmega8
                 	#pragma AVRPART MEMORY PROG_FLASH 8192
                 	#pragma AVRPART MEMORY EEPROM 512
                 	#pragma AVRPART MEMORY INT_SRAM SIZE 1024
                 	#pragma AVRPART MEMORY INT_SRAM START_ADDR 0x60
                 
                 	.LISTMAC
                 	.EQU UDRE=0x5
                 	.EQU RXC=0x7
                 	.EQU USR=0xB
                 	.EQU UDR=0xC
                 	.EQU SPSR=0xE
                 	.EQU SPDR=0xF
                 	.EQU EERE=0x0
                 	.EQU EEWE=0x1
                 	.EQU EEMWE=0x2
                 	.EQU EECR=0x1C
                 	.EQU EEDR=0x1D
                 	.EQU EEARL=0x1E
                 	.EQU EEARH=0x1F
                 	.EQU WDTCR=0x21
                 	.EQU MCUCR=0x35
                 	.EQU GICR=0x3B
                 	.EQU SPL=0x3D
                 	.EQU SPH=0x3E
                 	.EQU SREG=0x3F
                 
                 	.DEF R0X0=R0
                 	.DEF R0X1=R1
                 	.DEF R0X2=R2
                 	.DEF R0X3=R3
                 	.DEF R0X4=R4
                 	.DEF R0X5=R5
                 	.DEF R0X6=R6
                 	.DEF R0X7=R7
                 	.DEF R0X8=R8
                 	.DEF R0X9=R9
                 	.DEF R0XA=R10
                 	.DEF R0XB=R11
                 	.DEF R0XC=R12
                 	.DEF R0XD=R13
                 	.DEF R0XE=R14
                 	.DEF R0XF=R15
                 	.DEF R0X10=R16
                 	.DEF R0X11=R17
                 	.DEF R0X12=R18
                 	.DEF R0X13=R19
                 	.DEF R0X14=R20
                 	.DEF R0X15=R21
                 	.DEF R0X16=R22
                 	.DEF R0X17=R23
                 	.DEF R0X18=R24
                 	.DEF R0X19=R25
                 	.DEF R0X1A=R26
                 	.DEF R0X1B=R27
                 	.DEF R0X1C=R28
                 	.DEF R0X1D=R29
                 	.DEF R0X1E=R30
                 	.DEF R0X1F=R31
                 
                 	.EQU __SRAM_START=0x0060
                 	.EQU __SRAM_END=0x045F
                 	.EQU __DSTACK_SIZE=0x0100
                 	.EQU __HEAP_SIZE=0x0000
                 	.EQU __CLEAR_SRAM_SIZE=__SRAM_END-__SRAM_START+1
                 
                 	.MACRO __CPD1N
                 	CPI  R30,LOW(@0)
                 	LDI  R26,HIGH(@0)
                 	CPC  R31,R26
                 	LDI  R26,BYTE3(@0)
                 	CPC  R22,R26
                 	LDI  R26,BYTE4(@0)
                 	CPC  R23,R26
                 	.ENDM
                 
                 	.MACRO __CPD2N
                 	CPI  R26,LOW(@0)
                 	LDI  R30,HIGH(@0)
                 	CPC  R27,R30
                 	LDI  R30,BYTE3(@0)
                 	CPC  R24,R30
                 	LDI  R30,BYTE4(@0)
                 	CPC  R25,R30
                 	.ENDM
                 
                 	.MACRO __CPWRR
                 	CP   R@0,R@2
                 	CPC  R@1,R@3
                 	.ENDM
                 
                 	.MACRO __CPWRN
                 	CPI  R@0,LOW(@2)
                 	LDI  R30,HIGH(@2)
                 	CPC  R@1,R30
                 	.ENDM
                 
                 	.MACRO __ADDB1MN
                 	SUBI R30,LOW(-@0-(@1))
                 	.ENDM
                 
                 	.MACRO __ADDB2MN
                 	SUBI R26,LOW(-@0-(@1))
                 	.ENDM
                 
                 	.MACRO __ADDW1MN
                 	SUBI R30,LOW(-@0-(@1))
                 	SBCI R31,HIGH(-@0-(@1))
                 	.ENDM
                 
                 	.MACRO __ADDW2MN
                 	SUBI R26,LOW(-@0-(@1))
                 	SBCI R27,HIGH(-@0-(@1))
                 	.ENDM
                 
                 	.MACRO __ADDW1FN
                 	SUBI R30,LOW(-2*@0-(@1))
                 	SBCI R31,HIGH(-2*@0-(@1))
                 	.ENDM
                 
                 	.MACRO __ADDD1FN
                 	SUBI R30,LOW(-2*@0-(@1))
                 	SBCI R31,HIGH(-2*@0-(@1))
                 	SBCI R22,BYTE3(-2*@0-(@1))
                 	.ENDM
                 
                 	.MACRO __ADDD1N
                 	SUBI R30,LOW(-@0)
                 	SBCI R31,HIGH(-@0)
                 	SBCI R22,BYTE3(-@0)
                 	SBCI R23,BYTE4(-@0)
                 	.ENDM
                 
                 	.MACRO __ADDD2N
                 	SUBI R26,LOW(-@0)
                 	SBCI R27,HIGH(-@0)
                 	SBCI R24,BYTE3(-@0)
                 	SBCI R25,BYTE4(-@0)
                 	.ENDM
                 
                 	.MACRO __SUBD1N
                 	SUBI R30,LOW(@0)
                 	SBCI R31,HIGH(@0)
                 	SBCI R22,BYTE3(@0)
                 	SBCI R23,BYTE4(@0)
                 	.ENDM
                 
                 	.MACRO __SUBD2N
                 	SUBI R26,LOW(@0)
                 	SBCI R27,HIGH(@0)
                 	SBCI R24,BYTE3(@0)
                 	SBCI R25,BYTE4(@0)
                 	.ENDM
                 
                 	.MACRO __ANDBMNN
                 	LDS  R30,@0+(@1)
                 	ANDI R30,LOW(@2)
                 	STS  @0+(@1),R30
                 	.ENDM
                 
                 	.MACRO __ANDWMNN
                 	LDS  R30,@0+(@1)
                 	ANDI R30,LOW(@2)
                 	STS  @0+(@1),R30
                 	LDS  R30,@0+(@1)+1
                 	ANDI R30,HIGH(@2)
                 	STS  @0+(@1)+1,R30
                 	.ENDM
                 
                 	.MACRO __ANDD1N
                 	ANDI R30,LOW(@0)
                 	ANDI R31,HIGH(@0)
                 	ANDI R22,BYTE3(@0)
                 	ANDI R23,BYTE4(@0)
                 	.ENDM
                 
                 	.MACRO __ANDD2N
                 	ANDI R26,LOW(@0)
                 	ANDI R27,HIGH(@0)
                 	ANDI R24,BYTE3(@0)
                 	ANDI R25,BYTE4(@0)
                 	.ENDM
                 
                 	.MACRO __ORBMNN
                 	LDS  R30,@0+(@1)
                 	ORI  R30,LOW(@2)
                 	STS  @0+(@1),R30
                 	.ENDM
                 
                 	.MACRO __ORWMNN
                 	LDS  R30,@0+(@1)
                 	ORI  R30,LOW(@2)
                 	STS  @0+(@1),R30
                 	LDS  R30,@0+(@1)+1
                 	ORI  R30,HIGH(@2)
                 	STS  @0+(@1)+1,R30
                 	.ENDM
                 
                 	.MACRO __ORD1N
                 	ORI  R30,LOW(@0)
                 	ORI  R31,HIGH(@0)
                 	ORI  R22,BYTE3(@0)
                 	ORI  R23,BYTE4(@0)
                 	.ENDM
                 
                 	.MACRO __ORD2N
                 	ORI  R26,LOW(@0)
                 	ORI  R27,HIGH(@0)
                 	ORI  R24,BYTE3(@0)
                 	ORI  R25,BYTE4(@0)
                 	.ENDM
                 
                 	.MACRO __DELAY_USB
                 	LDI  R24,LOW(@0)
                 __DELAY_USB_LOOP:
                 	DEC  R24
                 	BRNE __DELAY_USB_LOOP
                 	.ENDM
                 
                 	.MACRO __DELAY_USW
                 	LDI  R24,LOW(@0)
                 	LDI  R25,HIGH(@0)
                 __DELAY_USW_LOOP:
                 	SBIW R24,1
                 	BRNE __DELAY_USW_LOOP
                 	.ENDM
                 
                 	.MACRO __GETD1S
                 	LDD  R30,Y+@0
                 	LDD  R31,Y+@0+1
                 	LDD  R22,Y+@0+2
                 	LDD  R23,Y+@0+3
                 	.ENDM
                 
                 	.MACRO __GETD2S
                 	LDD  R26,Y+@0
                 	LDD  R27,Y+@0+1
                 	LDD  R24,Y+@0+2
                 	LDD  R25,Y+@0+3
                 	.ENDM
                 
                 	.MACRO __PUTD1S
                 	STD  Y+@0,R30
                 	STD  Y+@0+1,R31
                 	STD  Y+@0+2,R22
                 	STD  Y+@0+3,R23
                 	.ENDM
                 
                 	.MACRO __PUTD2S
                 	STD  Y+@0,R26
                 	STD  Y+@0+1,R27
                 	STD  Y+@0+2,R24
                 	STD  Y+@0+3,R25
                 	.ENDM
                 
                 	.MACRO __PUTDZ2
                 	STD  Z+@0,R26
                 	STD  Z+@0+1,R27
                 	STD  Z+@0+2,R24
                 	STD  Z+@0+3,R25
                 	.ENDM
                 
                 	.MACRO __CLRD1S
                 	STD  Y+@0,R30
                 	STD  Y+@0+1,R30
                 	STD  Y+@0+2,R30
                 	STD  Y+@0+3,R30
                 	.ENDM
                 
                 	.MACRO __POINTB1MN
                 	LDI  R30,LOW(@0+(@1))
                 	.ENDM
                 
                 	.MACRO __POINTW1MN
                 	LDI  R30,LOW(@0+(@1))
                 	LDI  R31,HIGH(@0+(@1))
                 	.ENDM
                 
                 	.MACRO __POINTD1M
                 	LDI  R30,LOW(@0)
                 	LDI  R31,HIGH(@0)
                 	LDI  R22,BYTE3(@0)
                 	LDI  R23,BYTE4(@0)
                 	.ENDM
                 
                 	.MACRO __POINTW1FN
                 	LDI  R30,LOW(2*@0+(@1))
                 	LDI  R31,HIGH(2*@0+(@1))
                 	.ENDM
                 
                 	.MACRO __POINTD1FN
                 	LDI  R30,LOW(2*@0+(@1))
                 	LDI  R31,HIGH(2*@0+(@1))
                 	LDI  R22,BYTE3(2*@0+(@1))
                 	LDI  R23,BYTE4(2*@0+(@1))
                 	.ENDM
                 
                 	.MACRO __POINTB2MN
                 	LDI  R26,LOW(@0+(@1))
                 	.ENDM
                 
                 	.MACRO __POINTW2MN
                 	LDI  R26,LOW(@0+(@1))
                 	LDI  R27,HIGH(@0+(@1))
                 	.ENDM
                 
                 	.MACRO __POINTW2FN
                 	LDI  R26,LOW(2*@0+(@1))
                 	LDI  R27,HIGH(2*@0+(@1))
                 	.ENDM
                 
                 	.MACRO __POINTD2FN
                 	LDI  R26,LOW(2*@0+(@1))
                 	LDI  R27,HIGH(2*@0+(@1))
                 	LDI  R24,BYTE3(2*@0+(@1))
                 	LDI  R25,BYTE4(2*@0+(@1))
                 	.ENDM
                 
                 	.MACRO __POINTBRM
                 	LDI  R@0,LOW(@1)
                 	.ENDM
                 
                 	.MACRO __POINTWRM
                 	LDI  R@0,LOW(@2)
                 	LDI  R@1,HIGH(@2)
                 	.ENDM
                 
                 	.MACRO __POINTBRMN
                 	LDI  R@0,LOW(@1+(@2))
                 	.ENDM
                 
                 	.MACRO __POINTWRMN
                 	LDI  R@0,LOW(@2+(@3))
                 	LDI  R@1,HIGH(@2+(@3))
                 	.ENDM
                 
                 	.MACRO __POINTWRFN
                 	LDI  R@0,LOW(@2*2+(@3))
                 	LDI  R@1,HIGH(@2*2+(@3))
                 	.ENDM
                 
                 	.MACRO __GETD1N
                 	LDI  R30,LOW(@0)
                 	LDI  R31,HIGH(@0)
                 	LDI  R22,BYTE3(@0)
                 	LDI  R23,BYTE4(@0)
                 	.ENDM
                 
                 	.MACRO __GETD2N
                 	LDI  R26,LOW(@0)
                 	LDI  R27,HIGH(@0)
                 	LDI  R24,BYTE3(@0)
                 	LDI  R25,BYTE4(@0)
                 	.ENDM
                 
                 	.MACRO __GETB1MN
                 	LDS  R30,@0+(@1)
                 	.ENDM
                 
                 	.MACRO __GETB1HMN
                 	LDS  R31,@0+(@1)
                 	.ENDM
                 
                 	.MACRO __GETW1MN
                 	LDS  R30,@0+(@1)
                 	LDS  R31,@0+(@1)+1
                 	.ENDM
                 
                 	.MACRO __GETD1MN
                 	LDS  R30,@0+(@1)
                 	LDS  R31,@0+(@1)+1
                 	LDS  R22,@0+(@1)+2
                 	LDS  R23,@0+(@1)+3
                 	.ENDM
                 
                 	.MACRO __GETBRMN
                 	LDS  R@0,@1+(@2)
                 	.ENDM
                 
                 	.MACRO __GETWRMN
                 	LDS  R@0,@2+(@3)
                 	LDS  R@1,@2+(@3)+1
                 	.ENDM
                 
                 	.MACRO __GETWRZ
                 	LDD  R@0,Z+@2
                 	LDD  R@1,Z+@2+1
                 	.ENDM
                 
                 	.MACRO __GETD2Z
                 	LDD  R26,Z+@0
                 	LDD  R27,Z+@0+1
                 	LDD  R24,Z+@0+2
                 	LDD  R25,Z+@0+3
                 	.ENDM
                 
                 	.MACRO __GETB2MN
                 	LDS  R26,@0+(@1)
                 	.ENDM
                 
                 	.MACRO __GETW2MN
                 	LDS  R26,@0+(@1)
                 	LDS  R27,@0+(@1)+1
                 	.ENDM
                 
                 	.MACRO __GETD2MN
                 	LDS  R26,@0+(@1)
                 	LDS  R27,@0+(@1)+1
                 	LDS  R24,@0+(@1)+2
                 	LDS  R25,@0+(@1)+3
                 	.ENDM
                 
                 	.MACRO __PUTB1MN
                 	STS  @0+(@1),R30
                 	.ENDM
                 
                 	.MACRO __PUTW1MN
                 	STS  @0+(@1),R30
                 	STS  @0+(@1)+1,R31
                 	.ENDM
                 
                 	.MACRO __PUTD1MN
                 	STS  @0+(@1),R30
                 	STS  @0+(@1)+1,R31
                 	STS  @0+(@1)+2,R22
                 	STS  @0+(@1)+3,R23
                 	.ENDM
                 
                 	.MACRO __PUTB1EN
                 	LDI  R26,LOW(@0+(@1))
                 	LDI  R27,HIGH(@0+(@1))
                 	RCALL __EEPROMWRB
                 	.ENDM
                 
                 	.MACRO __PUTW1EN
                 	LDI  R26,LOW(@0+(@1))
                 	LDI  R27,HIGH(@0+(@1))
                 	RCALL __EEPROMWRW
                 	.ENDM
                 
                 	.MACRO __PUTD1EN
                 	LDI  R26,LOW(@0+(@1))
                 	LDI  R27,HIGH(@0+(@1))
                 	RCALL __EEPROMWRD
                 	.ENDM
                 
                 	.MACRO __PUTBR0MN
                 	STS  @0+(@1),R0
                 	.ENDM
                 
                 	.MACRO __PUTBMRN
                 	STS  @0+(@1),R@2
                 	.ENDM
                 
                 	.MACRO __PUTWMRN
                 	STS  @0+(@1),R@2
                 	STS  @0+(@1)+1,R@3
                 	.ENDM
                 
                 	.MACRO __PUTBZR
                 	STD  Z+@1,R@0
                 	.ENDM
                 
                 	.MACRO __PUTWZR
                 	STD  Z+@2,R@0
                 	STD  Z+@2+1,R@1
                 	.ENDM
                 
                 	.MACRO __GETW1R
                 	MOV  R30,R@0
                 	MOV  R31,R@1
                 	.ENDM
                 
                 	.MACRO __GETW2R
                 	MOV  R26,R@0
                 	MOV  R27,R@1
                 	.ENDM
                 
                 	.MACRO __GETWRN
                 	LDI  R@0,LOW(@2)
                 	LDI  R@1,HIGH(@2)
                 	.ENDM
                 
                 	.MACRO __PUTW1R
                 	MOV  R@0,R30
                 	MOV  R@1,R31
                 	.ENDM
                 
                 	.MACRO __PUTW2R
                 	MOV  R@0,R26
                 	MOV  R@1,R27
                 	.ENDM
                 
                 	.MACRO __ADDWRN
                 	SUBI R@0,LOW(-@2)
                 	SBCI R@1,HIGH(-@2)
                 	.ENDM
                 
                 	.MACRO __ADDWRR
                 	ADD  R@0,R@2
                 	ADC  R@1,R@3
                 	.ENDM
                 
                 	.MACRO __SUBWRN
                 	SUBI R@0,LOW(@2)
                 	SBCI R@1,HIGH(@2)
                 	.ENDM
                 
                 	.MACRO __SUBWRR
                 	SUB  R@0,R@2
                 	SBC  R@1,R@3
                 	.ENDM
                 
                 	.MACRO __ANDWRN
                 	ANDI R@0,LOW(@2)
                 	ANDI R@1,HIGH(@2)
                 	.ENDM
                 
                 	.MACRO __ANDWRR
                 	AND  R@0,R@2
                 	AND  R@1,R@3
                 	.ENDM
                 
                 	.MACRO __ORWRN
                 	ORI  R@0,LOW(@2)
                 	ORI  R@1,HIGH(@2)
                 	.ENDM
                 
                 	.MACRO __ORWRR
                 	OR   R@0,R@2
                 	OR   R@1,R@3
                 	.ENDM
                 
                 	.MACRO __EORWRR
                 	EOR  R@0,R@2
                 	EOR  R@1,R@3
                 	.ENDM
                 
                 	.MACRO __GETWRS
                 	LDD  R@0,Y+@2
                 	LDD  R@1,Y+@2+1
                 	.ENDM
                 
                 	.MACRO __PUTBSR
                 	STD  Y+@1,R@0
                 	.ENDM
                 
                 	.MACRO __PUTWSR
                 	STD  Y+@2,R@0
                 	STD  Y+@2+1,R@1
                 	.ENDM
                 
                 	.MACRO __MOVEWRR
                 	MOV  R@0,R@2
                 	MOV  R@1,R@3
                 	.ENDM
                 
                 	.MACRO __INWR
                 	IN   R@0,@2
                 	IN   R@1,@2+1
                 	.ENDM
                 
                 	.MACRO __OUTWR
                 	OUT  @2+1,R@1
                 	OUT  @2,R@0
                 	.ENDM
                 
                 	.MACRO __CALL1MN
                 	LDS  R30,@0+(@1)
                 	LDS  R31,@0+(@1)+1
                 	ICALL
                 	.ENDM
                 
                 	.MACRO __CALL1FN
                 	LDI  R30,LOW(2*@0+(@1))
                 	LDI  R31,HIGH(2*@0+(@1))
                 	RCALL __GETW1PF
                 	ICALL
                 	.ENDM
                 
                 	.MACRO __CALL2EN
                 	PUSH R26
                 	PUSH R27
                 	LDI  R26,LOW(@0+(@1))
                 	LDI  R27,HIGH(@0+(@1))
                 	RCALL __EEPROMRDW
                 	POP  R27
                 	POP  R26
                 	ICALL
                 	.ENDM
                 
                 	.MACRO __CALL2EX
                 	SUBI R26,LOW(-@0)
                 	SBCI R27,HIGH(-@0)
                 	RCALL __EEPROMRDD
                 	ICALL
                 	.ENDM
                 
                 	.MACRO __GETW1STACK
                 	IN   R30,SPL
                 	IN   R31,SPH
                 	ADIW R30,@0+1
                 	LD   R0,Z+
                 	LD   R31,Z
                 	MOV  R30,R0
                 	.ENDM
                 
                 	.MACRO __GETD1STACK
                 	IN   R30,SPL
                 	IN   R31,SPH
                 	ADIW R30,@0+1
                 	LD   R0,Z+
                 	LD   R1,Z+
                 	LD   R22,Z
                 	MOVW R30,R0
                 	.ENDM
                 
                 	.MACRO __NBST
                 	BST  R@0,@1
                 	IN   R30,SREG
                 	LDI  R31,0x40
                 	EOR  R30,R31
                 	OUT  SREG,R30
                 	.ENDM
                 
                 
                 	.MACRO __PUTB1SN
                 	LDD  R26,Y+@0
                 	LDD  R27,Y+@0+1
                 	SUBI R26,LOW(-@1)
                 	SBCI R27,HIGH(-@1)
                 	ST   X,R30
                 	.ENDM
                 
                 	.MACRO __PUTW1SN
                 	LDD  R26,Y+@0
                 	LDD  R27,Y+@0+1
                 	SUBI R26,LOW(-@1)
                 	SBCI R27,HIGH(-@1)
                 	ST   X+,R30
                 	ST   X,R31
                 	.ENDM
                 
                 	.MACRO __PUTD1SN
                 	LDD  R26,Y+@0
                 	LDD  R27,Y+@0+1
                 	SUBI R26,LOW(-@1)
                 	SBCI R27,HIGH(-@1)
                 	RCALL __PUTDP1
                 	.ENDM
                 
                 	.MACRO __PUTB1SNS
                 	LDD  R26,Y+@0
                 	LDD  R27,Y+@0+1
                 	ADIW R26,@1
                 	ST   X,R30
                 	.ENDM
                 
                 	.MACRO __PUTW1SNS
                 	LDD  R26,Y+@0
                 	LDD  R27,Y+@0+1
                 	ADIW R26,@1
                 	ST   X+,R30
                 	ST   X,R31
                 	.ENDM
                 
                 	.MACRO __PUTD1SNS
                 	LDD  R26,Y+@0
                 	LDD  R27,Y+@0+1
                 	ADIW R26,@1
                 	RCALL __PUTDP1
                 	.ENDM
                 
                 	.MACRO __PUTB1PMN
                 	LDS  R26,@0
                 	LDS  R27,@0+1
                 	SUBI R26,LOW(-@1)
                 	SBCI R27,HIGH(-@1)
                 	ST   X,R30
                 	.ENDM
                 
                 	.MACRO __PUTW1PMN
                 	LDS  R26,@0
                 	LDS  R27,@0+1
                 	SUBI R26,LOW(-@1)
                 	SBCI R27,HIGH(-@1)
                 	ST   X+,R30
                 	ST   X,R31
                 	.ENDM
                 
                 	.MACRO __PUTD1PMN
                 	LDS  R26,@0
                 	LDS  R27,@0+1
                 	SUBI R26,LOW(-@1)
                 	SBCI R27,HIGH(-@1)
                 	RCALL __PUTDP1
                 	.ENDM
                 
                 	.MACRO __PUTB1PMNS
                 	LDS  R26,@0
                 	LDS  R27,@0+1
                 	ADIW R26,@1
                 	ST   X,R30
                 	.ENDM
                 
                 	.MACRO __PUTW1PMNS
                 	LDS  R26,@0
                 	LDS  R27,@0+1
                 	ADIW R26,@1
                 	ST   X+,R30
                 	ST   X,R31
                 	.ENDM
                 
                 	.MACRO __PUTD1PMNS
                 	LDS  R26,@0
                 	LDS  R27,@0+1
                 	ADIW R26,@1
                 	RCALL __PUTDP1
                 	.ENDM
                 
                 	.MACRO __PUTB1RN
                 	MOVW R26,R@0
                 	SUBI R26,LOW(-@1)
                 	SBCI R27,HIGH(-@1)
                 	ST   X,R30
                 	.ENDM
                 
                 	.MACRO __PUTW1RN
                 	MOVW R26,R@0
                 	SUBI R26,LOW(-@1)
                 	SBCI R27,HIGH(-@1)
                 	ST   X+,R30
                 	ST   X,R31
                 	.ENDM
                 
                 	.MACRO __PUTD1RN
                 	MOVW R26,R@0
                 	SUBI R26,LOW(-@1)
                 	SBCI R27,HIGH(-@1)
                 	RCALL __PUTDP1
                 	.ENDM
                 
                 	.MACRO __PUTB1RNS
                 	MOVW R26,R@0
                 	ADIW R26,@1
                 	ST   X,R30
                 	.ENDM
                 
                 	.MACRO __PUTW1RNS
                 	MOVW R26,R@0
                 	ADIW R26,@1
                 	ST   X+,R30
                 	ST   X,R31
                 	.ENDM
                 
                 	.MACRO __PUTD1RNS
                 	MOVW R26,R@0
                 	ADIW R26,@1
                 	RCALL __PUTDP1
                 	.ENDM
                 
                 	.MACRO __PUTB1RON
                 	MOV  R26,R@0
                 	MOV  R27,R@1
                 	SUBI R26,LOW(-@2)
                 	SBCI R27,HIGH(-@2)
                 	ST   X,R30
                 	.ENDM
                 
                 	.MACRO __PUTW1RON
                 	MOV  R26,R@0
                 	MOV  R27,R@1
                 	SUBI R26,LOW(-@2)
                 	SBCI R27,HIGH(-@2)
                 	ST   X+,R30
                 	ST   X,R31
                 	.ENDM
                 
                 	.MACRO __PUTD1RON
                 	MOV  R26,R@0
                 	MOV  R27,R@1
                 	SUBI R26,LOW(-@2)
                 	SBCI R27,HIGH(-@2)
                 	RCALL __PUTDP1
                 	.ENDM
                 
                 	.MACRO __PUTB1RONS
                 	MOV  R26,R@0
                 	MOV  R27,R@1
                 	ADIW R26,@2
                 	ST   X,R30
                 	.ENDM
                 
                 	.MACRO __PUTW1RONS
                 	MOV  R26,R@0
                 	MOV  R27,R@1
                 	ADIW R26,@2
                 	ST   X+,R30
                 	ST   X,R31
                 	.ENDM
                 
                 	.MACRO __PUTD1RONS
                 	MOV  R26,R@0
                 	MOV  R27,R@1
                 	ADIW R26,@2
                 	RCALL __PUTDP1
                 	.ENDM
                 
                 
                 	.MACRO __GETB1SX
                 	MOVW R30,R28
                 	SUBI R30,LOW(-@0)
                 	SBCI R31,HIGH(-@0)
                 	LD   R30,Z
                 	.ENDM
                 
                 	.MACRO __GETB1HSX
                 	MOVW R30,R28
                 	SUBI R30,LOW(-@0)
                 	SBCI R31,HIGH(-@0)
                 	LD   R31,Z
                 	.ENDM
                 
                 	.MACRO __GETW1SX
                 	MOVW R30,R28
                 	SUBI R30,LOW(-@0)
                 	SBCI R31,HIGH(-@0)
                 	LD   R0,Z+
                 	LD   R31,Z
                 	MOV  R30,R0
                 	.ENDM
                 
                 	.MACRO __GETD1SX
                 	MOVW R30,R28
                 	SUBI R30,LOW(-@0)
                 	SBCI R31,HIGH(-@0)
                 	LD   R0,Z+
                 	LD   R1,Z+
                 	LD   R22,Z+
                 	LD   R23,Z
                 	MOVW R30,R0
                 	.ENDM
                 
                 	.MACRO __GETB2SX
                 	MOVW R26,R28
                 	SUBI R26,LOW(-@0)
                 	SBCI R27,HIGH(-@0)
                 	LD   R26,X
                 	.ENDM
                 
                 	.MACRO __GETW2SX
                 	MOVW R26,R28
                 	SUBI R26,LOW(-@0)
                 	SBCI R27,HIGH(-@0)
                 	LD   R0,X+
                 	LD   R27,X
                 	MOV  R26,R0
                 	.ENDM
                 
                 	.MACRO __GETD2SX
                 	MOVW R26,R28
                 	SUBI R26,LOW(-@0)
                 	SBCI R27,HIGH(-@0)
                 	LD   R0,X+
                 	LD   R1,X+
                 	LD   R24,X+
                 	LD   R25,X
                 	MOVW R26,R0
                 	.ENDM
                 
                 	.MACRO __GETBRSX
                 	MOVW R30,R28
                 	SUBI R30,LOW(-@1)
                 	SBCI R31,HIGH(-@1)
                 	LD   R@0,Z
                 	.ENDM
                 
                 	.MACRO __GETWRSX
                 	MOVW R30,R28
                 	SUBI R30,LOW(-@2)
                 	SBCI R31,HIGH(-@2)
                 	LD   R@0,Z+
                 	LD   R@1,Z
                 	.ENDM
                 
                 	.MACRO __GETBRSX2
                 	MOVW R26,R28
                 	SUBI R26,LOW(-@1)
                 	SBCI R27,HIGH(-@1)
                 	LD   R@0,X
                 	.ENDM
                 
                 	.MACRO __GETWRSX2
                 	MOVW R26,R28
                 	SUBI R26,LOW(-@2)
                 	SBCI R27,HIGH(-@2)
                 	LD   R@0,X+
                 	LD   R@1,X
                 	.ENDM
                 
                 	.MACRO __LSLW8SX
                 	MOVW R30,R28
                 	SUBI R30,LOW(-@0)
                 	SBCI R31,HIGH(-@0)
                 	LD   R31,Z
                 	CLR  R30
                 	.ENDM
                 
                 	.MACRO __PUTB1SX
                 	MOVW R26,R28
                 	SUBI R26,LOW(-@0)
                 	SBCI R27,HIGH(-@0)
                 	ST   X,R30
                 	.ENDM
                 
                 	.MACRO __PUTW1SX
                 	MOVW R26,R28
                 	SUBI R26,LOW(-@0)
                 	SBCI R27,HIGH(-@0)
                 	ST   X+,R30
                 	ST   X,R31
                 	.ENDM
                 
                 	.MACRO __PUTD1SX
                 	MOVW R26,R28
                 	SUBI R26,LOW(-@0)
                 	SBCI R27,HIGH(-@0)
                 	ST   X+,R30
                 	ST   X+,R31
                 	ST   X+,R22
                 	ST   X,R23
                 	.ENDM
                 
                 	.MACRO __CLRW1SX
                 	MOVW R26,R28
                 	SUBI R26,LOW(-@0)
                 	SBCI R27,HIGH(-@0)
                 	ST   X+,R30
                 	ST   X,R30
                 	.ENDM
                 
                 	.MACRO __CLRD1SX
                 	MOVW R26,R28
                 	SUBI R26,LOW(-@0)
                 	SBCI R27,HIGH(-@0)
                 	ST   X+,R30
                 	ST   X+,R30
                 	ST   X+,R30
                 	ST   X,R30
                 	.ENDM
                 
                 	.MACRO __PUTB2SX
                 	MOVW R30,R28
                 	SUBI R30,LOW(-@0)
                 	SBCI R31,HIGH(-@0)
                 	ST   Z,R26
                 	.ENDM
                 
                 	.MACRO __PUTW2SX
                 	MOVW R30,R28
                 	SUBI R30,LOW(-@0)
                 	SBCI R31,HIGH(-@0)
                 	ST   Z+,R26
                 	ST   Z,R27
                 	.ENDM
                 
                 	.MACRO __PUTD2SX
                 	MOVW R30,R28
                 	SUBI R30,LOW(-@0)
                 	SBCI R31,HIGH(-@0)
                 	ST   Z+,R26
                 	ST   Z+,R27
                 	ST   Z+,R24
                 	ST   Z,R25
                 	.ENDM
                 
                 	.MACRO __PUTBSRX
                 	MOVW R30,R28
                 	SUBI R30,LOW(-@1)
                 	SBCI R31,HIGH(-@1)
                 	ST   Z,R@0
                 	.ENDM
                 
                 	.MACRO __PUTWSRX
                 	MOVW R30,R28
                 	SUBI R30,LOW(-@2)
                 	SBCI R31,HIGH(-@2)
                 	ST   Z+,R@0
                 	ST   Z,R@1
                 	.ENDM
                 
                 	.MACRO __PUTB1SNX
                 	MOVW R26,R28
                 	SUBI R26,LOW(-@0)
                 	SBCI R27,HIGH(-@0)
                 	LD   R0,X+
                 	LD   R27,X
                 	MOV  R26,R0
                 	SUBI R26,LOW(-@1)
                 	SBCI R27,HIGH(-@1)
                 	ST   X,R30
                 	.ENDM
                 
                 	.MACRO __PUTW1SNX
                 	MOVW R26,R28
                 	SUBI R26,LOW(-@0)
                 	SBCI R27,HIGH(-@0)
                 	LD   R0,X+
                 	LD   R27,X
                 	MOV  R26,R0
                 	SUBI R26,LOW(-@1)
                 	SBCI R27,HIGH(-@1)
                 	ST   X+,R30
                 	ST   X,R31
                 	.ENDM
                 
                 	.MACRO __PUTD1SNX
                 	MOVW R26,R28
                 	SUBI R26,LOW(-@0)
                 	SBCI R27,HIGH(-@0)
                 	LD   R0,X+
                 	LD   R27,X
                 	MOV  R26,R0
                 	SUBI R26,LOW(-@1)
                 	SBCI R27,HIGH(-@1)
                 	ST   X+,R30
                 	ST   X+,R31
                 	ST   X+,R22
                 	ST   X,R23
                 	.ENDM
                 
                 	.MACRO __MULBRR
                 	MULS R@0,R@1
                 	MOVW R30,R0
                 	.ENDM
                 
                 	.MACRO __MULBRRU
                 	MUL  R@0,R@1
                 	MOVW R30,R0
                 	.ENDM
                 
                 	.MACRO __MULBRR0
                 	MULS R@0,R@1
                 	.ENDM
                 
                 	.MACRO __MULBRRU0
                 	MUL  R@0,R@1
                 	.ENDM
                 
                 	.MACRO __MULBNWRU
                 	LDI  R26,@2
                 	MUL  R26,R@0
                 	MOVW R30,R0
                 	MUL  R26,R@1
                 	ADD  R31,R0
                 	.ENDM
                 
                 ;NAME DEFINITIONS FOR GLOBAL VARIABLES ALLOCATED TO REGISTERS
                 	.DEF _a=R4
                 	.DEF _a_msb=R5
                 	.DEF __lcd_x=R7
                 	.DEF __lcd_y=R6
                 	.DEF __lcd_maxx=R9
                 
                 	.CSEG
                 	.ORG 0x00
                 
                 ;START OF CODE MARKER
                 __START_OF_CODE:
                 
                 ;INTERRUPT VECTORS
000000 c02e      	RJMP __RESET
000001 cffe      	RJMP 0x00
000002 cffd      	RJMP 0x00
000003 cffc      	RJMP 0x00
000004 cffb      	RJMP 0x00
000005 cffa      	RJMP 0x00
000006 cff9      	RJMP 0x00
000007 cff8      	RJMP 0x00
000008 cff7      	RJMP 0x00
000009 cff6      	RJMP 0x00
00000a cff5      	RJMP 0x00
00000b cff4      	RJMP 0x00
00000c cff3      	RJMP 0x00
00000d cff2      	RJMP 0x00
00000e cff1      	RJMP 0x00
00000f cff0      	RJMP 0x00
000010 cfef      	RJMP 0x00
000011 cfee      	RJMP 0x00
000012 cfed      	RJMP 0x00
                 
                 _tbl10_G101:
000013 2710
000014 03e8
000015 0064
000016 000a      	.DB  0x10,0x27,0xE8,0x3,0x64,0x0,0xA,0x0
000017 0001      	.DB  0x1,0x0
                 _tbl16_G101:
000018 1000
000019 0100
00001a 0010
00001b 0001      	.DB  0x0,0x10,0x0,0x1,0x10,0x0,0x1,0x0
                 
                 _0x0:
00001c 494c
00001d 4847
00001e 3a54
00001f 3025      	.DB  0x4C,0x49,0x47,0x48,0x54,0x3A,0x25,0x30
000020 6434
000021 4c00
000022 4d41
000023 2050      	.DB  0x34,0x64,0x0,0x4C,0x41,0x4D,0x50,0x20
000024 464f
000025 0046
000026 414c
000027 504d      	.DB  0x4F,0x46,0x46,0x0,0x4C,0x41,0x4D,0x50
000028 4f20
000029 004e      	.DB  0x20,0x4F,0x4E,0x0
                 _0x2000003:
00002a c080      	.DB  0x80,0xC0
                 
                 __GLOBAL_INI_TBL:
00002b 0002      	.DW  0x02
00002c 0170      	.DW  __base_y_G100
00002d 0054      	.DW  _0x2000003*2
                 
                 _0xFFFFFFFF:
00002e 0000      	.DW  0
                 
                 #define __GLOBAL_INI_TBL_PRESENT 1
                 
                 __RESET:
00002f 94f8      	CLI
000030 27ee      	CLR  R30
000031 bbec      	OUT  EECR,R30
                 
                 ;INTERRUPT VECTORS ARE PLACED
                 ;AT THE START OF FLASH
000032 e0f1      	LDI  R31,1
000033 bffb      	OUT  GICR,R31
000034 bfeb      	OUT  GICR,R30
000035 bfe5      	OUT  MCUCR,R30
                 
                 ;CLEAR R2-R14
000036 e08d      	LDI  R24,(14-2)+1
000037 e0a2      	LDI  R26,2
000038 27bb      	CLR  R27
                 __CLEAR_REG:
000039 93ed      	ST   X+,R30
00003a 958a      	DEC  R24
00003b f7e9      	BRNE __CLEAR_REG
                 
                 ;CLEAR SRAM
00003c e080      	LDI  R24,LOW(__CLEAR_SRAM_SIZE)
00003d e094      	LDI  R25,HIGH(__CLEAR_SRAM_SIZE)
00003e e6a0      	LDI  R26,__SRAM_START
                 __CLEAR_SRAM:
00003f 93ed      	ST   X+,R30
000040 9701      	SBIW R24,1
000041 f7e9      	BRNE __CLEAR_SRAM
                 
                 ;GLOBAL VARIABLES INITIALIZATION
000042 e5e6      	LDI  R30,LOW(__GLOBAL_INI_TBL*2)
000043 e0f0      	LDI  R31,HIGH(__GLOBAL_INI_TBL*2)
                 __GLOBAL_INI_NEXT:
000044 9185      	LPM  R24,Z+
000045 9195      	LPM  R25,Z+
000046 9700      	SBIW R24,0
000047 f061      	BREQ __GLOBAL_INI_END
000048 91a5      	LPM  R26,Z+
000049 91b5      	LPM  R27,Z+
00004a 9005      	LPM  R0,Z+
00004b 9015      	LPM  R1,Z+
00004c 01bf      	MOVW R22,R30
00004d 01f0      	MOVW R30,R0
                 __GLOBAL_INI_LOOP:
00004e 9005      	LPM  R0,Z+
00004f 920d      	ST   X+,R0
000050 9701      	SBIW R24,1
000051 f7e1      	BRNE __GLOBAL_INI_LOOP
000052 01fb      	MOVW R30,R22
000053 cff0      	RJMP __GLOBAL_INI_NEXT
                 __GLOBAL_INI_END:
                 
                 ;HARDWARE STACK POINTER INITIALIZATION
000054 e5ef      	LDI  R30,LOW(__SRAM_END-__HEAP_SIZE)
000055 bfed      	OUT  SPL,R30
000056 e0e4      	LDI  R30,HIGH(__SRAM_END-__HEAP_SIZE)
000057 bfee      	OUT  SPH,R30
                 
                 ;DATA STACK POINTER INITIALIZATION
000058 e6c0      	LDI  R28,LOW(__SRAM_START+__DSTACK_SIZE)
000059 e0d1      	LDI  R29,HIGH(__SRAM_START+__DSTACK_SIZE)
                 
00005a c00e      	RJMP _main
                 
                 	.ESEG
                 	.ORG 0
                 
                 	.DSEG
                 	.ORG 0x160
                 
                 	.CSEG
                 ;/*******************************************************
                 ;This program was created by the
                 ;CodeWizardAVR V3.12 Advanced
                 ;Automatic Program Generator
                 ;© Copyright 1998-2014 Pavel Haiduc, HP InfoTech s.r.l.
                 ;http://www.hpinfotech.com
                 ;
                 ;Project :
                 ;Version :
                 ;Date    : 18/12/2021
                 ;Author  :
                 ;Company :
                 ;Comments:
                 ;
                 ;
                 ;Chip type               : ATmega8
                 ;Program type            : Application
                 ;AVR Core Clock frequency: 1/000000 MHz
                 ;Memory model            : Small
                 ;External RAM size       : 0
                 ;Data Stack size         : 256
                 ;*******************************************************/
                 ;
                 ;#include <mega8.h>
                 	#ifndef __SLEEP_DEFINED__
                 	#define __SLEEP_DEFINED__
                 	.EQU __se_bit=0x80
                 	.EQU __sm_mask=0x70
                 	.EQU __sm_powerdown=0x20
                 	.EQU __sm_powersave=0x30
                 	.EQU __sm_standby=0x60
                 	.EQU __sm_ext_standby=0x70
                 	.EQU __sm_adc_noise_red=0x10
                 	.SET power_ctrl_reg=mcucr
                 	#endif
                 ;
                 ;#include <delay.h>
                 ;
                 ;// Alphanumeric LCD functions
                 ;#include <alcd.h>
                 ;#include <stdio.h>
                 ;unsigned int a;
                 ;char s[16];
                 ;
                 ;// Declare your global variables here
                 ;
                 ;// Voltage Reference: AVCC pin
                 ;#define ADC_VREF_TYPE ((0<<REFS1) | (1<<REFS0) | (0<<ADLAR))
                 ;
                 ;// Read the AD conversion result
                 ;unsigned int read_adc(unsigned char adc_input)
                 ; 0000 0029 {
                 
                 	.CSEG
                 _read_adc:
                 ; .FSTART _read_adc
                 ; 0000 002A ADMUX=adc_input | ADC_VREF_TYPE;
00005b 93aa      	ST   -Y,R26
                 ;	adc_input -> Y+0
00005c 81e8      	LD   R30,Y
00005d 64e0      	ORI  R30,0x40
00005e b9e7      	OUT  0x7,R30
                 ; 0000 002B // Delay needed for the stabilization of the ADC input voltage
                 ; 0000 002C delay_us(10);
                +
00005f e083     +LDI R24 , LOW ( 3 )
                +__DELAY_USB_LOOP :
000060 958a     +DEC R24
000061 f7f1     +BRNE __DELAY_USB_LOOP
                 	__DELAY_USB 3
                 ; 0000 002D // Start the AD conversion
                 ; 0000 002E ADCSRA|=(1<<ADSC);
000062 9a36      	SBI  0x6,6
                 ; 0000 002F // Wait for the AD conversion to complete
                 ; 0000 0030 while ((ADCSRA & (1<<ADIF))==0);
                 _0x3:
000063 9b34      	SBIS 0x6,4
000064 cffe      	RJMP _0x3
                 ; 0000 0031 ADCSRA|=(1<<ADIF);
000065 9a34      	SBI  0x6,4
                 ; 0000 0032 return ADCW;
000066 b1e4      	IN   R30,0x4
000067 b1f5      	IN   R31,0x4+1
000068 c0e8      	RJMP _0x2080002
                 ; 0000 0033 }
                 ; .FEND
                 ;
                 ;void main(void)
                 ; 0000 0036 {
                 _main:
                 ; .FSTART _main
                 ; 0000 0037 DDRB.0=1;
000069 9ab8      	SBI  0x17,0
                 ; 0000 0038 // Declare your local variables here
                 ; 0000 0039 
                 ; 0000 003A // Input/Output Ports initialization
                 ; 0000 003B // Port B initialization
                 ; 0000 003C // Function: Bit7=In Bit6=In Bit5=In Bit4=In Bit3=In Bit2=In Bit1=In Bit0=In
                 ; 0000 003D //DDRB=(0<<DDB7) | (0<<DDB6) | (0<<DDB5) | (0<<DDB4) | (0<<DDB3) | (0<<DDB2) | (0<<DDB1) | (0<<DDB0);
                 ; 0000 003E // State: Bit7=T Bit6=T Bit5=T Bit4=T Bit3=T Bit2=T Bit1=T Bit0=T
                 ; 0000 003F //PORTB=(0<<PORTB7) | (0<<PORTB6) | (0<<PORTB5) | (0<<PORTB4) | (0<<PORTB3) | (0<<PORTB2) | (0<<PORTB1) | (0<<PORTB0);
                 ; 0000 0040 
                 ; 0000 0041 // Port C initialization
                 ; 0000 0042 // Function: Bit6=In Bit5=In Bit4=In Bit3=In Bit2=In Bit1=In Bit0=In
                 ; 0000 0043 DDRC=(0<<DDC6) | (0<<DDC5) | (0<<DDC4) | (0<<DDC3) | (0<<DDC2) | (0<<DDC1) | (0<<DDC0);
00006a e0e0      	LDI  R30,LOW(0)
00006b bbe4      	OUT  0x14,R30
                 ; 0000 0044 // State: Bit6=T Bit5=T Bit4=T Bit3=T Bit2=T Bit1=T Bit0=T
                 ; 0000 0045 PORTC=(0<<PORTC6) | (0<<PORTC5) | (0<<PORTC4) | (0<<PORTC3) | (0<<PORTC2) | (0<<PORTC1) | (0<<PORTC0);
00006c bbe5      	OUT  0x15,R30
                 ; 0000 0046 
                 ; 0000 0047 // Port D initialization
                 ; 0000 0048 // Function: Bit7=In Bit6=In Bit5=In Bit4=In Bit3=In Bit2=In Bit1=In Bit0=In
                 ; 0000 0049 DDRD=(0<<DDD7) | (0<<DDD6) | (0<<DDD5) | (0<<DDD4) | (0<<DDD3) | (0<<DDD2) | (0<<DDD1) | (0<<DDD0);
00006d bbe1      	OUT  0x11,R30
                 ; 0000 004A // State: Bit7=T Bit6=T Bit5=T Bit4=T Bit3=T Bit2=T Bit1=T Bit0=T
                 ; 0000 004B PORTD=(0<<PORTD7) | (0<<PORTD6) | (0<<PORTD5) | (0<<PORTD4) | (0<<PORTD3) | (0<<PORTD2) | (0<<PORTD1) | (0<<PORTD0);
00006e bbe2      	OUT  0x12,R30
                 ; 0000 004C 
                 ; 0000 004D // Timer/Counter 0 initialization
                 ; 0000 004E // Clock source: System Clock
                 ; 0000 004F // Clock value: Timer 0 Stopped
                 ; 0000 0050 TCCR0=(0<<CS02) | (0<<CS01) | (0<<CS00);
00006f bfe3      	OUT  0x33,R30
                 ; 0000 0051 TCNT0=0x00;
000070 bfe2      	OUT  0x32,R30
                 ; 0000 0052 
                 ; 0000 0053 // Timer/Counter 1 initialization
                 ; 0000 0054 // Clock source: System Clock
                 ; 0000 0055 // Clock value: Timer1 Stopped
                 ; 0000 0056 // Mode: Normal top=0xFFFF
                 ; 0000 0057 // OC1A output: Disconnected
                 ; 0000 0058 // OC1B output: Disconnected
                 ; 0000 0059 // Noise Canceler: Off
                 ; 0000 005A // Input Capture on Falling Edge
                 ; 0000 005B // Timer1 Overflow Interrupt: Off
                 ; 0000 005C // Input Capture Interrupt: Off
                 ; 0000 005D // Compare A Match Interrupt: Off
                 ; 0000 005E // Compare B Match Interrupt: Off
                 ; 0000 005F TCCR1A=(0<<COM1A1) | (0<<COM1A0) | (0<<COM1B1) | (0<<COM1B0) | (0<<WGM11) | (0<<WGM10);
000071 bdef      	OUT  0x2F,R30
                 ; 0000 0060 TCCR1B=(0<<ICNC1) | (0<<ICES1) | (0<<WGM13) | (0<<WGM12) | (0<<CS12) | (0<<CS11) | (0<<CS10);
000072 bdee      	OUT  0x2E,R30
                 ; 0000 0061 TCNT1H=0x00;
000073 bded      	OUT  0x2D,R30
                 ; 0000 0062 TCNT1L=0x00;
000074 bdec      	OUT  0x2C,R30
                 ; 0000 0063 ICR1H=0x00;
000075 bde7      	OUT  0x27,R30
                 ; 0000 0064 ICR1L=0x00;
000076 bde6      	OUT  0x26,R30
                 ; 0000 0065 OCR1AH=0x00;
000077 bdeb      	OUT  0x2B,R30
                 ; 0000 0066 OCR1AL=0x00;
000078 bdea      	OUT  0x2A,R30
                 ; 0000 0067 OCR1BH=0x00;
000079 bde9      	OUT  0x29,R30
                 ; 0000 0068 OCR1BL=0x00;
00007a bde8      	OUT  0x28,R30
                 ; 0000 0069 
                 ; 0000 006A // Timer/Counter 2 initialization
                 ; 0000 006B // Clock source: System Clock
                 ; 0000 006C // Clock value: Timer2 Stopped
                 ; 0000 006D // Mode: Normal top=0xFF
                 ; 0000 006E // OC2 output: Disconnected
                 ; 0000 006F ASSR=0<<AS2;
00007b bde2      	OUT  0x22,R30
                 ; 0000 0070 TCCR2=(0<<PWM2) | (0<<COM21) | (0<<COM20) | (0<<CTC2) | (0<<CS22) | (0<<CS21) | (0<<CS20);
00007c bde5      	OUT  0x25,R30
                 ; 0000 0071 TCNT2=0x00;
00007d bde4      	OUT  0x24,R30
                 ; 0000 0072 OCR2=0x00;
00007e bde3      	OUT  0x23,R30
                 ; 0000 0073 
                 ; 0000 0074 // Timer(s)/Counter(s) Interrupt(s) initialization
                 ; 0000 0075 TIMSK=(0<<OCIE2) | (0<<TOIE2) | (0<<TICIE1) | (0<<OCIE1A) | (0<<OCIE1B) | (0<<TOIE1) | (0<<TOIE0);
00007f bfe9      	OUT  0x39,R30
                 ; 0000 0076 
                 ; 0000 0077 // External Interrupt(s) initialization
                 ; 0000 0078 // INT0: Off
                 ; 0000 0079 // INT1: Off
                 ; 0000 007A MCUCR=(0<<ISC11) | (0<<ISC10) | (0<<ISC01) | (0<<ISC00);
000080 bfe5      	OUT  0x35,R30
                 ; 0000 007B 
                 ; 0000 007C // USART initialization
                 ; 0000 007D // USART disabled
                 ; 0000 007E UCSRB=(0<<RXCIE) | (0<<TXCIE) | (0<<UDRIE) | (0<<RXEN) | (0<<TXEN) | (0<<UCSZ2) | (0<<RXB8) | (0<<TXB8);
000081 b9ea      	OUT  0xA,R30
                 ; 0000 007F 
                 ; 0000 0080 // Analog Comparator initialization
                 ; 0000 0081 // Analog Comparator: Off
                 ; 0000 0082 // The Analog Comparator's positive input is
                 ; 0000 0083 // connected to the AIN0 pin
                 ; 0000 0084 // The Analog Comparator's negative input is
                 ; 0000 0085 // connected to the AIN1 pin
                 ; 0000 0086 ACSR=(1<<ACD) | (0<<ACBG) | (0<<ACO) | (0<<ACI) | (0<<ACIE) | (0<<ACIC) | (0<<ACIS1) | (0<<ACIS0);
000082 e8e0      	LDI  R30,LOW(128)
000083 b9e8      	OUT  0x8,R30
                 ; 0000 0087 
                 ; 0000 0088 // ADC initialization
                 ; 0000 0089 // ADC Clock frequency: 250/000 kHz
                 ; 0000 008A // ADC Voltage Reference: AVCC pin
                 ; 0000 008B ADMUX=ADC_VREF_TYPE;
000084 e4e0      	LDI  R30,LOW(64)
000085 b9e7      	OUT  0x7,R30
                 ; 0000 008C ADCSRA=(1<<ADEN) | (0<<ADSC) | (0<<ADFR) | (0<<ADIF) | (0<<ADIE) | (0<<ADPS2) | (1<<ADPS1) | (0<<ADPS0);
000086 e8e2      	LDI  R30,LOW(130)
000087 b9e6      	OUT  0x6,R30
                 ; 0000 008D SFIOR=(0<<ACME);
000088 e0e0      	LDI  R30,LOW(0)
000089 bfe0      	OUT  0x30,R30
                 ; 0000 008E 
                 ; 0000 008F // SPI initialization
                 ; 0000 0090 // SPI disabled
                 ; 0000 0091 SPCR=(0<<SPIE) | (0<<SPE) | (0<<DORD) | (0<<MSTR) | (0<<CPOL) | (0<<CPHA) | (0<<SPR1) | (0<<SPR0);
00008a b9ed      	OUT  0xD,R30
                 ; 0000 0092 
                 ; 0000 0093 // TWI initialization
                 ; 0000 0094 // TWI disabled
                 ; 0000 0095 TWCR=(0<<TWEA) | (0<<TWSTA) | (0<<TWSTO) | (0<<TWEN) | (0<<TWIE);
00008b bfe6      	OUT  0x36,R30
                 ; 0000 0096 
                 ; 0000 0097 // Alphanumeric LCD initialization
                 ; 0000 0098 // Connections are specified in the
                 ; 0000 0099 // Project|Configure|C Compiler|Libraries|Alphanumeric LCD menu:
                 ; 0000 009A // RS - PORTD Bit 0
                 ; 0000 009B // RD - PORTD Bit 1
                 ; 0000 009C // EN - PORTD Bit 2
                 ; 0000 009D // D4 - PORTD Bit 4
                 ; 0000 009E // D5 - PORTD Bit 5
                 ; 0000 009F // D6 - PORTD Bit 6
                 ; 0000 00A0 // D7 - PORTD Bit 7
                 ; 0000 00A1 // Characters/line: 16
                 ; 0000 00A2 lcd_init(16);
00008c e1a0      	LDI  R26,LOW(16)
00008d d09d      	RCALL _lcd_init
                 ; 0000 00A3 while (1)
                 _0x8:
                 ; 0000 00A4       {
                 ; 0000 00A5       lcd_clear();
00008e d059      	RCALL _lcd_clear
                 ; 0000 00A6       // Place your code here
                 ; 0000 00A7       a=read_adc(0);
00008f e0a0      	LDI  R26,LOW(0)
000090 dfca      	RCALL _read_adc
000091 012f      	MOVW R4,R30
                 ; 0000 00A8       sprintf(s,"LIGHT:%04d",a);
000092 e6e0      	LDI  R30,LOW(_s)
000093 e0f1      	LDI  R31,HIGH(_s)
000094 d245      	RCALL SUBOPT_0x0
                +
000095 e3e8     +LDI R30 , LOW ( 2 * _0x0 + ( 0 ) )
000096 e0f0     +LDI R31 , HIGH ( 2 * _0x0 + ( 0 ) )
                 	__POINTW1FN _0x0,0
000097 d242      	RCALL SUBOPT_0x0
000098 01f2      	MOVW R30,R4
000099 2766      	CLR  R22
00009a 2777      	CLR  R23
00009b d2a2      	RCALL __PUTPARD1
00009c e084      	LDI  R24,4
00009d d1fb      	RCALL _sprintf
00009e 9628      	ADIW R28,8
                 ; 0000 00A9       lcd_gotoxy(0,0);
00009f d23d      	RCALL SUBOPT_0x1
0000a0 e0a0      	LDI  R26,LOW(0)
0000a1 d039      	RCALL _lcd_gotoxy
                 ; 0000 00AA       lcd_puts(s);
0000a2 e6a0      	LDI  R26,LOW(_s)
0000a3 e0b1      	LDI  R27,HIGH(_s)
0000a4 d065      	RCALL _lcd_puts
                 ; 0000 00AB       if(a>=500)
0000a5 efe4      	LDI  R30,LOW(500)
0000a6 e0f1      	LDI  R31,HIGH(500)
0000a7 164e      	CP   R4,R30
0000a8 065f      	CPC  R5,R31
0000a9 f038      	BRLO _0xB
                 ; 0000 00AC       {
                 ; 0000 00AD 
                 ; 0000 00AE       PORTB.0=0;
0000aa 98c0      	CBI  0x18,0
                 ; 0000 00AF      lcd_gotoxy(0,1);
0000ab d231      	RCALL SUBOPT_0x1
0000ac e0a1      	LDI  R26,LOW(1)
0000ad d02d      	RCALL _lcd_gotoxy
                 ; 0000 00B0        lcd_putsf("LAMP OFF");
                +
0000ae e4a3     +LDI R26 , LOW ( 2 * _0x0 + ( 11 ) )
0000af e0b0     +LDI R27 , HIGH ( 2 * _0x0 + ( 11 ) )
                 	__POINTW2FN _0x0,11
0000b0 d068      	RCALL _lcd_putsf
                 ; 0000 00B1 
                 ; 0000 00B2       }
                 ; 0000 00B3         if(a<=500){
                 _0xB:
0000b1 efe4      	LDI  R30,LOW(500)
0000b2 e0f1      	LDI  R31,HIGH(500)
0000b3 15e4      	CP   R30,R4
0000b4 05f5      	CPC  R31,R5
0000b5 f038      	BRLO _0xE
                 ; 0000 00B4           PORTB.0=1;
0000b6 9ac0      	SBI  0x18,0
                 ; 0000 00B5             lcd_gotoxy(0,1);
0000b7 d225      	RCALL SUBOPT_0x1
0000b8 e0a1      	LDI  R26,LOW(1)
0000b9 d021      	RCALL _lcd_gotoxy
                 ; 0000 00B6               lcd_putsf("LAMP ON");
                +
0000ba e4ac     +LDI R26 , LOW ( 2 * _0x0 + ( 20 ) )
0000bb e0b0     +LDI R27 , HIGH ( 2 * _0x0 + ( 20 ) )
                 	__POINTW2FN _0x0,20
0000bc d05c      	RCALL _lcd_putsf
                 ; 0000 00B7         }
                 ; 0000 00B8       delay_ms(100);
                 _0xE:
0000bd e6a4      	LDI  R26,LOW(100)
0000be d221      	RCALL SUBOPT_0x2
                 ; 0000 00B9 
                 ; 0000 00BA       }
0000bf cfce      	RJMP _0x8
                 ; 0000 00BB }
                 _0x11:
0000c0 cfff      	RJMP _0x11
                 ; .FEND
                 	#ifndef __SLEEP_DEFINED__
                 	#endif
                 
                 	.DSEG
                 
                 	.CSEG
                 __lcd_write_nibble_G100:
                 ; .FSTART __lcd_write_nibble_G100
0000c1 93aa      	ST   -Y,R26
0000c2 b3e2      	IN   R30,0x12
0000c3 70ef      	ANDI R30,LOW(0xF)
0000c4 2fae      	MOV  R26,R30
0000c5 81e8      	LD   R30,Y
0000c6 7fe0      	ANDI R30,LOW(0xF0)
0000c7 2bea      	OR   R30,R26
0000c8 bbe2      	OUT  0x12,R30
0000c9 d218      	RCALL SUBOPT_0x3
0000ca 9a92      	SBI  0x12,2
0000cb d216      	RCALL SUBOPT_0x3
0000cc 9892      	CBI  0x12,2
0000cd d214      	RCALL SUBOPT_0x3
0000ce c082      	RJMP _0x2080002
                 ; .FEND
                 __lcd_write_data:
                 ; .FSTART __lcd_write_data
0000cf 93aa      	ST   -Y,R26
0000d0 81a8      	LD   R26,Y
0000d1 dfef      	RCALL __lcd_write_nibble_G100
0000d2 81e8          ld    r30,y
0000d3 95e2          swap  r30
0000d4 83e8          st    y,r30
0000d5 81a8      	LD   R26,Y
0000d6 dfea      	RCALL __lcd_write_nibble_G100
                +
0000d7 e181     +LDI R24 , LOW ( 17 )
                +__DELAY_USB_LOOP :
0000d8 958a     +DEC R24
0000d9 f7f1     +BRNE __DELAY_USB_LOOP
                 	__DELAY_USB 17
0000da c076      	RJMP _0x2080002
                 ; .FEND
                 _lcd_gotoxy:
                 ; .FSTART _lcd_gotoxy
0000db 93aa      	ST   -Y,R26
0000dc 81e8      	LD   R30,Y
0000dd e0f0      	LDI  R31,0
0000de 59e0      	SUBI R30,LOW(-__base_y_G100)
0000df 4ffe      	SBCI R31,HIGH(-__base_y_G100)
0000e0 81e0      	LD   R30,Z
0000e1 81a9      	LDD  R26,Y+1
0000e2 0fae      	ADD  R26,R30
0000e3 dfeb      	RCALL __lcd_write_data
0000e4 8079      	LDD  R7,Y+1
0000e5 8068      	LDD  R6,Y+0
0000e6 9622      	ADIW R28,2
0000e7 9508      	RET
                 ; .FEND
                 _lcd_clear:
                 ; .FSTART _lcd_clear
0000e8 e0a2      	LDI  R26,LOW(2)
0000e9 dfe5      	RCALL __lcd_write_data
0000ea e0a3      	LDI  R26,LOW(3)
0000eb d1f4      	RCALL SUBOPT_0x2
0000ec e0ac      	LDI  R26,LOW(12)
0000ed dfe1      	RCALL __lcd_write_data
0000ee e0a1      	LDI  R26,LOW(1)
0000ef dfdf      	RCALL __lcd_write_data
0000f0 e0a3      	LDI  R26,LOW(3)
0000f1 d1ee      	RCALL SUBOPT_0x2
0000f2 e0e0      	LDI  R30,LOW(0)
0000f3 2e6e      	MOV  R6,R30
0000f4 2e7e      	MOV  R7,R30
0000f5 9508      	RET
                 ; .FEND
                 _lcd_putchar:
                 ; .FSTART _lcd_putchar
0000f6 93aa      	ST   -Y,R26
0000f7 81a8      	LD   R26,Y
0000f8 30aa      	CPI  R26,LOW(0xA)
0000f9 f011      	BREQ _0x2000005
0000fa 1479      	CP   R7,R9
0000fb f040      	BRLO _0x2000004
                 _0x2000005:
0000fc d1e0      	RCALL SUBOPT_0x1
0000fd 9463      	INC  R6
0000fe 2da6      	MOV  R26,R6
0000ff dfdb      	RCALL _lcd_gotoxy
000100 81a8      	LD   R26,Y
000101 30aa      	CPI  R26,LOW(0xA)
000102 f409      	BRNE _0x2000007
000103 c04d      	RJMP _0x2080002
                 _0x2000007:
                 _0x2000004:
000104 9473      	INC  R7
000105 9a90      	SBI  0x12,0
000106 81a8      	LD   R26,Y
000107 dfc7      	RCALL __lcd_write_data
000108 9890      	CBI  0x12,0
000109 c047      	RJMP _0x2080002
                 ; .FEND
                 _lcd_puts:
                 ; .FSTART _lcd_puts
00010a 93ba      	ST   -Y,R27
00010b 93aa      	ST   -Y,R26
00010c 931a      	ST   -Y,R17
                 _0x2000008:
00010d 81a9      	LDD  R26,Y+1
00010e 81ba      	LDD  R27,Y+1+1
00010f 91ed      	LD   R30,X+
000110 83a9      	STD  Y+1,R26
000111 83ba      	STD  Y+1+1,R27
000112 2f1e      	MOV  R17,R30
000113 30e0      	CPI  R30,0
000114 f019      	BREQ _0x200000A
000115 2fa1      	MOV  R26,R17
000116 dfdf      	RCALL _lcd_putchar
000117 cff5      	RJMP _0x2000008
                 _0x200000A:
000118 c00f      	RJMP _0x2080003
                 ; .FEND
                 _lcd_putsf:
                 ; .FSTART _lcd_putsf
000119 d1cc      	RCALL SUBOPT_0x4
00011a 931a      	ST   -Y,R17
                 _0x200000B:
00011b 81e9      	LDD  R30,Y+1
00011c 81fa      	LDD  R31,Y+1+1
00011d 9631      	ADIW R30,1
00011e 83e9      	STD  Y+1,R30
00011f 83fa      	STD  Y+1+1,R31
000120 9731      	SBIW R30,1
000121 91e4      	LPM  R30,Z
000122 2f1e      	MOV  R17,R30
000123 30e0      	CPI  R30,0
000124 f019      	BREQ _0x200000D
000125 2fa1      	MOV  R26,R17
000126 dfcf      	RCALL _lcd_putchar
000127 cff3      	RJMP _0x200000B
                 _0x200000D:
                 _0x2080003:
000128 8118      	LDD  R17,Y+0
000129 9623      	ADIW R28,3
00012a 9508      	RET
                 ; .FEND
                 _lcd_init:
                 ; .FSTART _lcd_init
00012b 93aa      	ST   -Y,R26
00012c b3e1      	IN   R30,0x11
00012d 6fe0      	ORI  R30,LOW(0xF0)
00012e bbe1      	OUT  0x11,R30
00012f 9a8a      	SBI  0x11,2
000130 9a88      	SBI  0x11,0
000131 9a89      	SBI  0x11,1
000132 9892      	CBI  0x12,2
000133 9890      	CBI  0x12,0
000134 9891      	CBI  0x12,1
000135 8098      	LDD  R9,Y+0
000136 81e8      	LD   R30,Y
000137 58e0      	SUBI R30,-LOW(128)
                +
000138 93e0 0172+STS __base_y_G100 + ( 2 ) , R30
                 	__PUTB1MN __base_y_G100,2
00013a 81e8      	LD   R30,Y
00013b 54e0      	SUBI R30,-LOW(192)
                +
00013c 93e0 0173+STS __base_y_G100 + ( 3 ) , R30
                 	__PUTB1MN __base_y_G100,3
00013e e1a4      	LDI  R26,LOW(20)
00013f d1a0      	RCALL SUBOPT_0x2
000140 d1a8      	RCALL SUBOPT_0x5
000141 d1a7      	RCALL SUBOPT_0x5
000142 d1a6      	RCALL SUBOPT_0x5
000143 e2a0      	LDI  R26,LOW(32)
000144 df7c      	RCALL __lcd_write_nibble_G100
                +
000145 e281     +LDI R24 , LOW ( 33 )
                +__DELAY_USB_LOOP :
000146 958a     +DEC R24
000147 f7f1     +BRNE __DELAY_USB_LOOP
                 	__DELAY_USB 33
000148 e2a8      	LDI  R26,LOW(40)
000149 df85      	RCALL __lcd_write_data
00014a e0a4      	LDI  R26,LOW(4)
00014b df83      	RCALL __lcd_write_data
00014c e8a5      	LDI  R26,LOW(133)
00014d df81      	RCALL __lcd_write_data
00014e e0a6      	LDI  R26,LOW(6)
00014f df7f      	RCALL __lcd_write_data
000150 df97      	RCALL _lcd_clear
                 _0x2080002:
000151 9621      	ADIW R28,1
000152 9508      	RET
                 ; .FEND
                 	#ifndef __SLEEP_DEFINED__
                 	#endif
                 
                 	.CSEG
                 _put_buff_G101:
                 ; .FSTART _put_buff_G101
000153 d192      	RCALL SUBOPT_0x4
000154 d1f2      	RCALL __SAVELOCR2
000155 d199      	RCALL SUBOPT_0x6
000156 9612      	ADIW R26,2
000157 d1de      	RCALL __GETW1P
000158 9730      	SBIW R30,0
000159 f0f1      	BREQ _0x2020010
00015a d194      	RCALL SUBOPT_0x6
00015b d196      	RCALL SUBOPT_0x7
00015c 018f      	MOVW R16,R30
00015d 9730      	SBIW R30,0
00015e f061      	BREQ _0x2020012
                +
00015f 3002     +CPI R16 , LOW ( 2 )
000160 e0e0     +LDI R30 , HIGH ( 2 )
000161 071e     +CPC R17 , R30
                 	__CPWRN 16,17,2
000162 f070      	BRLO _0x2020013
000163 01f8      	MOVW R30,R16
000164 9731      	SBIW R30,1
000165 018f      	MOVW R16,R30
                +
000166 81aa     +LDD R26 , Y + 2
000167 81bb     +LDD R27 , Y + 2 + 1
000168 9614     +ADIW R26 , 4
000169 93ed     +ST X + , R30
00016a 93fc     +ST X , R31
                 	__PUTW1SNS 2,4
                 _0x2020012:
00016b d183      	RCALL SUBOPT_0x6
00016c 9612      	ADIW R26,2
00016d d187      	RCALL SUBOPT_0x8
00016e 9731      	SBIW R30,1
00016f 81ac      	LDD  R26,Y+4
000170 83a0      	STD  Z+0,R26
                 _0x2020013:
000171 d17d      	RCALL SUBOPT_0x6
000172 d1c3      	RCALL __GETW1P
000173 23ff      	TST  R31
000174 f012      	BRMI _0x2020014
000175 d179      	RCALL SUBOPT_0x6
000176 d17e      	RCALL SUBOPT_0x8
                 _0x2020014:
000177 c005      	RJMP _0x2020015
                 _0x2020010:
000178 d176      	RCALL SUBOPT_0x6
000179 efef      	LDI  R30,LOW(65535)
00017a efff      	LDI  R31,HIGH(65535)
00017b 93ed      	ST   X+,R30
00017c 93fc      	ST   X,R31
                 _0x2020015:
00017d d1d0      	RCALL __LOADLOCR2
00017e 9625      	ADIW R28,5
00017f 9508      	RET
                 ; .FEND
                 __print_G101:
                 ; .FSTART __print_G101
000180 d165      	RCALL SUBOPT_0x4
000181 9726      	SBIW R28,6
000182 d1c0      	RCALL __SAVELOCR6
000183 e010      	LDI  R17,0
000184 85ac      	LDD  R26,Y+12
000185 85bd      	LDD  R27,Y+12+1
000186 e0e0      	LDI  R30,LOW(0)
000187 e0f0      	LDI  R31,HIGH(0)
000188 93ed      	ST   X+,R30
000189 93fc      	ST   X,R31
                 _0x2020016:
00018a 89ea      	LDD  R30,Y+18
00018b 89fb      	LDD  R31,Y+18+1
00018c 9631      	ADIW R30,1
00018d 8bea      	STD  Y+18,R30
00018e 8bfb      	STD  Y+18+1,R31
00018f 9731      	SBIW R30,1
000190 91e4      	LPM  R30,Z
000191 2f2e      	MOV  R18,R30
000192 30e0      	CPI  R30,0
000193 f409      	BRNE PC+2
000194 c0fe      	RJMP _0x2020018
000195 2fe1      	MOV  R30,R17
000196 30e0      	CPI  R30,0
000197 f431      	BRNE _0x202001C
000198 3225      	CPI  R18,37
000199 f411      	BRNE _0x202001D
00019a e011      	LDI  R17,LOW(1)
00019b c001      	RJMP _0x202001E
                 _0x202001D:
00019c d15e      	RCALL SUBOPT_0x9
                 _0x202001E:
00019d c0f4      	RJMP _0x202001B
                 _0x202001C:
00019e 30e1      	CPI  R30,LOW(0x1)
00019f f4a1      	BRNE _0x202001F
0001a0 3225      	CPI  R18,37
0001a1 f411      	BRNE _0x2020020
0001a2 d158      	RCALL SUBOPT_0x9
0001a3 c0ed      	RJMP _0x20200CC
                 _0x2020020:
0001a4 e012      	LDI  R17,LOW(2)
0001a5 e040      	LDI  R20,LOW(0)
0001a6 e000      	LDI  R16,LOW(0)
0001a7 322d      	CPI  R18,45
0001a8 f411      	BRNE _0x2020021
0001a9 e001      	LDI  R16,LOW(1)
0001aa c0e7      	RJMP _0x202001B
                 _0x2020021:
0001ab 322b      	CPI  R18,43
0001ac f411      	BRNE _0x2020022
0001ad e24b      	LDI  R20,LOW(43)
0001ae c0e3      	RJMP _0x202001B
                 _0x2020022:
0001af 3220      	CPI  R18,32
0001b0 f411      	BRNE _0x2020023
0001b1 e240      	LDI  R20,LOW(32)
0001b2 c0df      	RJMP _0x202001B
                 _0x2020023:
0001b3 c002      	RJMP _0x2020024
                 _0x202001F:
0001b4 30e2      	CPI  R30,LOW(0x2)
0001b5 f439      	BRNE _0x2020025
                 _0x2020024:
0001b6 e050      	LDI  R21,LOW(0)
0001b7 e013      	LDI  R17,LOW(3)
0001b8 3320      	CPI  R18,48
0001b9 f411      	BRNE _0x2020026
0001ba 6800      	ORI  R16,LOW(128)
0001bb c0d6      	RJMP _0x202001B
                 _0x2020026:
0001bc c003      	RJMP _0x2020027
                 _0x2020025:
0001bd 30e3      	CPI  R30,LOW(0x3)
0001be f009      	BREQ PC+2
0001bf c0d2      	RJMP _0x202001B
                 _0x2020027:
0001c0 3320      	CPI  R18,48
0001c1 f010      	BRLO _0x202002A
0001c2 332a      	CPI  R18,58
0001c3 f008      	BRLO _0x202002B
                 _0x202002A:
0001c4 c007      	RJMP _0x2020029
                 _0x202002B:
0001c5 e0aa      	LDI  R26,LOW(10)
0001c6 9f5a      	MUL  R21,R26
0001c7 2d50      	MOV  R21,R0
0001c8 2fe2      	MOV  R30,R18
0001c9 53e0      	SUBI R30,LOW(48)
0001ca 0f5e      	ADD  R21,R30
0001cb c0c6      	RJMP _0x202001B
                 _0x2020029:
0001cc 2fe2      	MOV  R30,R18
0001cd 36e3      	CPI  R30,LOW(0x63)
0001ce f439      	BRNE _0x202002F
0001cf d132      	RCALL SUBOPT_0xA
0001d0 d134      	RCALL SUBOPT_0xB
0001d1 d130      	RCALL SUBOPT_0xA
0001d2 81a4      	LDD  R26,Z+4
0001d3 93aa      	ST   -Y,R26
0001d4 d134      	RCALL SUBOPT_0xC
0001d5 c0bb      	RJMP _0x2020030
                 _0x202002F:
0001d6 37e3      	CPI  R30,LOW(0x73)
0001d7 f431      	BRNE _0x2020032
0001d8 d136      	RCALL SUBOPT_0xD
0001d9 d137      	RCALL SUBOPT_0xE
0001da d139      	RCALL SUBOPT_0xF
0001db d0e7      	RCALL _strlen
0001dc 2f1e      	MOV  R17,R30
0001dd c008      	RJMP _0x2020033
                 _0x2020032:
0001de 37e0      	CPI  R30,LOW(0x70)
0001df f451      	BRNE _0x2020035
0001e0 d12e      	RCALL SUBOPT_0xD
0001e1 d12f      	RCALL SUBOPT_0xE
0001e2 d131      	RCALL SUBOPT_0xF
0001e3 d0ea      	RCALL _strlenf
0001e4 2f1e      	MOV  R17,R30
0001e5 6008      	ORI  R16,LOW(8)
                 _0x2020033:
0001e6 6002      	ORI  R16,LOW(2)
0001e7 770f      	ANDI R16,LOW(127)
0001e8 e030      	LDI  R19,LOW(0)
0001e9 c02e      	RJMP _0x2020036
                 _0x2020035:
0001ea 36e4      	CPI  R30,LOW(0x64)
0001eb f011      	BREQ _0x2020039
0001ec 36e9      	CPI  R30,LOW(0x69)
0001ed f411      	BRNE _0x202003A
                 _0x2020039:
0001ee 6004      	ORI  R16,LOW(4)
0001ef c002      	RJMP _0x202003B
                 _0x202003A:
0001f0 37e5      	CPI  R30,LOW(0x75)
0001f1 f429      	BRNE _0x202003C
                 _0x202003B:
0001f2 e2e6      	LDI  R30,LOW(_tbl10_G101*2)
0001f3 e0f0      	LDI  R31,HIGH(_tbl10_G101*2)
0001f4 d124      	RCALL SUBOPT_0x10
0001f5 e015      	LDI  R17,LOW(5)
0001f6 c00b      	RJMP _0x202003D
                 _0x202003C:
0001f7 35e8      	CPI  R30,LOW(0x58)
0001f8 f411      	BRNE _0x202003F
0001f9 6008      	ORI  R16,LOW(8)
0001fa c003      	RJMP _0x2020040
                 _0x202003F:
0001fb 37e8      	CPI  R30,LOW(0x78)
0001fc f009      	BREQ PC+2
0001fd c093      	RJMP _0x2020071
                 _0x2020040:
0001fe e3e0      	LDI  R30,LOW(_tbl16_G101*2)
0001ff e0f0      	LDI  R31,HIGH(_tbl16_G101*2)
000200 d118      	RCALL SUBOPT_0x10
000201 e014      	LDI  R17,LOW(4)
                 _0x202003D:
000202 ff02      	SBRS R16,2
000203 c011      	RJMP _0x2020042
000204 d10a      	RCALL SUBOPT_0xD
000205 d10b      	RCALL SUBOPT_0xE
000206 d115      	RCALL SUBOPT_0x11
000207 85ab      	LDD  R26,Y+11
000208 23aa      	TST  R26
000209 f42a      	BRPL _0x2020043
00020a 85ea      	LDD  R30,Y+10
00020b 85fb      	LDD  R31,Y+10+1
00020c d125      	RCALL __ANEGW1
00020d d10e      	RCALL SUBOPT_0x11
00020e e24d      	LDI  R20,LOW(45)
                 _0x2020043:
00020f 3040      	CPI  R20,0
000210 f011      	BREQ _0x2020044
000211 5f1f      	SUBI R17,-LOW(1)
000212 c001      	RJMP _0x2020045
                 _0x2020044:
000213 7f0b      	ANDI R16,LOW(251)
                 _0x2020045:
000214 c003      	RJMP _0x2020046
                 _0x2020042:
000215 d0f9      	RCALL SUBOPT_0xD
000216 d0fa      	RCALL SUBOPT_0xE
000217 d104      	RCALL SUBOPT_0x11
                 _0x2020046:
                 _0x2020036:
000218 fd00      	SBRC R16,0
000219 c010      	RJMP _0x2020047
                 _0x2020048:
00021a 1715      	CP   R17,R21
00021b f470      	BRSH _0x202004A
00021c ff07      	SBRS R16,7
00021d c008      	RJMP _0x202004B
00021e ff02      	SBRS R16,2
00021f c004      	RJMP _0x202004C
000220 7f0b      	ANDI R16,LOW(251)
000221 2f24      	MOV  R18,R20
000222 5011      	SUBI R17,LOW(1)
000223 c001      	RJMP _0x202004D
                 _0x202004C:
000224 e320      	LDI  R18,LOW(48)
                 _0x202004D:
000225 c001      	RJMP _0x202004E
                 _0x202004B:
000226 e220      	LDI  R18,LOW(32)
                 _0x202004E:
000227 d0d3      	RCALL SUBOPT_0x9
000228 5051      	SUBI R21,LOW(1)
000229 cff0      	RJMP _0x2020048
                 _0x202004A:
                 _0x2020047:
00022a 2f31      	MOV  R19,R17
00022b ff01      	SBRS R16,1
00022c c015      	RJMP _0x202004F
                 _0x2020050:
00022d 3030      	CPI  R19,0
00022e f091      	BREQ _0x2020052
00022f ff03      	SBRS R16,3
000230 c005      	RJMP _0x2020053
000231 81ee      	LDD  R30,Y+6
000232 81ff      	LDD  R31,Y+6+1
000233 9125      	LPM  R18,Z+
000234 d0e4      	RCALL SUBOPT_0x10
000235 c005      	RJMP _0x2020054
                 _0x2020053:
000236 81ae      	LDD  R26,Y+6
000237 81bf      	LDD  R27,Y+6+1
000238 912d      	LD   R18,X+
000239 83ae      	STD  Y+6,R26
00023a 83bf      	STD  Y+6+1,R27
                 _0x2020054:
00023b d0bf      	RCALL SUBOPT_0x9
00023c 3050      	CPI  R21,0
00023d f009      	BREQ _0x2020055
00023e 5051      	SUBI R21,LOW(1)
                 _0x2020055:
00023f 5031      	SUBI R19,LOW(1)
000240 cfec      	RJMP _0x2020050
                 _0x2020052:
000241 c046      	RJMP _0x2020056
                 _0x202004F:
                 _0x2020058:
000242 e320      	LDI  R18,LOW(48)
000243 81ee      	LDD  R30,Y+6
000244 81ff      	LDD  R31,Y+6+1
000245 d0f4      	RCALL __GETW1PF
000246 87e8      	STD  Y+8,R30
000247 87f9      	STD  Y+8+1,R31
000248 81ee      	LDD  R30,Y+6
000249 81ff      	LDD  R31,Y+6+1
00024a 9632      	ADIW R30,2
00024b d0cd      	RCALL SUBOPT_0x10
                 _0x202005A:
00024c 85e8      	LDD  R30,Y+8
00024d 85f9      	LDD  R31,Y+8+1
00024e 85aa      	LDD  R26,Y+10
00024f 85bb      	LDD  R27,Y+10+1
000250 17ae      	CP   R26,R30
000251 07bf      	CPC  R27,R31
000252 f048      	BRLO _0x202005C
000253 5f2f      	SUBI R18,-LOW(1)
000254 85a8      	LDD  R26,Y+8
000255 85b9      	LDD  R27,Y+8+1
000256 85ea      	LDD  R30,Y+10
000257 85fb      	LDD  R31,Y+10+1
000258 1bea      	SUB  R30,R26
000259 0bfb      	SBC  R31,R27
00025a d0c1      	RCALL SUBOPT_0x11
00025b cff0      	RJMP _0x202005A
                 _0x202005C:
00025c 332a      	CPI  R18,58
00025d f028      	BRLO _0x202005D
00025e ff03      	SBRS R16,3
00025f c002      	RJMP _0x202005E
000260 5f29      	SUBI R18,-LOW(7)
000261 c001      	RJMP _0x202005F
                 _0x202005E:
000262 5d29      	SUBI R18,-LOW(39)
                 _0x202005F:
                 _0x202005D:
000263 fd04      	SBRC R16,4
000264 c019      	RJMP _0x2020061
000265 3321      	CPI  R18,49
000266 f420      	BRSH _0x2020063
000267 85a8      	LDD  R26,Y+8
000268 85b9      	LDD  R27,Y+8+1
000269 9711      	SBIW R26,1
00026a f409      	BRNE _0x2020062
                 _0x2020063:
00026b c009      	RJMP _0x20200CD
                 _0x2020062:
00026c 1753      	CP   R21,R19
00026d f010      	BRLO _0x2020067
00026e ff00      	SBRS R16,0
00026f c001      	RJMP _0x2020068
                 _0x2020067:
000270 c011      	RJMP _0x2020066
                 _0x2020068:
000271 e220      	LDI  R18,LOW(32)
000272 ff07      	SBRS R16,7
000273 c00a      	RJMP _0x2020069
000274 e320      	LDI  R18,LOW(48)
                 _0x20200CD:
000275 6100      	ORI  R16,LOW(16)
000276 ff02      	SBRS R16,2
000277 c006      	RJMP _0x202006A
000278 7f0b      	ANDI R16,LOW(251)
000279 934a      	ST   -Y,R20
00027a d08e      	RCALL SUBOPT_0xC
00027b 3050      	CPI  R21,0
00027c f009      	BREQ _0x202006B
00027d 5051      	SUBI R21,LOW(1)
                 _0x202006B:
                 _0x202006A:
                 _0x2020069:
                 _0x2020061:
00027e d07c      	RCALL SUBOPT_0x9
00027f 3050      	CPI  R21,0
000280 f009      	BREQ _0x202006C
000281 5051      	SUBI R21,LOW(1)
                 _0x202006C:
                 _0x2020066:
000282 5031      	SUBI R19,LOW(1)
000283 85a8      	LDD  R26,Y+8
000284 85b9      	LDD  R27,Y+8+1
000285 9712      	SBIW R26,2
000286 f008      	BRLO _0x2020059
000287 cfba      	RJMP _0x2020058
                 _0x2020059:
                 _0x2020056:
000288 ff00      	SBRS R16,0
000289 c007      	RJMP _0x202006D
                 _0x202006E:
00028a 3050      	CPI  R21,0
00028b f029      	BREQ _0x2020070
00028c 5051      	SUBI R21,LOW(1)
00028d e2e0      	LDI  R30,LOW(32)
00028e 93ea      	ST   -Y,R30
00028f d079      	RCALL SUBOPT_0xC
000290 cff9      	RJMP _0x202006E
                 _0x2020070:
                 _0x202006D:
                 _0x2020071:
                 _0x2020030:
                 _0x20200CC:
000291 e010      	LDI  R17,LOW(0)
                 _0x202001B:
000292 cef7      	RJMP _0x2020016
                 _0x2020018:
000293 85ac      	LDD  R26,Y+12
000294 85bd      	LDD  R27,Y+12+1
000295 d0a0      	RCALL __GETW1P
000296 d0b3      	RCALL __LOADLOCR6
000297 9664      	ADIW R28,20
000298 9508      	RET
                 ; .FEND
                 _sprintf:
                 ; .FSTART _sprintf
000299 92ff      	PUSH R15
00029a 2ef8      	MOV  R15,R24
00029b 9726      	SBIW R28,6
00029c d0a8      	RCALL __SAVELOCR4
00029d d081      	RCALL SUBOPT_0x12
00029e 9730      	SBIW R30,0
00029f f419      	BRNE _0x2020072
0002a0 efef      	LDI  R30,LOW(65535)
0002a1 efff      	LDI  R31,HIGH(65535)
0002a2 c01c      	RJMP _0x2080001
                 _0x2020072:
0002a3 01de      	MOVW R26,R28
0002a4 9616      	ADIW R26,6
0002a5 d088      	RCALL __ADDW2R15
0002a6 018d      	MOVW R16,R26
0002a7 d077      	RCALL SUBOPT_0x12
0002a8 d070      	RCALL SUBOPT_0x10
0002a9 e0e0      	LDI  R30,LOW(0)
0002aa 87e8      	STD  Y+8,R30
0002ab 87e9      	STD  Y+8+1,R30
0002ac 01de      	MOVW R26,R28
0002ad 961a      	ADIW R26,10
0002ae d07f      	RCALL __ADDW2R15
0002af d086      	RCALL __GETW1P
0002b0 d029      	RCALL SUBOPT_0x0
0002b1 931a      	ST   -Y,R17
0002b2 930a      	ST   -Y,R16
0002b3 e5e3      	LDI  R30,LOW(_put_buff_G101)
0002b4 e0f1      	LDI  R31,HIGH(_put_buff_G101)
0002b5 d024      	RCALL SUBOPT_0x0
0002b6 01de      	MOVW R26,R28
0002b7 961a      	ADIW R26,10
0002b8 dec7      	RCALL __print_G101
0002b9 019f      	MOVW R18,R30
0002ba 81ae      	LDD  R26,Y+6
0002bb 81bf      	LDD  R27,Y+6+1
0002bc e0e0      	LDI  R30,LOW(0)
0002bd 93ec      	ST   X,R30
0002be 01f9      	MOVW R30,R18
                 _0x2080001:
0002bf d08c      	RCALL __LOADLOCR4
0002c0 962a      	ADIW R28,10
0002c1 90ff      	POP  R15
0002c2 9508      	RET
                 ; .FEND
                 
                 	.CSEG
                 
                 	.CSEG
                 _strlen:
                 ; .FSTART _strlen
0002c3 d022      	RCALL SUBOPT_0x4
0002c4 91a9          ld   r26,y+
0002c5 91b9          ld   r27,y+
0002c6 27ee          clr  r30
0002c7 27ff          clr  r31
                 strlen0:
0002c8 916d          ld   r22,x+
0002c9 2366          tst  r22
0002ca f011          breq strlen1
0002cb 9631          adiw r30,1
0002cc cffb          rjmp strlen0
                 strlen1:
0002cd 9508          ret
                 ; .FEND
                 _strlenf:
                 ; .FSTART _strlenf
0002ce d017      	RCALL SUBOPT_0x4
0002cf 27aa          clr  r26
0002d0 27bb          clr  r27
0002d1 91e9          ld   r30,y+
0002d2 91f9          ld   r31,y+
                 strlenf0:
0002d3 9005      	lpm  r0,z+
0002d4 2000          tst  r0
0002d5 f011          breq strlenf1
0002d6 9611          adiw r26,1
0002d7 cffb          rjmp strlenf0
                 strlenf1:
0002d8 01fd          movw r30,r26
0002d9 9508          ret
                 ; .FEND
                 
                 	.DSEG
                 _s:
000160           	.BYTE 0x10
                 __base_y_G100:
000170           	.BYTE 0x4
                 
                 	.CSEG
                 ;OPTIMIZER ADDED SUBROUTINE, CALLED 4 TIMES, CODE SIZE REDUCTION:1 WORDS
                 SUBOPT_0x0:
0002da 93fa      	ST   -Y,R31
0002db 93ea      	ST   -Y,R30
0002dc 9508      	RET
                 
                 ;OPTIMIZER ADDED SUBROUTINE, CALLED 4 TIMES, CODE SIZE REDUCTION:1 WORDS
                 SUBOPT_0x1:
0002dd e0e0      	LDI  R30,LOW(0)
0002de 93ea      	ST   -Y,R30
0002df 9508      	RET
                 
                 ;OPTIMIZER ADDED SUBROUTINE, CALLED 4 TIMES, CODE SIZE REDUCTION:1 WORDS
                 SUBOPT_0x2:
0002e0 e0b0      	LDI  R27,0
0002e1 c042      	RJMP _delay_ms
                 
                 ;OPTIMIZER ADDED SUBROUTINE, CALLED 3 TIMES, CODE SIZE REDUCTION:2 WORDS
                 SUBOPT_0x3:
                +
0002e2 e082     +LDI R24 , LOW ( 2 )
                +__DELAY_USB_LOOP :
0002e3 958a     +DEC R24
0002e4 f7f1     +BRNE __DELAY_USB_LOOP
                 	__DELAY_USB 2
0002e5 9508      	RET
                 
                 ;OPTIMIZER ADDED SUBROUTINE, CALLED 5 TIMES, CODE SIZE REDUCTION:2 WORDS
                 SUBOPT_0x4:
0002e6 93ba      	ST   -Y,R27
0002e7 93aa      	ST   -Y,R26
0002e8 9508      	RET
                 
                 ;OPTIMIZER ADDED SUBROUTINE, CALLED 3 TIMES, CODE SIZE REDUCTION:6 WORDS
                 SUBOPT_0x5:
0002e9 e3a0      	LDI  R26,LOW(48)
0002ea ddd6      	RCALL __lcd_write_nibble_G100
                +
0002eb e281     +LDI R24 , LOW ( 33 )
                +__DELAY_USB_LOOP :
0002ec 958a     +DEC R24
0002ed f7f1     +BRNE __DELAY_USB_LOOP
                 	__DELAY_USB 33
0002ee 9508      	RET
                 
                 ;OPTIMIZER ADDED SUBROUTINE, CALLED 6 TIMES, CODE SIZE REDUCTION:3 WORDS
                 SUBOPT_0x6:
0002ef 81aa      	LDD  R26,Y+2
0002f0 81bb      	LDD  R27,Y+2+1
0002f1 9508      	RET
                 
                 ;OPTIMIZER ADDED SUBROUTINE, CALLED 5 TIMES, CODE SIZE REDUCTION:2 WORDS
                 SUBOPT_0x7:
0002f2 9614      	ADIW R26,4
0002f3 d042      	RCALL __GETW1P
0002f4 9508      	RET
                 
                 ;OPTIMIZER ADDED SUBROUTINE, CALLED 2 TIMES, CODE SIZE REDUCTION:2 WORDS
                 SUBOPT_0x8:
0002f5 91ed      	LD   R30,X+
0002f6 91fd      	LD   R31,X+
0002f7 9631      	ADIW R30,1
0002f8 93fe      	ST   -X,R31
0002f9 93ee      	ST   -X,R30
0002fa 9508      	RET
                 
                 ;OPTIMIZER ADDED SUBROUTINE, CALLED 5 TIMES, CODE SIZE REDUCTION:18 WORDS
                 SUBOPT_0x9:
0002fb 932a      	ST   -Y,R18
0002fc 85ad      	LDD  R26,Y+13
0002fd 85be      	LDD  R27,Y+13+1
0002fe 85ef      	LDD  R30,Y+15
0002ff 89f8      	LDD  R31,Y+15+1
000300 9509      	ICALL
000301 9508      	RET
                 
                 ;OPTIMIZER ADDED SUBROUTINE, CALLED 6 TIMES, CODE SIZE REDUCTION:3 WORDS
                 SUBOPT_0xA:
000302 89e8      	LDD  R30,Y+16
000303 89f9      	LDD  R31,Y+16+1
000304 9508      	RET
                 
                 ;OPTIMIZER ADDED SUBROUTINE, CALLED 5 TIMES, CODE SIZE REDUCTION:6 WORDS
                 SUBOPT_0xB:
000305 9734      	SBIW R30,4
000306 8be8      	STD  Y+16,R30
000307 8bf9      	STD  Y+16+1,R31
000308 9508      	RET
                 
                 ;OPTIMIZER ADDED SUBROUTINE, CALLED 3 TIMES, CODE SIZE REDUCTION:6 WORDS
                 SUBOPT_0xC:
000309 85ad      	LDD  R26,Y+13
00030a 85be      	LDD  R27,Y+13+1
00030b 85ef      	LDD  R30,Y+15
00030c 89f8      	LDD  R31,Y+15+1
00030d 9509      	ICALL
00030e 9508      	RET
                 
                 ;OPTIMIZER ADDED SUBROUTINE, CALLED 4 TIMES, CODE SIZE REDUCTION:1 WORDS
                 SUBOPT_0xD:
00030f dff2      	RCALL SUBOPT_0xA
000310 cff4      	RJMP SUBOPT_0xB
                 
                 ;OPTIMIZER ADDED SUBROUTINE, CALLED 4 TIMES, CODE SIZE REDUCTION:4 WORDS
                 SUBOPT_0xE:
000311 89a8      	LDD  R26,Y+16
000312 89b9      	LDD  R27,Y+16+1
000313 cfde      	RJMP SUBOPT_0x7
                 
                 ;OPTIMIZER ADDED SUBROUTINE, CALLED 2 TIMES, CODE SIZE REDUCTION:1 WORDS
                 SUBOPT_0xF:
000314 83ee      	STD  Y+6,R30
000315 83ff      	STD  Y+6+1,R31
000316 81ae      	LDD  R26,Y+6
000317 81bf      	LDD  R27,Y+6+1
000318 9508      	RET
                 
                 ;OPTIMIZER ADDED SUBROUTINE, CALLED 5 TIMES, CODE SIZE REDUCTION:2 WORDS
                 SUBOPT_0x10:
000319 83ee      	STD  Y+6,R30
00031a 83ff      	STD  Y+6+1,R31
00031b 9508      	RET
                 
                 ;OPTIMIZER ADDED SUBROUTINE, CALLED 4 TIMES, CODE SIZE REDUCTION:1 WORDS
                 SUBOPT_0x11:
00031c 87ea      	STD  Y+10,R30
00031d 87fb      	STD  Y+10+1,R31
00031e 9508      	RET
                 
                 ;OPTIMIZER ADDED SUBROUTINE, CALLED 2 TIMES, CODE SIZE REDUCTION:1 WORDS
                 SUBOPT_0x12:
00031f 01de      	MOVW R26,R28
000320 961c      	ADIW R26,12
000321 d00c      	RCALL __ADDW2R15
000322 d013      	RCALL __GETW1P
000323 9508      	RET
                 
                 
                 	.CSEG
                 _delay_ms:
000324 9610      	adiw r26,0
000325 f039      	breq __delay_ms1
                 __delay_ms0:
                +
000326 ef8a     +LDI R24 , LOW ( 0xFA )
000327 e090     +LDI R25 , HIGH ( 0xFA )
                +__DELAY_USW_LOOP :
000328 9701     +SBIW R24 , 1
000329 f7f1     +BRNE __DELAY_USW_LOOP
                 	__DELAY_USW 0xFA
00032a 95a8      	wdr
00032b 9711      	sbiw r26,1
00032c f7c9      	brne __delay_ms0
                 __delay_ms1:
00032d 9508      	ret
                 
                 __ADDW2R15:
00032e 2400      	CLR  R0
00032f 0daf      	ADD  R26,R15
000330 1db0      	ADC  R27,R0
000331 9508      	RET
                 
                 __ANEGW1:
000332 95f1      	NEG  R31
000333 95e1      	NEG  R30
000334 40f0      	SBCI R31,0
000335 9508      	RET
                 
                 __GETW1P:
000336 91ed      	LD   R30,X+
000337 91fc      	LD   R31,X
000338 9711      	SBIW R26,1
000339 9508      	RET
                 
                 __GETW1PF:
00033a 9005      	LPM  R0,Z+
00033b 91f4      	LPM  R31,Z
00033c 2de0      	MOV  R30,R0
00033d 9508      	RET
                 
                 __PUTPARD1:
00033e 937a      	ST   -Y,R23
00033f 936a      	ST   -Y,R22
000340 93fa      	ST   -Y,R31
000341 93ea      	ST   -Y,R30
000342 9508      	RET
                 
                 __SAVELOCR6:
000343 935a      	ST   -Y,R21
                 __SAVELOCR5:
000344 934a      	ST   -Y,R20
                 __SAVELOCR4:
000345 933a      	ST   -Y,R19
                 __SAVELOCR3:
000346 932a      	ST   -Y,R18
                 __SAVELOCR2:
000347 931a      	ST   -Y,R17
000348 930a      	ST   -Y,R16
000349 9508      	RET
                 
                 __LOADLOCR6:
00034a 815d      	LDD  R21,Y+5
                 __LOADLOCR5:
00034b 814c      	LDD  R20,Y+4
                 __LOADLOCR4:
00034c 813b      	LDD  R19,Y+3
                 __LOADLOCR3:
00034d 812a      	LDD  R18,Y+2
                 __LOADLOCR2:
00034e 8119      	LDD  R17,Y+1
00034f 8108      	LD   R16,Y
000350 9508      	RET
                 
                 ;END OF CODE MARKER
                 __END_OF_CODE:


RESOURCE USE INFORMATION
------------------------

Notice:
The register and instruction counts are symbol table hit counts,
and hence implicitly used resources are not counted, eg, the
'lpm' instruction without operands implicitly uses r0 and z,
none of which are counted.

x,y,z are separate entities in the symbol table and are
counted separately from r26..r31 here.

.dseg memory usage only counts static data declared with .byte

ATmega8 register use summary:
r0 :  11 r1 :   1 r2 :   0 r3 :   0 r4 :   4 r5 :   2 r6 :   4 r7 :   4 
r8 :   0 r9 :   2 r10:   0 r11:   0 r12:   0 r13:   0 r14:   0 r15:   4 
r16:  32 r17:  25 r18:  29 r19:   8 r20:   9 r21:  17 r22:   6 r23:   2 
r24:  21 r25:   3 r26:  96 r27:  30 r28:  14 r29:   1 r30: 182 r31:  52 
x  :  19 y  : 132 z  :  16 
Registers used: 27 out of 35 (77.1%)

ATmega8 instruction use summary:
.lds  :   0 .lds.l:   0 .sts  :   0 .sts.l:   0 adc   :   1 add   :   3 
adiw  :  22 and   :   0 andi  :   6 asr   :   0 bclr  :   0 bld   :   0 
brbc  :   0 brbs  :   0 brcc  :   0 brcs  :   0 break :   0 breq  :  18 
brge  :   0 brhc  :   0 brhs  :   0 brid  :   0 brie  :   0 brlo  :  10 
brlt  :   0 brmi  :   1 brne  :  29 brpl  :   1 brsh  :   2 brtc  :   0 
brts  :   0 brvc  :   0 brvs  :   0 bset  :   0 bst   :   0 cbi   :   6 
cbr   :   0 clc   :   0 clh   :   0 cli   :   1 cln   :   0 clr   :   9 
cls   :   0 clt   :   0 clv   :   0 clz   :   0 com   :   0 cp    :   6 
cpc   :   4 cpi   :  34 cpse  :   0 dec   :   6 des   :   0 eor   :   0 
fmul  :   0 fmuls :   0 fmulsu:   0 icall :   2 ijmp  :   0 in    :   4 
inc   :   2 ld    :  24 ldd   :  65 ldi   :  98 lds   :   0 lpm   :  16 
lsl   :   0 lsr   :   0 mov   :  19 movw  :  16 mul   :   1 muls  :   0 
mulsu :   0 neg   :   2 nop   :   0 or    :   1 ori   :   8 out   :  38 
pop   :   1 push  :   1 rcall : 113 ret   :  33 reti  :   0 rjmp  :  86 
rol   :   0 ror   :   0 sbc   :   1 sbci  :   2 sbi   :   9 sbic  :   0 
sbis  :   1 sbiw  :  18 sbr   :   0 sbrc  :   2 sbrs  :  10 sec   :   0 
seh   :   0 sei   :   0 sen   :   0 ser   :   0 ses   :   0 set   :   0 
sev   :   0 sez   :   0 sleep :   0 spm   :   0 st    :  44 std   :  21 
sts   :   2 sub   :   1 subi  :  16 swap  :   1 tst   :   4 wdr   :   1 

Instructions used: 51 out of 114 (44.7%)

ATmega8 memory use summary [bytes]:
Segment   Begin    End      Code   Data   Used    Size   Use%
---------------------------------------------------------------
[.cseg] 0x000000 0x0006a2   1642     56   1698    8192  20.7%
[.dseg] 0x000060 0x000174      0     20     20    1024   2.0%
[.eseg] 0x000000 0x000000      0      0      0     512   0.0%

Assembly complete, 0 errors, 5 warnings
